<?xml version="1.0" encoding="UTF-8"?>
<testsuite name="MIS Leave Management Activities #10" tests="15" skipped="0" failures="1" errors="0" timestamp="2022-10-13T21:32:48" hostname="GEMPK-200035" time="928.654">
  <properties/>
  <testcase name="Navigate to Leave Management &gt; View Request Status tab &gt; Out Duty/Tour" classname="MIS Leave Management Activities #10" time="51.306"/>
  <testcase name="Verify Date Range field is present for Out Duty/Tour" classname="MIS Leave Management Activities #10" time="51.974"/>
  <testcase name="Enter Invalid Date Range for Out Duty/Tour" classname="MIS Leave Management Activities #10" time="61.566"/>
  <testcase name="Enter Valid Date Range for Out Duty/Tour" classname="MIS Leave Management Activities #10" time="73.798"/>
  <testcase name="Click on Export Options Option for Out Duty/Tour" classname="MIS Leave Management Activities #10" time="61.455"/>
  <testcase name="Click on Print Option for Out Duty/Tour" classname="MIS Leave Management Activities #10" time="70.912"/>
  <testcase name="Click on Copy Option for Out Duty/Tour" classname="MIS Leave Management Activities #10" time="70.67"/>
  <testcase name="Click on Excel Option for Out Duty/Tour" classname="MIS Leave Management Activities #10" time="20.837">
    <failure message="org.junit.ComparisonFailure: expected:&lt;...geminisolutions.com/[]&gt; but was:&lt;...geminisolutions.com/[Dashboard/Index]&gt;" type="org.junit.ComparisonFailure">org.junit.ComparisonFailure: expected:&lt;...geminisolutions.com/[]&gt; but was:&lt;...geminisolutions.com/[Dashboard/Index]&gt;
	at org.junit.Assert.assertEquals(Assert.java:117)
	at org.junit.Assert.assertEquals(Assert.java:146)
	at com.gemini.mis.implementations.LeaveImplementation.verifySuccessfulLogin(LeaveImplementation.java:51)
	at com.gemini.mis.pages.LeaveManagementPage.verifyPage(LeaveManagementPage.java:32)
	at com.gemini.mis.pages.LeaveManagementPage$ByteBuddy$t5I2Wnxw.verifyPage$accessor$Xq3mLmrU(Unknown Source)
	at sun.reflect.GeneratedMethodAccessor27.invoke(Unknown Source)
	at sun.reflect.DelegatingMethodAccessorImpl.invoke(DelegatingMethodAccessorImpl.java:43)
	at java.lang.reflect.Method.invoke(Method.java:498)
	at net.thucydides.core.steps.StepInterceptor.invokeMethod(StepInterceptor.java:504)
	at net.thucydides.core.steps.StepInterceptor.executeTestStepMethod(StepInterceptor.java:484)
	at net.thucydides.core.steps.StepInterceptor.runTestStep(StepInterceptor.java:458)
	at net.thucydides.core.steps.StepInterceptor.runOrSkipMethod(StepInterceptor.java:210)
	at net.thucydides.core.steps.StepInterceptor.testStepResult(StepInterceptor.java:197)
	at net.thucydides.core.steps.StepInterceptor.intercept(StepInterceptor.java:85)
	at net.thucydides.core.steps.ProxyConfiguration$InterceptorDispatcher.intercept(ProxyConfiguration.java:51)
	at com.gemini.mis.pages.LeaveManagementPage$ByteBuddy$t5I2Wnxw.verifyPage(Unknown Source)
	at com.gemini.mis.stepdefinitions.LeaveManagementSteps.userIsOnMISHomePage(LeaveManagementSteps.java:40)
	at ✽.User is on MIS Home Page(file:///C:/Users/ja.multani/IdeaProjects/MISBetaAutomation/src/test/resources/features/ViewRequestOutDuty.feature:92)
</failure>
  </testcase>
  <testcase name="Verify PDF option for Out Duty/Tour" classname="MIS Leave Management Activities #10" time="70.972"/>
  <testcase name="Sort columns for Out Duty/Tour" classname="MIS Leave Management Activities #10" time="72.459"/>
  <testcase name="Enter Out Duty/Tour Period in Search Box for Out Duty/Tour" classname="MIS Leave Management Activities #10" time="54.379"/>
  <testcase name="Verify Data is present for Out Duty/Tour" classname="MIS Leave Management Activities #10" time="53.028"/>
  <testcase name="Click on View button for Out Duty/Tour" classname="MIS Leave Management Activities #10" time="71.352"/>
  <testcase name="Verify Date in View Window for Out Duty/Tour" classname="MIS Leave Management Activities #10" time="71.089"/>
  <testcase name="Search in View Window for Out Duty/Tour" classname="MIS Leave Management Activities #10" time="72.849"/>
  <system-out><![CDATA[]]></system-out>
  <system-err><![CDATA[Starting ChromeDriver 106.0.5249.61 (511755355844955cd3e264779baf0dd38212a4d0-refs/branch-heads/5249@{#569}) on port 22662
Only local connections are allowed.
Please see https://chromedriver.chromium.org/security-considerations for suggestions on keeping ChromeDriver safe.
ChromeDriver was started successfully.
Oct 14, 2022 3:02:49 AM org.openqa.selenium.remote.ProtocolHandshake createSession
INFO: Detected dialect: W3C
Starting ChromeDriver 106.0.5249.61 (511755355844955cd3e264779baf0dd38212a4d0-refs/branch-heads/5249@{#569}) on port 41949
Only local connections are allowed.
Please see https://chromedriver.chromium.org/security-considerations for suggestions on keeping ChromeDriver safe.
ChromeDriver was started successfully.
Oct 14, 2022 3:03:41 AM org.openqa.selenium.remote.ProtocolHandshake createSession
INFO: Detected dialect: W3C
Starting ChromeDriver 106.0.5249.61 (511755355844955cd3e264779baf0dd38212a4d0-refs/branch-heads/5249@{#569}) on port 17164
Only local connections are allowed.
Please see https://chromedriver.chromium.org/security-considerations for suggestions on keeping ChromeDriver safe.
ChromeDriver was started successfully.
Oct 14, 2022 3:04:33 AM org.openqa.selenium.remote.ProtocolHandshake createSession
INFO: Detected dialect: W3C
Starting ChromeDriver 106.0.5249.61 (511755355844955cd3e264779baf0dd38212a4d0-refs/branch-heads/5249@{#569}) on port 26279
Only local connections are allowed.
Please see https://chromedriver.chromium.org/security-considerations for suggestions on keeping ChromeDriver safe.
ChromeDriver was started successfully.
Oct 14, 2022 3:05:36 AM org.openqa.selenium.remote.ProtocolHandshake createSession
INFO: Detected dialect: W3C
Starting ChromeDriver 106.0.5249.61 (511755355844955cd3e264779baf0dd38212a4d0-refs/branch-heads/5249@{#569}) on port 1625
Only local connections are allowed.
Please see https://chromedriver.chromium.org/security-considerations for suggestions on keeping ChromeDriver safe.
ChromeDriver was started successfully.
Oct 14, 2022 3:06:48 AM org.openqa.selenium.remote.ProtocolHandshake createSession
INFO: Detected dialect: W3C
Starting ChromeDriver 106.0.5249.61 (511755355844955cd3e264779baf0dd38212a4d0-refs/branch-heads/5249@{#569}) on port 22136
Only local connections are allowed.
Please see https://chromedriver.chromium.org/security-considerations for suggestions on keeping ChromeDriver safe.
ChromeDriver was started successfully.
Oct 14, 2022 3:07:50 AM org.openqa.selenium.remote.ProtocolHandshake createSession
INFO: Detected dialect: W3C
Starting ChromeDriver 106.0.5249.61 (511755355844955cd3e264779baf0dd38212a4d0-refs/branch-heads/5249@{#569}) on port 26030
Only local connections are allowed.
Please see https://chromedriver.chromium.org/security-considerations for suggestions on keeping ChromeDriver safe.
ChromeDriver was started successfully.
Oct 14, 2022 3:09:01 AM org.openqa.selenium.remote.ProtocolHandshake createSession
INFO: Detected dialect: W3C
Starting ChromeDriver 106.0.5249.61 (511755355844955cd3e264779baf0dd38212a4d0-refs/branch-heads/5249@{#569}) on port 6304
Only local connections are allowed.
Please see https://chromedriver.chromium.org/security-considerations for suggestions on keeping ChromeDriver safe.
ChromeDriver was started successfully.
Oct 14, 2022 3:10:11 AM org.openqa.selenium.remote.ProtocolHandshake createSession
INFO: Detected dialect: W3C
Starting ChromeDriver 106.0.5249.61 (511755355844955cd3e264779baf0dd38212a4d0-refs/branch-heads/5249@{#569}) on port 21005
Only local connections are allowed.
Please see https://chromedriver.chromium.org/security-considerations for suggestions on keeping ChromeDriver safe.
ChromeDriver was started successfully.
Oct 14, 2022 3:10:32 AM org.openqa.selenium.remote.ProtocolHandshake createSession
INFO: Detected dialect: W3C
Starting ChromeDriver 106.0.5249.61 (511755355844955cd3e264779baf0dd38212a4d0-refs/branch-heads/5249@{#569}) on port 40647
Only local connections are allowed.
Please see https://chromedriver.chromium.org/security-considerations for suggestions on keeping ChromeDriver safe.
ChromeDriver was started successfully.
Oct 14, 2022 3:11:43 AM org.openqa.selenium.remote.ProtocolHandshake createSession
INFO: Detected dialect: W3C
Starting ChromeDriver 106.0.5249.61 (511755355844955cd3e264779baf0dd38212a4d0-refs/branch-heads/5249@{#569}) on port 45824
Only local connections are allowed.
Please see https://chromedriver.chromium.org/security-considerations for suggestions on keeping ChromeDriver safe.
ChromeDriver was started successfully.
Oct 14, 2022 3:12:56 AM org.openqa.selenium.remote.ProtocolHandshake createSession
INFO: Detected dialect: W3C
Starting ChromeDriver 106.0.5249.61 (511755355844955cd3e264779baf0dd38212a4d0-refs/branch-heads/5249@{#569}) on port 15999
Only local connections are allowed.
Please see https://chromedriver.chromium.org/security-considerations for suggestions on keeping ChromeDriver safe.
ChromeDriver was started successfully.
Oct 14, 2022 3:13:50 AM org.openqa.selenium.remote.ProtocolHandshake createSession
INFO: Detected dialect: W3C
Starting ChromeDriver 106.0.5249.61 (511755355844955cd3e264779baf0dd38212a4d0-refs/branch-heads/5249@{#569}) on port 25517
Only local connections are allowed.
Please see https://chromedriver.chromium.org/security-considerations for suggestions on keeping ChromeDriver safe.
ChromeDriver was started successfully.
Oct 14, 2022 3:14:43 AM org.openqa.selenium.remote.ProtocolHandshake createSession
INFO: Detected dialect: W3C
Starting ChromeDriver 106.0.5249.61 (511755355844955cd3e264779baf0dd38212a4d0-refs/branch-heads/5249@{#569}) on port 9628
Only local connections are allowed.
Please see https://chromedriver.chromium.org/security-considerations for suggestions on keeping ChromeDriver safe.
ChromeDriver was started successfully.
Oct 14, 2022 3:15:54 AM org.openqa.selenium.remote.ProtocolHandshake createSession
INFO: Detected dialect: W3C
Starting ChromeDriver 106.0.5249.61 (511755355844955cd3e264779baf0dd38212a4d0-refs/branch-heads/5249@{#569}) on port 40573
Only local connections are allowed.
Please see https://chromedriver.chromium.org/security-considerations for suggestions on keeping ChromeDriver safe.
ChromeDriver was started successfully.
Oct 14, 2022 3:17:05 AM org.openqa.selenium.remote.ProtocolHandshake createSession
INFO: Detected dialect: W3C
]]></system-err>
</testsuite>
