<?xml version="1.0" encoding="UTF-8" standalone="no"?><testsuite errors="0" failures="0" name="LNSA" skipped="15" tests="15" time="0.12" timestamp="2022-12-16 10:21:09"><testcase name="Open Apply LNSA Tab"><skipped/></testcase><testcase name="Move to previous date"><skipped/></testcase><testcase name="Move to next date"><skipped/></testcase><testcase name="Select Week Checkbox"><skipped/></testcase><testcase name="Submit LNSA without selecting date"><skipped/></testcase><testcase name="Cancel Submit Window"><skipped/></testcase><testcase name="Submit Blank LNSA"><skipped/></testcase><testcase name="Submit Valid LNSA"><skipped/></testcase><testcase name="Open View Request status Tab"><skipped/></testcase><testcase name="Export Data"><skipped/></testcase><testcase name="Verify number of rows data"><skipped/></testcase><testcase name="Valid Search a LNSA Request"><skipped/></testcase><testcase name="Invalid Search a LNSA Request"><skipped/></testcase><testcase name="Sort the LNSA columns"><skipped/></testcase><testcase name="View Status"><skipped/></testcase></testsuite>