<?xml version="1.0" encoding="UTF-8"?><testsuite errors="0" failures="2" name="MIS Leave Management Activities" skipped="0" tests="3" time="178.01" timestamp="2022-10-13 03:45:35"><testcase name="Click on View button for Out Duty/Tour"/><testcase name="Verify Date in View Window for Out Duty/Tour"><failure message="Unable to verify tab" type="java.lang.AssertionError">Unable to verify tab</failure><system-err>Unable to verify tab&#13;
com.gemini.mis.implementations.LeaveImplementation.verifyTabDisplays(LeaveImplementation.java:228)&#13;
com.gemini.mis.pages.LeaveManagementPage.verifyTabDisplays(LeaveManagementPage.java:60)&#13;
com.gemini.mis.stepdefinitions.LeaveManagementSteps.verifyWindowAppears(LeaveManagementSteps.java:439)&#13;
✽.Verify "Out Duty/Tour Request Detail" Window appears(file:///C:/Users/ja.multani/IdeaProjects/MISAutomation/src/test/resources/features/ViewRequestOutDuty.feature:167)&#13;
</system-err></testcase><testcase name="Search in View Window for Out Duty/Tour"><failure message="Outing date not verified" type="java.lang.AssertionError">Outing date not verified</failure><system-err>Outing date not verified&#13;
com.gemini.mis.implementations.LeaveImplementation.verifyOutingDate(LeaveImplementation.java:861)&#13;
com.gemini.mis.pages.LeaveManagementPage.verifyOutingDate(LeaveManagementPage.java:222)&#13;
com.gemini.mis.stepdefinitions.LeaveManagementSteps.verifyDate(LeaveManagementSteps.java:445)&#13;
✽.Verify "29 Sep 2022" date(file:///C:/Users/ja.multani/IdeaProjects/MISAutomation/src/test/resources/features/ViewRequestOutDuty.feature:182)&#13;
</system-err></testcase></testsuite>