<?xml version="1.0" encoding="UTF-8" standalone="no"?><testsuite errors="0" failures="0" name="Automation of appraisal management screen in beta mis" skipped="16" tests="16" time="0.39" timestamp="2022-12-16 10:21:07"><testcase name="Navigate to add goal page and verify Add goal window"><skipped/></testcase><testcase name="Verify financial year dropdown"><skipped/></testcase><testcase name="Verify link for list of KRAs and KPIs"><skipped/></testcase><testcase name="Add new KPI/KRA mapping in add goal window and validate add KPI button"><skipped/></testcase><testcase name="Verify warning popup appears when KPI/KRA fields are left empty"><skipped/></testcase><testcase name="Verify adding data in each field"><skipped/></testcase><testcase name="Verify Add/Delete of new KPI Row"><skipped/></testcase><testcase name="Verify entry counts"><skipped/></testcase><testcase name="Verify page navigation"><skipped/></testcase><testcase name="verify export button functionality"><skipped/></testcase><testcase name="verify column sorting working or not"><skipped/></testcase><testcase name="Verify searches"><skipped/></testcase><testcase name="check delete with remark and without remark"><skipped/></testcase><testcase name="Submit Goals"><skipped/></testcase><testcase name="click on draft without filling any fields"><skipped/></testcase></testsuite>