<?xml version="1.0" encoding="UTF-8" standalone="no"?><testsuite errors="2" failures="0" name="MIS Leave Management &gt; View Request Status" skipped="0" tests="65" time="5621.62" timestamp="2022-10-15 10:16:08"><testcase name="Navigate to Leave Management &gt; View Request Status tab &gt; Change Request"/><testcase name="Verify Date Range field is present for Change Request"/><testcase name="Enter Invalid Date Range for Change Request"/><testcase name="Enter Valid Date Range for Change Request"/><testcase name="Click on Export Options Option for Change Request"/><testcase name="Click on Print Option for Change Request"/><testcase name="Click on Copy Option for Change Request"><error type="net.serenitybdd.core.exceptions.UnrecognisedException"/><system-err>null&#13;
com.gemini.mis.implementations.LeaveImplementation.clickOn(LeaveImplementation.java:506)&#13;
com.gemini.mis.implementations.LeaveImplementation.navigateToTab(LeaveImplementation.java:156)&#13;
com.gemini.mis.pages.LeaveManagementPage.navigateToTab(LeaveManagementPage.java:62)&#13;
com.gemini.mis.stepdefinitions.LeaveManagementSteps.clickOnTab(LeaveManagementSteps.java:76)&#13;
io.cucumber.java.Invoker.doInvoke(Invoker.java:66)&#13;
io.cucumber.java.Invoker.invoke(Invoker.java:24)&#13;
io.cucumber.java.AbstractGlueDefinition.invokeMethod(AbstractGlueDefinition.java:47)&#13;
io.cucumber.java.JavaStepDefinition.execute(JavaStepDefinition.java:29)&#13;
io.cucumber.core.runner.CoreStepDefinition.execute(CoreStepDefinition.java:66)&#13;
io.cucumber.core.runner.PickleStepDefinitionMatch.runStep(PickleStepDefinitionMatch.java:63)&#13;
io.cucumber.core.runner.TestStep.executeStep(TestStep.java:86)&#13;
io.cucumber.core.runner.TestStep.run(TestStep.java:57)&#13;
io.cucumber.core.runner.PickleStepTestStep.run(PickleStepTestStep.java:51)&#13;
io.cucumber.core.runner.TestCase.run(TestCase.java:95)&#13;
io.cucumber.core.runner.Runner.runPickle(Runner.java:75)&#13;
io.cucumber.core.runtime.CucumberExecutionContext.lambda$runTestCase$3(CucumberExecutionContext.java:151)&#13;
io.cucumber.core.runtime.RethrowingThrowableCollector.executeAndThrow(RethrowingThrowableCollector.java:23)&#13;
io.cucumber.core.runtime.CucumberExecutionContext.runTestCase(CucumberExecutionContext.java:151)&#13;
io.cucumber.junit.FeatureRunner.runChild(FeatureRunner.java:144)&#13;
io.cucumber.junit.FeatureRunner.runChild(FeatureRunner.java:28)&#13;
io.cucumber.junit.FeatureRunner.run(FeatureRunner.java:137)&#13;
io.cucumber.junit.CucumberSerenityRunner.runChild(CucumberSerenityRunner.java:258)&#13;
io.cucumber.junit.CucumberSerenityRunner.runChild(CucumberSerenityRunner.java:58)&#13;
worker.org.gradle.process.internal.worker.GradleWorkerMain.run(GradleWorkerMain.java:69)&#13;
worker.org.gradle.process.internal.worker.GradleWorkerMain.main(GradleWorkerMain.java:74)&#13;
</system-err></testcase><testcase name="Click on Excel Option for Change Request"/><testcase name="Verify PDF option for Change Request"/><testcase name="Navigate to Leave Management &gt; View Request Status tab &gt; Comp Off"/><testcase name="Verify Date Range field is present for Comp Off Tab"/><testcase name="Enter Invalid Date Range for Comp Off Tab"/><testcase name="Enter Valid Date Range for Comp Off Tab"/><testcase name="Click on Export Options Option for Comp Off Tab"/><testcase name="Click on Print Option for Comp Off Tab"/><testcase name="Click on Copy Option for Comp Off Tab"/><testcase name="Click on Excel Option for Comp Off Tab"/><testcase name="Verify PDF option for Comp Off Tab"/><testcase name="Enter Comp Off Period Name in Search Box for Comp Off Tab"/><testcase name="Sort columns for Comp Off Tab"/><testcase name="Expand Details of Comp Off"/><testcase name="Navigate to Leave Management &gt; View Request Status tab &gt; Leave Tab"/><testcase name="Verify Date Range field is present for Leave Tab"/><testcase name="Enter Invalid Date Range for Leave Tab"/><testcase name="Enter Valid Date Range for Leave Tab"/><testcase name="Verify Export Options for Leave Tab"/><testcase name="Click on Print Option for Leave Tab"/><testcase name="Click on Excel Option for Leave Tab"/><testcase name="Click on Copy Option for Leave Tab"/><testcase name="Verify PDF option for Leave Tab"/><testcase name="Verify Number of Entries displayed for Leave Tab"/><testcase name="Enter Leave Period Name in Search Box for Leave Tab"/><testcase name="Sort columns for Leave Tab"/><testcase name="Page Next for Leave Tab"/><testcase name="Page Previous for Leave Tab"/><testcase name="Cancel Leave for Leave Tab"><error message="NettyHttpHandler request execution error" type="java.lang.RuntimeException">NettyHttpHandler request execution error</error><system-err>NettyHttpHandler request execution error&#13;
com.gemini.mis.implementations.LeaveImplementation.clickOn(LeaveImplementation.java:506)&#13;
com.gemini.mis.pages.LeaveManagementPage.clickOnButton(LeaveManagementPage.java:160)&#13;
com.gemini.mis.stepdefinitions.LeaveManagementSteps.clickOnYesButton(LeaveManagementSteps.java:415)&#13;
io.cucumber.java.Invoker.doInvoke(Invoker.java:66)&#13;
io.cucumber.java.Invoker.invoke(Invoker.java:24)&#13;
io.cucumber.java.AbstractGlueDefinition.invokeMethod(AbstractGlueDefinition.java:47)&#13;
io.cucumber.java.JavaStepDefinition.execute(JavaStepDefinition.java:29)&#13;
io.cucumber.core.runner.CoreStepDefinition.execute(CoreStepDefinition.java:66)&#13;
io.cucumber.core.runner.PickleStepDefinitionMatch.runStep(PickleStepDefinitionMatch.java:63)&#13;
io.cucumber.core.runner.TestStep.executeStep(TestStep.java:86)&#13;
io.cucumber.core.runner.TestStep.run(TestStep.java:57)&#13;
io.cucumber.core.runner.PickleStepTestStep.run(PickleStepTestStep.java:51)&#13;
io.cucumber.core.runner.TestCase.run(TestCase.java:95)&#13;
io.cucumber.core.runner.Runner.runPickle(Runner.java:75)&#13;
io.cucumber.core.runtime.CucumberExecutionContext.lambda$runTestCase$3(CucumberExecutionContext.java:151)&#13;
io.cucumber.core.runtime.RethrowingThrowableCollector.executeAndThrow(RethrowingThrowableCollector.java:23)&#13;
io.cucumber.core.runtime.CucumberExecutionContext.runTestCase(CucumberExecutionContext.java:151)&#13;
io.cucumber.junit.FeatureRunner.runChild(FeatureRunner.java:144)&#13;
io.cucumber.junit.FeatureRunner.runChild(FeatureRunner.java:28)&#13;
io.cucumber.junit.FeatureRunner.run(FeatureRunner.java:137)&#13;
io.cucumber.junit.CucumberSerenityRunner.runChild(CucumberSerenityRunner.java:258)&#13;
io.cucumber.junit.CucumberSerenityRunner.runChild(CucumberSerenityRunner.java:58)&#13;
worker.org.gradle.process.internal.worker.GradleWorkerMain.run(GradleWorkerMain.java:69)&#13;
worker.org.gradle.process.internal.worker.GradleWorkerMain.main(GradleWorkerMain.java:74)&#13;
</system-err></testcase><testcase name="Navigate to Leave Management &gt; View Request Status tab &gt; Out Duty/Tour"/><testcase name="Verify Date Range field is present for Out Duty/Tour"/><testcase name="Enter Invalid Date Range for Out Duty/Tour"/><testcase name="Enter Valid Date Range for Out Duty/Tour"/><testcase name="Click on Export Options Option for Out Duty/Tour"/><testcase name="Click on Print Option for Out Duty/Tour"/><testcase name="Click on Copy Option for Out Duty/Tour"/><testcase name="Click on Excel Option for Out Duty/Tour"/><testcase name="Verify PDF option for Out Duty/Tour"/><testcase name="Sort columns for Out Duty/Tour"/><testcase name="Enter Out Duty/Tour Period in Search Box for Out Duty/Tour"/><testcase name="Verify Data is present for Out Duty/Tour"/><testcase name="Click on View button for Out Duty/Tour"/><testcase name="Verify Date in View Window for Out Duty/Tour"/><testcase name="Search in View Window for Out Duty/Tour"/><testcase name="Navigate to Leave Management &gt; View Request Status tab &gt; Work From Home"/><testcase name="Verify Date Range field is present for WFH Tab"/><testcase name="Enter Invalid Date Range for WFH Tab"/><testcase name="Enter Valid Date Range for WFH Tab"/><testcase name="Click on Export Options Option for WFH Tab"/><testcase name="Click on Print Option for WFH Tab"/><testcase name="Click on Copy Option for WFH Tab"/><testcase name="Click on Excel Option for WFH Tab"/><testcase name="Verify PDF option for WFH Tab"/><testcase name="Verify Number of Entries displayed for WFH Tab"/><testcase name="Enter WFH Period Name in Search Box for WFH Tab"/><testcase name="Sort columns for WFH Tab"/><testcase name="Page Next for WFH Tab"/><testcase name="Page Previous for WFH Tab"/></testsuite>