<?xml version="1.0" encoding="UTF-8"?><testsuite errors="0" failures="4" name="NavBar" skipped="0" tests="11" time="347.78" timestamp="2022-10-14 01:44:42"><testcase name="Verify user redirect to landing page when clicking on Gemini logo"/><testcase name="Verify toggle button on dashboard page"/><testcase name="Click on Change AD Password and verify  new tab is open"><failure message="Unable to click: by xpath &gt; By.xpath: //a[contains(text(),'Change AD Password')]" type="java.lang.AssertionError">Unable to click: by xpath &gt; By.xpath: //a[contains(text(),'Change AD Password')]</failure><system-err>Unable to click: by xpath &gt; By.xpath: //a[contains(text(),'Change AD Password')]&#13;
com.gemini.mis.implementations.AccountPortalImplementation.clickOn(AccountPortalImplementation.java:374)&#13;
com.gemini.mis.implementations.AccountPortalImplementation.clickOnElement(AccountPortalImplementation.java:104)&#13;
com.gemini.mis.pages.AccountPortalPage.clickOnElement(AccountPortalPage.java:33)&#13;
com.gemini.mis.stepdefinitions.AccountPortalSteps.clickBtn(AccountPortalSteps.java:25)&#13;
✽.Click on "Change AD password button"(file:///C:/Users/ja.multani/IdeaProjects/MISBetaAutomation/src/test/resources/features/Navbar.feature:24)&#13;
</system-err></testcase><testcase name="Click on profile menu and verify all items are present"/><testcase name="Verify Add skill close button after entering all values"><failure message="button not found, not added in switch cases" type="java.lang.AssertionError">button not found, not added in switch cases</failure><system-err>button not found, not added in switch cases&#13;
com.gemini.mis.implementations.AccountPortalImplementation.clickOnElement(AccountPortalImplementation.java:114)&#13;
com.gemini.mis.pages.AccountPortalPage.clickOnElement(AccountPortalPage.java:33)&#13;
com.gemini.mis.stepdefinitions.AccountPortalSteps.clickBtn(AccountPortalSteps.java:25)&#13;
✽.Click on "Profile button"(file:///C:/Users/ja.multani/IdeaProjects/MISBetaAutomation/src/test/resources/features/Navbar.feature:33)&#13;
</system-err></testcase><testcase name="Verify success/warning message box when adding new/duplicate skills from profile dropdown"><failure type="java.lang.AssertionError"/><system-err>null&#13;
com.gemini.mis.implementations.AccountPortalImplementation.verifyMessageBoxAfterAddingRecord(AccountPortalImplementation.java:345)&#13;
com.gemini.mis.pages.AccountPortalPage.verifyMessageBoxAfterAddingRecord(AccountPortalPage.java:100)&#13;
com.gemini.mis.stepdefinitions.NavBarSteps.verifyMessageBoxAfterAddingRecord(NavBarSteps.java:101)&#13;
✽.Verify "Success" message appear in screen(file:///C:/Users/ja.multani/IdeaProjects/MISBetaAutomation/src/test/resources/features/Navbar.feature:62)&#13;
</system-err></testcase><testcase name="Verify Experience text field on Add new skills window"/><testcase name="Logout to MIS portal"/><testcase name="Verify cars are added on dashboard when updating from dashboard setting"><failure message="All are unchecked" type="java.lang.AssertionError">All are unchecked</failure><system-err>All are unchecked&#13;
com.gemini.mis.implementations.NavBarImplementation.uncheckAndVerifyAllCheckBox(NavBarImplementation.java:197)&#13;
com.gemini.mis.pages.NavBarPage.uncheckAndVerifyAllCheckBox(NavBarPage.java:59)&#13;
com.gemini.mis.stepdefinitions.NavBarSteps.uncheckAndVerifyCheckBox(NavBarSteps.java:79)&#13;
io.cucumber.java.Invoker.doInvoke(Invoker.java:66)&#13;
io.cucumber.java.Invoker.invoke(Invoker.java:24)&#13;
io.cucumber.java.AbstractGlueDefinition.invokeMethod(AbstractGlueDefinition.java:47)&#13;
io.cucumber.java.JavaStepDefinition.execute(JavaStepDefinition.java:29)&#13;
io.cucumber.core.runner.CoreStepDefinition.execute(CoreStepDefinition.java:66)&#13;
io.cucumber.core.runner.PickleStepDefinitionMatch.runStep(PickleStepDefinitionMatch.java:63)&#13;
io.cucumber.core.runner.TestStep.executeStep(TestStep.java:92)&#13;
io.cucumber.core.runner.TestStep.run(TestStep.java:64)&#13;
io.cucumber.core.runner.PickleStepTestStep.run(PickleStepTestStep.java:51)&#13;
io.cucumber.core.runner.TestCase.run(TestCase.java:104)&#13;
io.cucumber.core.runner.Runner.runPickle(Runner.java:73)&#13;
io.cucumber.junit.FeatureRunner.runChild(FeatureRunner.java:135)&#13;
io.cucumber.junit.FeatureRunner.runChild(FeatureRunner.java:27)&#13;
io.cucumber.junit.CucumberSerenityRunner.runChild(CucumberSerenityRunner.java:258)&#13;
io.cucumber.junit.CucumberSerenityRunner.runChild(CucumberSerenityRunner.java:57)&#13;
worker.org.gradle.process.internal.worker.GradleWorkerMain.run(GradleWorkerMain.java:69)&#13;
worker.org.gradle.process.internal.worker.GradleWorkerMain.main(GradleWorkerMain.java:74)&#13;
</system-err></testcase></testsuite>