<?xml version="1.0" encoding="UTF-8"?><testsuite errors="0" failures="2" name="Leave Balance" skipped="0" tests="3" time="55.76" timestamp="2022-10-14 01:40:54"><testcase name="Verify leave Balance card is visible or not"/><testcase name="Click on number of leaves and verify leave history popup window"><failure message="Unable to click: by xpath &gt; By.xpath: //table[@class='tbl-typical text-left']/tbody/tr/td[text()='CL']//following-sibling::td/a" type="java.lang.AssertionError">Unable to click: by xpath &gt; By.xpath: //table[@class='tbl-typical text-left']/tbody/tr/td[text()='CL']//following-sibling::td/a</failure><system-err>Unable to click: by xpath &gt; By.xpath: //table[@class='tbl-typical text-left']/tbody/tr/td[text()='CL']//following-sibling::td/a&#13;
com.gemini.mis.implementations.AccountPortalImplementation.clickOn(AccountPortalImplementation.java:374)&#13;
com.gemini.mis.implementations.NavBarImplementation.clickOnLink(NavBarImplementation.java:211)&#13;
com.gemini.mis.pages.NavBarPage.clickOnLink(NavBarPage.java:67)&#13;
com.gemini.mis.stepdefinitions.LeaveBalanceSteps.navigateToLink(LeaveBalanceSteps.java:49)&#13;
io.cucumber.java.Invoker.doInvoke(Invoker.java:66)&#13;
io.cucumber.java.Invoker.invoke(Invoker.java:24)&#13;
io.cucumber.java.AbstractGlueDefinition.invokeMethod(AbstractGlueDefinition.java:47)&#13;
io.cucumber.java.JavaStepDefinition.execute(JavaStepDefinition.java:29)&#13;
io.cucumber.core.runner.CoreStepDefinition.execute(CoreStepDefinition.java:66)&#13;
io.cucumber.core.runner.PickleStepDefinitionMatch.runStep(PickleStepDefinitionMatch.java:63)&#13;
io.cucumber.core.runner.TestStep.executeStep(TestStep.java:92)&#13;
io.cucumber.core.runner.TestStep.run(TestStep.java:64)&#13;
io.cucumber.core.runner.PickleStepTestStep.run(PickleStepTestStep.java:51)&#13;
io.cucumber.core.runner.TestCase.run(TestCase.java:104)&#13;
io.cucumber.core.runner.Runner.runPickle(Runner.java:73)&#13;
io.cucumber.junit.FeatureRunner.runChild(FeatureRunner.java:135)&#13;
io.cucumber.junit.FeatureRunner.runChild(FeatureRunner.java:27)&#13;
io.cucumber.junit.CucumberSerenityRunner.runChild(CucumberSerenityRunner.java:258)&#13;
io.cucumber.junit.CucumberSerenityRunner.runChild(CucumberSerenityRunner.java:57)&#13;
worker.org.gradle.process.internal.worker.GradleWorkerMain.run(GradleWorkerMain.java:69)&#13;
worker.org.gradle.process.internal.worker.GradleWorkerMain.main(GradleWorkerMain.java:74)&#13;
</system-err></testcase><testcase name="Navigate to leave history window and verify number of records"><failure message="Unable to click: by xpath &gt; By.xpath: //table[@class='tbl-typical text-left']/tbody/tr/td[text()='WFH']//following-sibling::td/a" type="java.lang.AssertionError">Unable to click: by xpath &gt; By.xpath: //table[@class='tbl-typical text-left']/tbody/tr/td[text()='WFH']//following-sibling::td/a</failure><system-err>Unable to click: by xpath &gt; By.xpath: //table[@class='tbl-typical text-left']/tbody/tr/td[text()='WFH']//following-sibling::td/a&#13;
com.gemini.mis.implementations.AccountPortalImplementation.clickOn(AccountPortalImplementation.java:374)&#13;
com.gemini.mis.implementations.NavBarImplementation.clickOnLink(NavBarImplementation.java:211)&#13;
com.gemini.mis.pages.NavBarPage.clickOnLink(NavBarPage.java:67)&#13;
com.gemini.mis.stepdefinitions.LeaveBalanceSteps.navigateToLink(LeaveBalanceSteps.java:49)&#13;
io.cucumber.java.Invoker.doInvoke(Invoker.java:66)&#13;
io.cucumber.java.Invoker.invoke(Invoker.java:24)&#13;
io.cucumber.java.AbstractGlueDefinition.invokeMethod(AbstractGlueDefinition.java:47)&#13;
io.cucumber.java.JavaStepDefinition.execute(JavaStepDefinition.java:29)&#13;
io.cucumber.core.runner.CoreStepDefinition.execute(CoreStepDefinition.java:66)&#13;
io.cucumber.core.runner.PickleStepDefinitionMatch.runStep(PickleStepDefinitionMatch.java:63)&#13;
io.cucumber.core.runner.TestStep.executeStep(TestStep.java:92)&#13;
io.cucumber.core.runner.TestStep.run(TestStep.java:64)&#13;
io.cucumber.core.runner.PickleStepTestStep.run(PickleStepTestStep.java:51)&#13;
io.cucumber.core.runner.TestCase.run(TestCase.java:104)&#13;
io.cucumber.core.runner.Runner.runPickle(Runner.java:73)&#13;
io.cucumber.junit.FeatureRunner.runChild(FeatureRunner.java:135)&#13;
io.cucumber.junit.FeatureRunner.runChild(FeatureRunner.java:27)&#13;
io.cucumber.junit.CucumberSerenityRunner.runChild(CucumberSerenityRunner.java:258)&#13;
io.cucumber.junit.CucumberSerenityRunner.runChild(CucumberSerenityRunner.java:57)&#13;
worker.org.gradle.process.internal.worker.GradleWorkerMain.run(GradleWorkerMain.java:69)&#13;
worker.org.gradle.process.internal.worker.GradleWorkerMain.main(GradleWorkerMain.java:74)&#13;
</system-err></testcase></testsuite>