<?xml version="1.0" encoding="UTF-8" standalone="no"?><testsuite errors="0" failures="0" name="MIS Leave Management Activities &gt; Apply" skipped="0" tests="5" time="392.16" timestamp="2022-12-29 10:41:13"><testcase name="Navigate to Leave Management &gt; Comp Off tab"/><testcase name="Verify Date and Reason are mandatory fields for Comp Off"/><testcase name="Select Date from Comp Off Date dropdown"/><testcase name="Enter Reason for Comp off"/><testcase name="Enter Data and submit Comp off"/></testsuite>