<?xml version="1.0" encoding="UTF-8"?><testsuite errors="1" failures="0" name="MIS Leave Management Activities" skipped="0" tests="4" time="220.24" timestamp="2022-10-13 01:58:50"><testcase name="Navigate to Leave Management &gt; View Request Status tab &gt; Out Duty/Tour"/><testcase name="Click on Export Options Option for Out Duty/Tour"><error message="element click intercepted: Element &lt;span class=&quot;nav-link-in text-green&quot;&gt;...&lt;/span&gt; is not clickable at point (616, 197). Other element would receive the click: &lt;div class=&quot;blockUI blockOverlay&quot; style=&quot;z-index: 1050; border: none; margin: 0px; padding: 0px; width: 100%; height: 100%; top: 0px; left: 0px; background-color: rgb(0, 0, 0); opacity: 0.6; cursor: wait; position: fixed;&quot;&gt;&lt;/div&gt;&#10;  (Session info: chrome=106.0.5249.119)&#10;Build info: version: '4.4.0', revision: 'e5c75ed026a'&#10;System info: host: 'GEMPK-200035', ip: '10.60.1.26', os.name: 'Windows 10', os.arch: 'amd64', os.version: '10.0', java.version: '1.8.0_333'&#10;Driver info: org.openqa.selenium.chrome.ChromeDriver&#10;Command: [dd546c0f9a7b1347a00254d8d20a5c34, clickElement {id=d28692c5-520b-4325-a144-86a7f8107cc5}]&#10;Capabilities {acceptInsecureCerts: false, browserName: chrome, browserVersion: 106.0.5249.119, chrome: {chromedriverVersion: 106.0.5249.61 (511755355844..., userDataDir: C:\Users\JA76C5~1.MUL\AppDa...}, goog:chromeOptions: {debuggerAddress: localhost:64700}, networkConnectionEnabled: false, pageLoadStrategy: normal, platformName: WINDOWS, proxy: Proxy(), se:cdp: ws://localhost:64700/devtoo..., se:cdpVersion: 106.0.5249.119, setWindowRect: true, strictFileInteractability: false, timeouts: {implicit: 0, pageLoad: 300000, script: 30000}, unhandledPromptBehavior: dismiss and notify, webauthn:extension:credBlob: true, webauthn:extension:largeBlob: true, webauthn:virtualAuthenticators: true}&#10;Element: [[ChromeDriver: chrome on WINDOWS (dd546c0f9a7b1347a00254d8d20a5c34)] -&gt; xpath: //span[contains(text(),&quot;Out Duty/Tour&quot;)]]&#10;Session ID: dd546c0f9a7b1347a00254d8d20a5c34&#10;Build info: version: '4.4.0', revision: 'e5c75ed026a'&#10;System info: host: 'GEMPK-200035', ip: '10.60.1.26', os.name: 'Windows 10', os.arch: 'amd64', os.version: '10.0', java.version: '1.8.0_333'&#10;Driver info: driver.version: unknown" type="org.openqa.selenium.ElementClickInterceptedException">element click intercepted: Element &lt;span class="nav-link-in text-green"&gt;...&lt;/span&gt; is not clickable at point (616, 197). Other element would receive the click: &lt;div class="blockUI blockOverlay" style="z-index: 1050; border: none; margin: 0px; padding: 0px; width: 100%; height: 100%; top: 0px; left: 0px; background-color: rgb(0, 0, 0); opacity: 0.6; cursor: wait; position: fixed;"&gt;&lt;/div&gt;
  (Session info: chrome=106.0.5249.119)
Build info: version: '4.4.0', revision: 'e5c75ed026a'
System info: host: 'GEMPK-200035', ip: '10.60.1.26', os.name: 'Windows 10', os.arch: 'amd64', os.version: '10.0', java.version: '1.8.0_333'
Driver info: org.openqa.selenium.chrome.ChromeDriver
Command: [dd546c0f9a7b1347a00254d8d20a5c34, clickElement {id=d28692c5-520b-4325-a144-86a7f8107cc5}]
Capabilities {acceptInsecureCerts: false, browserName: chrome, browserVersion: 106.0.5249.119, chrome: {chromedriverVersion: 106.0.5249.61 (511755355844..., userDataDir: C:\Users\JA76C5~1.MUL\AppDa...}, goog:chromeOptions: {debuggerAddress: localhost:64700}, networkConnectionEnabled: false, pageLoadStrategy: normal, platformName: WINDOWS, proxy: Proxy(), se:cdp: ws://localhost:64700/devtoo..., se:cdpVersion: 106.0.5249.119, setWindowRect: true, strictFileInteractability: false, timeouts: {implicit: 0, pageLoad: 300000, script: 30000}, unhandledPromptBehavior: dismiss and notify, webauthn:extension:credBlob: true, webauthn:extension:largeBlob: true, webauthn:virtualAuthenticators: true}
Element: [[ChromeDriver: chrome on WINDOWS (dd546c0f9a7b1347a00254d8d20a5c34)] -&gt; xpath: //span[contains(text(),"Out Duty/Tour")]]
Session ID: dd546c0f9a7b1347a00254d8d20a5c34
Build info: version: '4.4.0', revision: 'e5c75ed026a'
System info: host: 'GEMPK-200035', ip: '10.60.1.26', os.name: 'Windows 10', os.arch: 'amd64', os.version: '10.0', java.version: '1.8.0_333'
Driver info: driver.version: unknown</error><system-err>element click intercepted: Element &lt;span class="nav-link-in text-green"&gt;...&lt;/span&gt; is not clickable at point (616, 197). Other element would receive the click: &lt;div class="blockUI blockOverlay" style="z-index: 1050; border: none; margin: 0px; padding: 0px; width: 100%; height: 100%; top: 0px; left: 0px; background-color: rgb(0, 0, 0); opacity: 0.6; cursor: wait; position: fixed;"&gt;&lt;/div&gt;
  (Session info: chrome=106.0.5249.119)
Build info: version: '4.4.0', revision: 'e5c75ed026a'
System info: host: 'GEMPK-200035', ip: '10.60.1.26', os.name: 'Windows 10', os.arch: 'amd64', os.version: '10.0', java.version: '1.8.0_333'
Driver info: org.openqa.selenium.chrome.ChromeDriver
Command: [dd546c0f9a7b1347a00254d8d20a5c34, clickElement {id=d28692c5-520b-4325-a144-86a7f8107cc5}]
Capabilities {acceptInsecureCerts: false, browserName: chrome, browserVersion: 106.0.5249.119, chrome: {chromedriverVersion: 106.0.5249.61 (511755355844..., userDataDir: C:\Users\JA76C5~1.MUL\AppDa...}, goog:chromeOptions: {debuggerAddress: localhost:64700}, networkConnectionEnabled: false, pageLoadStrategy: normal, platformName: WINDOWS, proxy: Proxy(), se:cdp: ws://localhost:64700/devtoo..., se:cdpVersion: 106.0.5249.119, setWindowRect: true, strictFileInteractability: false, timeouts: {implicit: 0, pageLoad: 300000, script: 30000}, unhandledPromptBehavior: dismiss and notify, webauthn:extension:credBlob: true, webauthn:extension:largeBlob: true, webauthn:virtualAuthenticators: true}
Element: [[ChromeDriver: chrome on WINDOWS (dd546c0f9a7b1347a00254d8d20a5c34)] -&gt; xpath: //span[contains(text(),"Out Duty/Tour")]]
Session ID: dd546c0f9a7b1347a00254d8d20a5c34
Build info: version: '4.4.0', revision: 'e5c75ed026a'
System info: host: 'GEMPK-200035', ip: '10.60.1.26', os.name: 'Windows 10', os.arch: 'amd64', os.version: '10.0', java.version: '1.8.0_333'
Driver info: driver.version: unknown&#13;
com.gemini.mis.pages.LeaveManagementPage.clickOnSideNavigationOption(LeaveManagementPage.java:47)&#13;
com.gemini.mis.stepdefinitions.LeaveManagementSteps.selectTab(LeaveManagementSteps.java:56)&#13;
✽.Click on "Out Duty/Tour" tab(file:///C:/Users/ja.multani/IdeaProjects/MISAutomation/src/test/resources/features/ViewRequestOutDuty.feature:58)&#13;
</system-err></testcase><testcase name="Click on Excel Option for Out Duty/Tour"/><testcase name="Verify PDF option for Out Duty/Tour"/></testsuite>