<?xml version="1.0" encoding="UTF-8" standalone="no"?><testsuite errors="0" failures="0" name="MIS Leave Management &gt; View Request Status" skipped="65" tests="65" time="0.73" timestamp="2022-12-16 10:21:11"><testcase name="Navigate to Leave Management &gt; View Request Status tab &gt; Change Request"><skipped/></testcase><testcase name="Verify Date Range field is present for Change Request"><skipped/></testcase><testcase name="Enter Invalid Date Range for Change Request"><skipped/></testcase><testcase name="Enter Valid Date Range for Change Request"><skipped/></testcase><testcase name="Click on Export Options Option for Change Request"><skipped/></testcase><testcase name="Click on Print Option for Change Request"><skipped/></testcase><testcase name="Click on Copy Option for Change Request"><skipped/></testcase><testcase name="Click on Excel Option for Change Request"><skipped/></testcase><testcase name="Verify PDF option for Change Request"><skipped/></testcase><testcase name="Navigate to Leave Management &gt; View Request Status tab &gt; Comp Off"><skipped/></testcase><testcase name="Verify Date Range field is present for Comp Off Tab"><skipped/></testcase><testcase name="Enter Invalid Date Range for Comp Off Tab"><skipped/></testcase><testcase name="Enter Valid Date Range for Comp Off Tab"><skipped/></testcase><testcase name="Click on Export Options Option for Comp Off Tab"><skipped/></testcase><testcase name="Click on Print Option for Comp Off Tab"><skipped/></testcase><testcase name="Click on Copy Option for Comp Off Tab"><skipped/></testcase><testcase name="Click on Excel Option for Comp Off Tab"><skipped/></testcase><testcase name="Verify PDF option for Comp Off Tab"><skipped/></testcase><testcase name="Enter Comp Off Period Name in Search Box for Comp Off Tab"><skipped/></testcase><testcase name="Sort columns for Comp Off Tab"><skipped/></testcase><testcase name="Expand Details of Comp Off"><skipped/></testcase><testcase name="Navigate to Leave Management &gt; View Request Status tab &gt; Leave Tab"><skipped/></testcase><testcase name="Verify Date Range field is present for Leave Tab"><skipped/></testcase><testcase name="Enter Invalid Date Range for Leave Tab"><skipped/></testcase><testcase name="Enter Valid Date Range for Leave Tab"><skipped/></testcase><testcase name="Verify Export Options for Leave Tab"><skipped/></testcase><testcase name="Click on Print Option for Leave Tab"><skipped/></testcase><testcase name="Click on Excel Option for Leave Tab"><skipped/></testcase><testcase name="Click on Copy Option for Leave Tab"><skipped/></testcase><testcase name="Verify PDF option for Leave Tab"><skipped/></testcase><testcase name="Verify Number of Entries displayed for Leave Tab"><skipped/></testcase><testcase name="Enter Leave Period Name in Search Box for Leave Tab"><skipped/></testcase><testcase name="Sort columns for Leave Tab"><skipped/></testcase><testcase name="Page Next for Leave Tab"><skipped/></testcase><testcase name="Page Previous for Leave Tab"><skipped/></testcase><testcase name="Cancel Leave for Leave Tab"><skipped/></testcase><testcase name="Navigate to Leave Management &gt; View Request Status tab &gt; Out Duty/Tour"><skipped/></testcase><testcase name="Verify Date Range field is present for Out Duty/Tour"><skipped/></testcase><testcase name="Enter Invalid Date Range for Out Duty/Tour"><skipped/></testcase><testcase name="Enter Valid Date Range for Out Duty/Tour"><skipped/></testcase><testcase name="Click on Export Options Option for Out Duty/Tour"><skipped/></testcase><testcase name="Click on Print Option for Out Duty/Tour"><skipped/></testcase><testcase name="Click on Copy Option for Out Duty/Tour"><skipped/></testcase><testcase name="Click on Excel Option for Out Duty/Tour"><skipped/></testcase><testcase name="Verify PDF option for Out Duty/Tour"><skipped/></testcase><testcase name="Sort columns for Out Duty/Tour"><skipped/></testcase><testcase name="Enter Out Duty/Tour Period in Search Box for Out Duty/Tour"><skipped/></testcase><testcase name="Verify Data is present for Out Duty/Tour"><skipped/></testcase><testcase name="Click on View button for Out Duty/Tour"><skipped/></testcase><testcase name="Verify Date in View Window for Out Duty/Tour"><skipped/></testcase><testcase name="Search in View Window for Out Duty/Tour"><skipped/></testcase><testcase name="Navigate to Leave Management &gt; View Request Status tab &gt; Work From Home"><skipped/></testcase><testcase name="Verify Date Range field is present for WFH Tab"><skipped/></testcase><testcase name="Enter Invalid Date Range for WFH Tab"><skipped/></testcase><testcase name="Enter Valid Date Range for WFH Tab"><skipped/></testcase><testcase name="Click on Export Options Option for WFH Tab"><skipped/></testcase><testcase name="Click on Print Option for WFH Tab"><skipped/></testcase><testcase name="Click on Copy Option for WFH Tab"><skipped/></testcase><testcase name="Click on Excel Option for WFH Tab"><skipped/></testcase><testcase name="Verify PDF option for WFH Tab"><skipped/></testcase><testcase name="Verify Number of Entries displayed for WFH Tab"><skipped/></testcase><testcase name="Enter WFH Period Name in Search Box for WFH Tab"><skipped/></testcase><testcase name="Sort columns for WFH Tab"><skipped/></testcase><testcase name="Page Next for WFH Tab"><skipped/></testcase><testcase name="Page Previous for WFH Tab"><skipped/></testcase></testsuite>