<?xml version="1.0" encoding="UTF-8" standalone="no"?><testsuite errors="0" failures="1" name="LNSA" skipped="0" tests="15" time="441.52" timestamp="2022-10-15 09:11:22"><testcase name="Open Apply LNSA Tab"/><testcase name="Move to previous date"/><testcase name="Move to next date"/><testcase name="Select Week Checkbox"/><testcase name="Submit LNSA without selecting date"/><testcase name="Cancel Submit Window"/><testcase name="Submit Blank LNSA"/><testcase name="Submit Valid LNSA"/><testcase name="Open View Request status Tab"/><testcase name="Export Data"/><testcase name="Verify number of rows data"/><testcase name="Valid Search a LNSA Request"/><testcase name="Invalid Search a LNSA Request"/><testcase name="Sort the LNSA columns"><failure message="Expected Sort Order: descending but Actual Sort Order is: " type="java.lang.AssertionError">Expected Sort Order: descending but Actual Sort Order is: </failure><system-err>Expected Sort Order: descending but Actual Sort Order is: &#13;
com.gemini.mis.implementations.LNSAImplementation.verifyOrder(LNSAImplementation.java:168)&#13;
com.gemini.mis.pages.LNSAPage.verifyOrder(LNSAPage.java:77)&#13;
com.gemini.mis.stepdefinitions.LNSASteps.verifyRowIsInOrder(LNSASteps.java:69)&#13;
io.cucumber.java.Invoker.doInvoke(Invoker.java:66)&#13;
io.cucumber.java.Invoker.invoke(Invoker.java:24)&#13;
io.cucumber.java.AbstractGlueDefinition.invokeMethod(AbstractGlueDefinition.java:47)&#13;
io.cucumber.java.JavaStepDefinition.execute(JavaStepDefinition.java:29)&#13;
io.cucumber.core.runner.CoreStepDefinition.execute(CoreStepDefinition.java:66)&#13;
io.cucumber.core.runner.PickleStepDefinitionMatch.runStep(PickleStepDefinitionMatch.java:63)&#13;
io.cucumber.core.runner.TestStep.executeStep(TestStep.java:86)&#13;
io.cucumber.core.runner.TestStep.run(TestStep.java:57)&#13;
io.cucumber.core.runner.PickleStepTestStep.run(PickleStepTestStep.java:51)&#13;
io.cucumber.core.runner.TestCase.run(TestCase.java:95)&#13;
io.cucumber.core.runner.Runner.runPickle(Runner.java:75)&#13;
io.cucumber.core.runtime.CucumberExecutionContext.lambda$runTestCase$3(CucumberExecutionContext.java:151)&#13;
io.cucumber.core.runtime.RethrowingThrowableCollector.executeAndThrow(RethrowingThrowableCollector.java:23)&#13;
io.cucumber.core.runtime.CucumberExecutionContext.runTestCase(CucumberExecutionContext.java:151)&#13;
io.cucumber.junit.FeatureRunner.runChild(FeatureRunner.java:144)&#13;
io.cucumber.junit.FeatureRunner.runChild(FeatureRunner.java:28)&#13;
io.cucumber.junit.FeatureRunner.run(FeatureRunner.java:137)&#13;
io.cucumber.junit.CucumberSerenityRunner.runChild(CucumberSerenityRunner.java:258)&#13;
io.cucumber.junit.CucumberSerenityRunner.runChild(CucumberSerenityRunner.java:58)&#13;
worker.org.gradle.process.internal.worker.GradleWorkerMain.run(GradleWorkerMain.java:69)&#13;
worker.org.gradle.process.internal.worker.GradleWorkerMain.main(GradleWorkerMain.java:74)&#13;
</system-err></testcase><testcase name="View Status"/></testsuite>