<?xml version="1.0" encoding="UTF-8" standalone="no"?><testsuite errors="0" failures="0" name="NavBar" skipped="12" tests="12" time="0.11" timestamp="2022-12-16 10:21:10"><testcase name="Verify user redirect to landing page when clicking on Gemini logo"><skipped/></testcase><testcase name="Verify toggle button on dashboard page"><skipped/></testcase><testcase name="Click on Change AD Password and verify  new tab is open"><skipped/></testcase><testcase name="Click on profile menu and verify all items are present"><skipped/></testcase><testcase name="Verify Add skill close button after entering all values"><skipped/></testcase><testcase name="Verify success/warning message box when adding new/duplicate skills from profile dropdown"><skipped/></testcase><testcase name="Verify Experience text field on Add new skills window"><skipped/></testcase><testcase name="Logout to MIS portal"><skipped/></testcase><testcase name="Verify cars are added on dashboard when updating from dashboard setting"><skipped/></testcase><testcase name="Verify all cards re appear when checked from dashboard setting"><skipped/></testcase></testsuite>