<?xml version="1.0" encoding="UTF-8" standalone="no"?><testsuite errors="0" failures="3" name="NavBar" skipped="0" tests="12" time="382.13" timestamp="2022-10-15 09:41:50"><testcase name="Verify user redirect to landing page when clicking on Gemini logo"/><testcase name="Verify toggle button on dashboard page"/><testcase name="Click on Change AD Password and verify  new tab is open"><failure type="java.lang.AssertionError"/><system-err>null&#13;
com.gemini.mis.implementations.AccountPortalImplementation.verifyNewWindowTabIsOpen(AccountPortalImplementation.java:124)&#13;
com.gemini.mis.pages.AccountPortalPage.verifyNewWindowTabIsOpen(AccountPortalPage.java:39)&#13;
com.gemini.mis.stepdefinitions.AccountPortalSteps.verifyNewTabOpened(AccountPortalSteps.java:36)&#13;
io.cucumber.java.Invoker.doInvoke(Invoker.java:66)&#13;
io.cucumber.java.Invoker.invoke(Invoker.java:24)&#13;
io.cucumber.java.AbstractGlueDefinition.invokeMethod(AbstractGlueDefinition.java:47)&#13;
io.cucumber.java.JavaStepDefinition.execute(JavaStepDefinition.java:29)&#13;
io.cucumber.core.runner.CoreStepDefinition.execute(CoreStepDefinition.java:66)&#13;
io.cucumber.core.runner.PickleStepDefinitionMatch.runStep(PickleStepDefinitionMatch.java:63)&#13;
io.cucumber.core.runner.TestStep.executeStep(TestStep.java:86)&#13;
io.cucumber.core.runner.TestStep.run(TestStep.java:57)&#13;
io.cucumber.core.runner.PickleStepTestStep.run(PickleStepTestStep.java:51)&#13;
io.cucumber.core.runner.TestCase.run(TestCase.java:95)&#13;
io.cucumber.core.runner.Runner.runPickle(Runner.java:75)&#13;
io.cucumber.core.runtime.CucumberExecutionContext.lambda$runTestCase$3(CucumberExecutionContext.java:151)&#13;
io.cucumber.core.runtime.RethrowingThrowableCollector.executeAndThrow(RethrowingThrowableCollector.java:23)&#13;
io.cucumber.core.runtime.CucumberExecutionContext.runTestCase(CucumberExecutionContext.java:151)&#13;
io.cucumber.junit.FeatureRunner.runChild(FeatureRunner.java:144)&#13;
io.cucumber.junit.FeatureRunner.runChild(FeatureRunner.java:28)&#13;
io.cucumber.junit.FeatureRunner.run(FeatureRunner.java:137)&#13;
io.cucumber.junit.CucumberSerenityRunner.runChild(CucumberSerenityRunner.java:258)&#13;
io.cucumber.junit.CucumberSerenityRunner.runChild(CucumberSerenityRunner.java:58)&#13;
worker.org.gradle.process.internal.worker.GradleWorkerMain.run(GradleWorkerMain.java:69)&#13;
worker.org.gradle.process.internal.worker.GradleWorkerMain.main(GradleWorkerMain.java:74)&#13;
</system-err></testcase><testcase name="Click on profile menu and verify all items are present"/><testcase name="Verify Add skill close button after entering all values"><failure message="button not found, not added in switch cases" type="java.lang.AssertionError">button not found, not added in switch cases</failure><system-err>button not found, not added in switch cases&#13;
com.gemini.mis.implementations.AccountPortalImplementation.clickOnElement(AccountPortalImplementation.java:114)&#13;
com.gemini.mis.pages.AccountPortalPage.clickOnElement(AccountPortalPage.java:33)&#13;
com.gemini.mis.stepdefinitions.AccountPortalSteps.clickBtn(AccountPortalSteps.java:23)&#13;
✽.Click on "Profile button"(file:///C:/Users/ja.multani/Downloads/EJMisProject/mis-training-master/src/test/resources/features/Navbar.feature:33)&#13;
</system-err></testcase><testcase name="Verify success/warning message box when adding new/duplicate skills from profile dropdown"><failure type="java.lang.AssertionError"/><system-err>null&#13;
com.gemini.mis.implementations.AccountPortalImplementation.verifyMessageBoxAfterAddingRecord(AccountPortalImplementation.java:345)&#13;
com.gemini.mis.pages.AccountPortalPage.verifyMessageBoxAfterAddingRecord(AccountPortalPage.java:100)&#13;
com.gemini.mis.stepdefinitions.NavBarSteps.verifyMessageBoxAfterAddingRecord(NavBarSteps.java:101)&#13;
✽.Verify "Success" message appear in screen(file:///C:/Users/ja.multani/Downloads/EJMisProject/mis-training-master/src/test/resources/features/Navbar.feature:62)&#13;
</system-err></testcase><testcase name="Verify Experience text field on Add new skills window"/><testcase name="Logout to MIS portal"/><testcase name="Verify cars are added on dashboard when updating from dashboard setting"/><testcase name="Verify all cards re appear when checked from dashboard setting"/></testsuite>