<?xml version="1.0" encoding="UTF-8" standalone="no"?><testsuite errors="0" failures="0" name="Reimbursement" skipped="14" tests="14" time="0.18" timestamp="2022-12-16 10:21:10"><testcase name="Reimbursement Add new request function"><skipped/></testcase><testcase name="Reimbursement main page validations"><skipped/></testcase><testcase name="Verify if search box is working"><skipped/></testcase><testcase name="Verify if search box is working for no records found"><skipped/></testcase><testcase name="Verify we are able to check if warning pop up is visible"><skipped/></testcase><testcase name="Verify warning for more than one reimbursement in a month"><skipped/></testcase><testcase name="Verify total amount is correct"><skipped/></testcase><testcase name="Validation Pdf export"><skipped/></testcase><testcase name="Validate if are able to navigate back to reimbursement main page"><skipped/></testcase><testcase name="Validation for action button visibility"><skipped/></testcase><testcase name="Validation for cancel button functionality"><skipped/></testcase><testcase name="Reimbursement Add new request function save draft functionality"><skipped/></testcase><testcase name="Verify if Copy functionality is working properly"><skipped/></testcase><testcase name="Verify wrong extension warning pop up is visible"><skipped/></testcase></testsuite>