<?xml version="1.0" encoding="UTF-8"?><testsuite errors="0" failures="1" name="MIS Leave Management Activities" skipped="0" tests="5" time="202.58" timestamp="2022-10-10 04:16:26"><testcase name="Navigate to Leave Management &gt; Comp Off tab"/><testcase name="Verify Date and Reason are mandatory fields"/><testcase name="Select Date from Date dropdown"/><testcase name="Enter Reason for Comp off"><failure message="expected:&lt;...geminisolutions.com/[]&gt; but was:&lt;...geminisolutions.com/[Dashboard/Index]&gt;" type="java.lang.AssertionError">expected:&lt;...geminisolutions.com/[]&gt; but was:&lt;...geminisolutions.com/[Dashboard/Index]&gt;</failure><system-err>expected:&lt;...geminisolutions.com/[]&gt; but was:&lt;...geminisolutions.com/[Dashboard/Index]&gt;&#13;
com.gemini.mis.pages.LeaveManagementPage.verifyPage(LeaveManagementPage.java:48)&#13;
stepDefinitions.LeaveManagementSteps.userIsOnMISHomePage(LeaveManagementSteps.java:72)&#13;
✽.User is on MIS Home Page(file:///C:/Users/ja.multani/IdeaProjects/MISAutomation/src/test/resources/features/ApplyCompOff.feature:42)&#13;
</system-err></testcase><testcase name="Enter Data and submit Comp off"/></testsuite>