<?xml version="1.0" encoding="UTF-8" standalone="no"?><testsuite errors="2" failures="0" name="DashboardReferral" skipped="0" tests="8" time="186.92" timestamp="2022-10-15 08:46:23"><testcase name="Verify if dashboard page is loaded properly and JD window is visible"/><testcase name="Create referral red error field validation"/><testcase name="Validation of referral creation"><error message="invalid argument: File not found : C:\Users\si.porwal\Downloads\gemam.pdf&#10;  (Session info: chrome=106.0.5249.119)&#10;Build info: version: '4.1.4', revision: '535d840ee2'&#10;System info: host: 'GEMPK-200035', ip: '172.20.10.2', os.name: 'Windows 10', os.arch: 'amd64', os.version: '10.0', java.version: '1.8.0_333'&#10;Driver info: org.openqa.selenium.chrome.ChromeDriver&#10;Command: [f4dc79fc1e956c9dc8769c03cb92f4eb, sendKeysToElement {id=5bb778b1-1f0b-42d9-ac51-d5892a925078, value=[Ljava.lang.CharSequence;@1ea2f99a}]&#10;Capabilities {acceptInsecureCerts: false, browserName: chrome, browserVersion: 106.0.5249.119, chrome: {chromedriverVersion: 106.0.5249.61 (511755355844..., userDataDir: C:\Users\JA76C5~1.MUL\AppDa...}, goog:chromeOptions: {debuggerAddress: localhost:50793}, javascriptEnabled: true, networkConnectionEnabled: false, pageLoadStrategy: normal, platform: WINDOWS, platformName: WINDOWS, proxy: Proxy(), se:cdp: ws://localhost:50793/devtoo..., se:cdpVersion: 106.0.5249.119, setWindowRect: true, strictFileInteractability: false, timeouts: {implicit: 0, pageLoad: 300000, script: 30000}, unhandledPromptBehavior: dismiss and notify, webauthn:extension:credBlob: true, webauthn:extension:largeBlob: true, webauthn:virtualAuthenticators: true}&#10;Element: [[ChromeDriver: chrome on WINDOWS (f4dc79fc1e956c9dc8769c03cb92f4eb)] -&gt; xpath: //input[@type='file']]&#10;Session ID: f4dc79fc1e956c9dc8769c03cb92f4eb&#10;Build info: version: '4.1.4', revision: '535d840ee2'&#10;System info: host: 'GEMPK-200035', ip: '172.20.10.2', os.name: 'Windows 10', os.arch: 'amd64', os.version: '10.0', java.version: '1.8.0_333'&#10;Driver info: driver.version: unknown" type="org.openqa.selenium.InvalidArgumentException">invalid argument: File not found : C:\Users\si.porwal\Downloads\gemam.pdf
  (Session info: chrome=106.0.5249.119)
Build info: version: '4.1.4', revision: '535d840ee2'
System info: host: 'GEMPK-200035', ip: '172.20.10.2', os.name: 'Windows 10', os.arch: 'amd64', os.version: '10.0', java.version: '1.8.0_333'
Driver info: org.openqa.selenium.chrome.ChromeDriver
Command: [f4dc79fc1e956c9dc8769c03cb92f4eb, sendKeysToElement {id=5bb778b1-1f0b-42d9-ac51-d5892a925078, value=[Ljava.lang.CharSequence;@1ea2f99a}]
Capabilities {acceptInsecureCerts: false, browserName: chrome, browserVersion: 106.0.5249.119, chrome: {chromedriverVersion: 106.0.5249.61 (511755355844..., userDataDir: C:\Users\JA76C5~1.MUL\AppDa...}, goog:chromeOptions: {debuggerAddress: localhost:50793}, javascriptEnabled: true, networkConnectionEnabled: false, pageLoadStrategy: normal, platform: WINDOWS, platformName: WINDOWS, proxy: Proxy(), se:cdp: ws://localhost:50793/devtoo..., se:cdpVersion: 106.0.5249.119, setWindowRect: true, strictFileInteractability: false, timeouts: {implicit: 0, pageLoad: 300000, script: 30000}, unhandledPromptBehavior: dismiss and notify, webauthn:extension:credBlob: true, webauthn:extension:largeBlob: true, webauthn:virtualAuthenticators: true}
Element: [[ChromeDriver: chrome on WINDOWS (f4dc79fc1e956c9dc8769c03cb92f4eb)] -&gt; xpath: //input[@type='file']]
Session ID: f4dc79fc1e956c9dc8769c03cb92f4eb
Build info: version: '4.1.4', revision: '535d840ee2'
System info: host: 'GEMPK-200035', ip: '172.20.10.2', os.name: 'Windows 10', os.arch: 'amd64', os.version: '10.0', java.version: '1.8.0_333'
Driver info: driver.version: unknown</error><system-err>invalid argument: File not found : C:\Users\si.porwal\Downloads\gemam.pdf
  (Session info: chrome=106.0.5249.119)
Build info: version: '4.1.4', revision: '535d840ee2'
System info: host: 'GEMPK-200035', ip: '172.20.10.2', os.name: 'Windows 10', os.arch: 'amd64', os.version: '10.0', java.version: '1.8.0_333'
Driver info: org.openqa.selenium.chrome.ChromeDriver
Command: [f4dc79fc1e956c9dc8769c03cb92f4eb, sendKeysToElement {id=5bb778b1-1f0b-42d9-ac51-d5892a925078, value=[Ljava.lang.CharSequence;@1ea2f99a}]
Capabilities {acceptInsecureCerts: false, browserName: chrome, browserVersion: 106.0.5249.119, chrome: {chromedriverVersion: 106.0.5249.61 (511755355844..., userDataDir: C:\Users\JA76C5~1.MUL\AppDa...}, goog:chromeOptions: {debuggerAddress: localhost:50793}, javascriptEnabled: true, networkConnectionEnabled: false, pageLoadStrategy: normal, platform: WINDOWS, platformName: WINDOWS, proxy: Proxy(), se:cdp: ws://localhost:50793/devtoo..., se:cdpVersion: 106.0.5249.119, setWindowRect: true, strictFileInteractability: false, timeouts: {implicit: 0, pageLoad: 300000, script: 30000}, unhandledPromptBehavior: dismiss and notify, webauthn:extension:credBlob: true, webauthn:extension:largeBlob: true, webauthn:virtualAuthenticators: true}
Element: [[ChromeDriver: chrome on WINDOWS (f4dc79fc1e956c9dc8769c03cb92f4eb)] -&gt; xpath: //input[@type='file']]
Session ID: f4dc79fc1e956c9dc8769c03cb92f4eb
Build info: version: '4.1.4', revision: '535d840ee2'
System info: host: 'GEMPK-200035', ip: '172.20.10.2', os.name: 'Windows 10', os.arch: 'amd64', os.version: '10.0', java.version: '1.8.0_333'
Driver info: driver.version: unknown&#13;
com.gemini.mis.implementations.DashboardReferralImplementation.createReferral(DashboardReferralImplementation.java:80)&#13;
com.gemini.mis.pages.DashboardReferralPage.createReferral(DashboardReferralPage.java:22)&#13;
com.gemini.mis.stepdefinitions.DashboardReferralStepDefinition.validateReferralCreation(DashboardReferralStepDefinition.java:27)&#13;
✽.Create a referral by filling all the details with "C:\Users\si.porwal\Downloads\gemam.pdf", "sarkant", "sarkant@gmail.com", "8889685002", "Batchmate" and validate is a success(file:///C:/Users/ja.multani/Downloads/EJMisProject/mis-training-master/src/test/resources/features/DashboardRefral.feature:33)&#13;
</system-err></testcase><testcase name="Validation of resume popup in my referral card"/><testcase name="Validation of wrong email popup"/><testcase name="Validation of wrong format upload pop"><error message="invalid argument: File not found : C:\Users\si.porwal\Downloads\LOGOFILE.png&#10;  (Session info: chrome=106.0.5249.119)&#10;Build info: version: '4.1.4', revision: '535d840ee2'&#10;System info: host: 'GEMPK-200035', ip: '172.20.10.2', os.name: 'Windows 10', os.arch: 'amd64', os.version: '10.0', java.version: '1.8.0_333'&#10;Driver info: org.openqa.selenium.chrome.ChromeDriver&#10;Command: [f21bf66bea4429a4198f8d4df795fc56, sendKeysToElement {id=aef88324-cf15-4a55-a7d7-e2ed5ee71343, value=[Ljava.lang.CharSequence;@7495c170}]&#10;Capabilities {acceptInsecureCerts: false, browserName: chrome, browserVersion: 106.0.5249.119, chrome: {chromedriverVersion: 106.0.5249.61 (511755355844..., userDataDir: C:\Users\JA76C5~1.MUL\AppDa...}, goog:chromeOptions: {debuggerAddress: localhost:50895}, javascriptEnabled: true, networkConnectionEnabled: false, pageLoadStrategy: normal, platform: WINDOWS, platformName: WINDOWS, proxy: Proxy(), se:cdp: ws://localhost:50895/devtoo..., se:cdpVersion: 106.0.5249.119, setWindowRect: true, strictFileInteractability: false, timeouts: {implicit: 0, pageLoad: 300000, script: 30000}, unhandledPromptBehavior: dismiss and notify, webauthn:extension:credBlob: true, webauthn:extension:largeBlob: true, webauthn:virtualAuthenticators: true}&#10;Element: [[ChromeDriver: chrome on WINDOWS (f21bf66bea4429a4198f8d4df795fc56)] -&gt; xpath: //input[@type='file']]&#10;Session ID: f21bf66bea4429a4198f8d4df795fc56&#10;Build info: version: '4.1.4', revision: '535d840ee2'&#10;System info: host: 'GEMPK-200035', ip: '172.20.10.2', os.name: 'Windows 10', os.arch: 'amd64', os.version: '10.0', java.version: '1.8.0_333'&#10;Driver info: driver.version: unknown" type="org.openqa.selenium.InvalidArgumentException">invalid argument: File not found : C:\Users\si.porwal\Downloads\LOGOFILE.png
  (Session info: chrome=106.0.5249.119)
Build info: version: '4.1.4', revision: '535d840ee2'
System info: host: 'GEMPK-200035', ip: '172.20.10.2', os.name: 'Windows 10', os.arch: 'amd64', os.version: '10.0', java.version: '1.8.0_333'
Driver info: org.openqa.selenium.chrome.ChromeDriver
Command: [f21bf66bea4429a4198f8d4df795fc56, sendKeysToElement {id=aef88324-cf15-4a55-a7d7-e2ed5ee71343, value=[Ljava.lang.CharSequence;@7495c170}]
Capabilities {acceptInsecureCerts: false, browserName: chrome, browserVersion: 106.0.5249.119, chrome: {chromedriverVersion: 106.0.5249.61 (511755355844..., userDataDir: C:\Users\JA76C5~1.MUL\AppDa...}, goog:chromeOptions: {debuggerAddress: localhost:50895}, javascriptEnabled: true, networkConnectionEnabled: false, pageLoadStrategy: normal, platform: WINDOWS, platformName: WINDOWS, proxy: Proxy(), se:cdp: ws://localhost:50895/devtoo..., se:cdpVersion: 106.0.5249.119, setWindowRect: true, strictFileInteractability: false, timeouts: {implicit: 0, pageLoad: 300000, script: 30000}, unhandledPromptBehavior: dismiss and notify, webauthn:extension:credBlob: true, webauthn:extension:largeBlob: true, webauthn:virtualAuthenticators: true}
Element: [[ChromeDriver: chrome on WINDOWS (f21bf66bea4429a4198f8d4df795fc56)] -&gt; xpath: //input[@type='file']]
Session ID: f21bf66bea4429a4198f8d4df795fc56
Build info: version: '4.1.4', revision: '535d840ee2'
System info: host: 'GEMPK-200035', ip: '172.20.10.2', os.name: 'Windows 10', os.arch: 'amd64', os.version: '10.0', java.version: '1.8.0_333'
Driver info: driver.version: unknown</error><system-err>invalid argument: File not found : C:\Users\si.porwal\Downloads\LOGOFILE.png
  (Session info: chrome=106.0.5249.119)
Build info: version: '4.1.4', revision: '535d840ee2'
System info: host: 'GEMPK-200035', ip: '172.20.10.2', os.name: 'Windows 10', os.arch: 'amd64', os.version: '10.0', java.version: '1.8.0_333'
Driver info: org.openqa.selenium.chrome.ChromeDriver
Command: [f21bf66bea4429a4198f8d4df795fc56, sendKeysToElement {id=aef88324-cf15-4a55-a7d7-e2ed5ee71343, value=[Ljava.lang.CharSequence;@7495c170}]
Capabilities {acceptInsecureCerts: false, browserName: chrome, browserVersion: 106.0.5249.119, chrome: {chromedriverVersion: 106.0.5249.61 (511755355844..., userDataDir: C:\Users\JA76C5~1.MUL\AppDa...}, goog:chromeOptions: {debuggerAddress: localhost:50895}, javascriptEnabled: true, networkConnectionEnabled: false, pageLoadStrategy: normal, platform: WINDOWS, platformName: WINDOWS, proxy: Proxy(), se:cdp: ws://localhost:50895/devtoo..., se:cdpVersion: 106.0.5249.119, setWindowRect: true, strictFileInteractability: false, timeouts: {implicit: 0, pageLoad: 300000, script: 30000}, unhandledPromptBehavior: dismiss and notify, webauthn:extension:credBlob: true, webauthn:extension:largeBlob: true, webauthn:virtualAuthenticators: true}
Element: [[ChromeDriver: chrome on WINDOWS (f21bf66bea4429a4198f8d4df795fc56)] -&gt; xpath: //input[@type='file']]
Session ID: f21bf66bea4429a4198f8d4df795fc56
Build info: version: '4.1.4', revision: '535d840ee2'
System info: host: 'GEMPK-200035', ip: '172.20.10.2', os.name: 'Windows 10', os.arch: 'amd64', os.version: '10.0', java.version: '1.8.0_333'
Driver info: driver.version: unknown&#13;
com.gemini.mis.implementations.DashboardReferralImplementation.warningWrongFormat(DashboardReferralImplementation.java:140)&#13;
com.gemini.mis.pages.DashboardReferralPage.warningWrongFormat(DashboardReferralPage.java:38)&#13;
com.gemini.mis.stepdefinitions.DashboardReferralStepDefinition.verifyWrongUploadPopup(DashboardReferralStepDefinition.java:46)&#13;
✽.Validate Wrong format "C:\Users\si.porwal\Downloads\LOGOFILE.png" upload popup(file:///C:/Users/ja.multani/Downloads/EJMisProject/mis-training-master/src/test/resources/features/DashboardRefral.feature:59)&#13;
</system-err></testcase><testcase name="Validation of FAQ pdf visibility"/><testcase name="Validation of manual pdf visibility"/></testsuite>