<?xml version="1.0" encoding="UTF-8" standalone="no"?><testsuite errors="0" failures="1" name="MIS Leave Management &gt; View Request Status" skipped="0" tests="14" time="934.0" timestamp="2022-12-29 10:18:07"><testcase name="Navigate to Leave Management &gt; View Request Status tab &gt; Work From Home"/><testcase name="Verify Date Range field is present for WFH Tab"/><testcase name="Enter Invalid Date Range for WFH Tab"/><testcase name="Enter Valid Date Range for WFH Tab"/><testcase name="Click on Export Options Option for WFH Tab"/><testcase name="Click on Print Option for WFH Tab"/><testcase name="Click on Copy Option for WFH Tab"/><testcase name="Click on Excel Option for WFH Tab"/><testcase name="Verify PDF option for WFH Tab"/><testcase name="Verify Number of Entries displayed for WFH Tab"/><testcase name="Enter WFH Period Name in Search Box for WFH Tab"><failure message="Unable to filter" type="java.lang.AssertionError">Unable to filter</failure><system-err>Unable to filter&#13;
com.gemini.mis.implementations.LeaveImplementation.verifyResult(LeaveImplementation.java:453)&#13;
com.gemini.mis.pages.LeaveManagementPage.verifyResult(LeaveManagementPage.java:150)&#13;
com.gemini.mis.stepdefinitions.LeaveManagementSteps.verifyPeriodIsFilteredForTab(LeaveManagementSteps.java:294)&#13;
✽.Verify "27-Sep-2022" Period is filtered for "WFH" tab(file:///C:/Users/ta.agarwal/Desktop/MISAutomation/src/test/resources/features/ViewRequestWFH.feature:136)&#13;
</system-err></testcase><testcase name="Sort columns for WFH Tab"/><testcase name="Page Next for WFH Tab"/><testcase name="Page Previous for WFH Tab"/></testsuite>