<?xml version="1.0" encoding="UTF-8" standalone="no"?><testsuite errors="0" failures="0" name="MIS Leave Management Activities &gt; Apply" skipped="0" tests="5" time="291.97" timestamp="2022-12-29 03:17:10"><testcase name="Verify Total Working Days tooltip from Leave Tab"/><testcase name="Choose leave for half day option from Leave tab"/><testcase name="Choose leave type"/><testcase name="Choose Availability for Leave"/><testcase name="Enter required data and click on Submit leave"/></testsuite>