<?xml version="1.0" encoding="UTF-8"?><testsuite errors="5" failures="2" name="MIS Leave Management Activities" skipped="0" tests="101" time="7362.28" timestamp="2022-10-14 12:58:49"><testcase name="Navigate to Leave Management &gt; Comp Off tab"/><testcase name="Verify Date and Reason are mandatory fields for Comp Off"/><testcase name="Select Date from Comp Off Date dropdown"/><testcase name="Enter Reason for Comp off"/><testcase name="Enter Data and submit Comp off"><error message="no such element: Unable to locate element: {&quot;method&quot;:&quot;xpath&quot;,&quot;selector&quot;:&quot;//div[@class='sweet-alert showSweetAlert visible ']/p&quot;}&#10;  (Session info: chrome=106.0.5249.119)&#10;For documentation on this error, please visit: https://www.seleniumhq.org/exceptions/no_such_element.html&#10;Build info: version: '3.141.59', revision: 'e82be7d358', time: '2018-11-14T08:17:03'&#10;System info: host: 'GEMPK-200035', ip: '172.20.10.2', os.name: 'Windows 10', os.arch: 'amd64', os.version: '10.0', java.version: '1.8.0_333'&#10;Driver info: org.openqa.selenium.chrome.ChromeDriver&#10;Capabilities {acceptInsecureCerts: false, browserName: chrome, browserVersion: 106.0.5249.119, chrome: {chromedriverVersion: 106.0.5249.61 (511755355844..., userDataDir: C:\Users\JA76C5~1.MUL\AppDa...}, goog:chromeOptions: {debuggerAddress: localhost:56936}, javascriptEnabled: true, networkConnectionEnabled: false, pageLoadStrategy: normal, platform: WINDOWS, platformName: WINDOWS, proxy: Proxy(), setWindowRect: true, strictFileInteractability: false, timeouts: {implicit: 0, pageLoad: 300000, script: 30000}, unhandledPromptBehavior: dismiss and notify, webauthn:extension:credBlob: true, webauthn:extension:largeBlob: true, webauthn:virtualAuthenticators: true}&#10;Session ID: b67ec05dc32303eb52475932aaa9f119&#10;*** Element info: {Using=xpath, value=//div[@class='sweet-alert showSweetAlert visible ']/p}&#10;For documentation on this error, please visit: https://www.seleniumhq.org/exceptions/no_such_element.html&#10;Build info: version: '3.141.59', revision: 'e82be7d358', time: '2018-11-14T08:17:03'&#10;System info: host: 'GEMPK-200035', ip: '172.20.10.2', os.name: 'Windows 10', os.arch: 'amd64', os.version: '10.0', java.version: '1.8.0_333'&#10;Driver info: driver.version: unknown" type="org.openqa.selenium.NoSuchElementException">no such element: Unable to locate element: {"method":"xpath","selector":"//div[@class='sweet-alert showSweetAlert visible ']/p"}
  (Session info: chrome=106.0.5249.119)
For documentation on this error, please visit: https://www.seleniumhq.org/exceptions/no_such_element.html
Build info: version: '3.141.59', revision: 'e82be7d358', time: '2018-11-14T08:17:03'
System info: host: 'GEMPK-200035', ip: '172.20.10.2', os.name: 'Windows 10', os.arch: 'amd64', os.version: '10.0', java.version: '1.8.0_333'
Driver info: org.openqa.selenium.chrome.ChromeDriver
Capabilities {acceptInsecureCerts: false, browserName: chrome, browserVersion: 106.0.5249.119, chrome: {chromedriverVersion: 106.0.5249.61 (511755355844..., userDataDir: C:\Users\JA76C5~1.MUL\AppDa...}, goog:chromeOptions: {debuggerAddress: localhost:56936}, javascriptEnabled: true, networkConnectionEnabled: false, pageLoadStrategy: normal, platform: WINDOWS, platformName: WINDOWS, proxy: Proxy(), setWindowRect: true, strictFileInteractability: false, timeouts: {implicit: 0, pageLoad: 300000, script: 30000}, unhandledPromptBehavior: dismiss and notify, webauthn:extension:credBlob: true, webauthn:extension:largeBlob: true, webauthn:virtualAuthenticators: true}
Session ID: b67ec05dc32303eb52475932aaa9f119
*** Element info: {Using=xpath, value=//div[@class='sweet-alert showSweetAlert visible ']/p}
For documentation on this error, please visit: https://www.seleniumhq.org/exceptions/no_such_element.html
Build info: version: '3.141.59', revision: 'e82be7d358', time: '2018-11-14T08:17:03'
System info: host: 'GEMPK-200035', ip: '172.20.10.2', os.name: 'Windows 10', os.arch: 'amd64', os.version: '10.0', java.version: '1.8.0_333'
Driver info: driver.version: unknown</error><system-err>no such element: Unable to locate element: {"method":"xpath","selector":"//div[@class='sweet-alert showSweetAlert visible ']/p"}
  (Session info: chrome=106.0.5249.119)
For documentation on this error, please visit: https://www.seleniumhq.org/exceptions/no_such_element.html
Build info: version: '3.141.59', revision: 'e82be7d358', time: '2018-11-14T08:17:03'
System info: host: 'GEMPK-200035', ip: '172.20.10.2', os.name: 'Windows 10', os.arch: 'amd64', os.version: '10.0', java.version: '1.8.0_333'
Driver info: org.openqa.selenium.chrome.ChromeDriver
Capabilities {acceptInsecureCerts: false, browserName: chrome, browserVersion: 106.0.5249.119, chrome: {chromedriverVersion: 106.0.5249.61 (511755355844..., userDataDir: C:\Users\JA76C5~1.MUL\AppDa...}, goog:chromeOptions: {debuggerAddress: localhost:56936}, javascriptEnabled: true, networkConnectionEnabled: false, pageLoadStrategy: normal, platform: WINDOWS, platformName: WINDOWS, proxy: Proxy(), setWindowRect: true, strictFileInteractability: false, timeouts: {implicit: 0, pageLoad: 300000, script: 30000}, unhandledPromptBehavior: dismiss and notify, webauthn:extension:credBlob: true, webauthn:extension:largeBlob: true, webauthn:virtualAuthenticators: true}
Session ID: b67ec05dc32303eb52475932aaa9f119
*** Element info: {Using=xpath, value=//div[@class='sweet-alert showSweetAlert visible ']/p}
For documentation on this error, please visit: https://www.seleniumhq.org/exceptions/no_such_element.html
Build info: version: '3.141.59', revision: 'e82be7d358', time: '2018-11-14T08:17:03'
System info: host: 'GEMPK-200035', ip: '172.20.10.2', os.name: 'Windows 10', os.arch: 'amd64', os.version: '10.0', java.version: '1.8.0_333'
Driver info: driver.version: unknown&#13;
com.gemini.mis.implementations.LeaveImplementation.verifyPopup(LeaveImplementation.java:295)&#13;
com.gemini.mis.pages.LeaveManagementPage.verifyPopup(LeaveManagementPage.java:104)&#13;
com.gemini.mis.stepdefinitions.LeaveManagementSteps.verifyLeaveIsSubmitted(LeaveManagementSteps.java:126)&#13;
✽.Verify Leave is submitted and "Request processed successfully" appears(file:///C:/Users/ja.multani/IdeaProjects/MISBetaAutomation/src/test/resources/features/ApplyCompOff.feature:64)&#13;
</system-err></testcase><testcase name="Navigate to Leave Management &gt; LWP Change Request tab"/><testcase name="Verify Date, Type of leave and Reason fields are mandatory"/><testcase name="Navigate to Leave Management &gt; Apply tab"/><testcase name="Verify fields are Auto Populated by default on Leave tab"/><testcase name="Verify From,Till and Reason fields are mandatory fields for Leave Tab"/><testcase name="Select From and Till Leave date from Leave Calendar"/><testcase name="Verify Total Working Days tooltip from Leave Tab"/><testcase name="Choose leave for half day option from Leave tab"/><testcase name="Choose leave type"/><testcase name="Enter reason for leave"/><testcase name="Choose Availability for Leave"/><testcase name="Enter required data and click on Submit leave"/><testcase name="Navigate to Leave Management &gt; Out of Duty/Tour tab"/><testcase name="Verify From,Till,Type,Primary Contact Number and Reason for outing are mandatory fields"/><testcase name="Select From and Till Leave date from Calendar"/><testcase name="Select type for Out Duty"/><testcase name="Enter Reason for Out Duty"/><testcase name="Enter Primary Contact Number for Out Duty"/><testcase name="Enter Data and Click on Submit for Out of Duty tab"/><testcase name="Navigate to Leave Management &gt; WFH tab"/><testcase name="Verify field is Auto Populated by default in WFH tab"/><testcase name="Verify WFH Date and WFH Reason are mandatory fields"/><testcase name="Select Date from WFH Date dropdown"><error message="Cannot locate element with text: 10/15/2022&#10;For documentation on this error, please visit: https://www.seleniumhq.org/exceptions/no_such_element.html&#10;Build info: version: '3.141.59', revision: 'e82be7d358', time: '2018-11-14T08:17:03'&#10;System info: host: 'GEMPK-200035', ip: '172.20.10.2', os.name: 'Windows 10', os.arch: 'amd64', os.version: '10.0', java.version: '1.8.0_333'&#10;Driver info: driver.version: unknown&#10;For documentation on this error, please visit: https://www.seleniumhq.org/exceptions/no_such_element.html&#10;Build info: version: '3.141.59', revision: 'e82be7d358', time: '2018-11-14T08:17:03'&#10;System info: host: 'GEMPK-200035', ip: '172.20.10.2', os.name: 'Windows 10', os.arch: 'amd64', os.version: '10.0', java.version: '1.8.0_333'&#10;Driver info: driver.version: unknown" type="org.openqa.selenium.NoSuchElementException">Cannot locate element with text: 10/15/2022
For documentation on this error, please visit: https://www.seleniumhq.org/exceptions/no_such_element.html
Build info: version: '3.141.59', revision: 'e82be7d358', time: '2018-11-14T08:17:03'
System info: host: 'GEMPK-200035', ip: '172.20.10.2', os.name: 'Windows 10', os.arch: 'amd64', os.version: '10.0', java.version: '1.8.0_333'
Driver info: driver.version: unknown
For documentation on this error, please visit: https://www.seleniumhq.org/exceptions/no_such_element.html
Build info: version: '3.141.59', revision: 'e82be7d358', time: '2018-11-14T08:17:03'
System info: host: 'GEMPK-200035', ip: '172.20.10.2', os.name: 'Windows 10', os.arch: 'amd64', os.version: '10.0', java.version: '1.8.0_333'
Driver info: driver.version: unknown</error><system-err>Cannot locate element with text: 10/15/2022
For documentation on this error, please visit: https://www.seleniumhq.org/exceptions/no_such_element.html
Build info: version: '3.141.59', revision: 'e82be7d358', time: '2018-11-14T08:17:03'
System info: host: 'GEMPK-200035', ip: '172.20.10.2', os.name: 'Windows 10', os.arch: 'amd64', os.version: '10.0', java.version: '1.8.0_333'
Driver info: driver.version: unknown
For documentation on this error, please visit: https://www.seleniumhq.org/exceptions/no_such_element.html
Build info: version: '3.141.59', revision: 'e82be7d358', time: '2018-11-14T08:17:03'
System info: host: 'GEMPK-200035', ip: '172.20.10.2', os.name: 'Windows 10', os.arch: 'amd64', os.version: '10.0', java.version: '1.8.0_333'
Driver info: driver.version: unknown&#13;
com.gemini.mis.implementations.LeaveImplementation.selectDateFromDropdown(LeaveImplementation.java:365)&#13;
com.gemini.mis.implementations.LeaveImplementation.selectDate(LeaveImplementation.java:699)&#13;
com.gemini.mis.pages.LeaveManagementPage.selectDate(LeaveManagementPage.java:274)&#13;
com.gemini.mis.stepdefinitions.LeaveManagementSteps.selectDateFromDateDropdown(LeaveManagementSteps.java:145)&#13;
✽.Select date from "Work From Home" date dropdown(file:///C:/Users/ja.multani/IdeaProjects/MISBetaAutomation/src/test/resources/features/ApplyWFH.feature:52)&#13;
</system-err></testcase><testcase name="Enter reason for WFH"><error message="Cannot locate element with text: 10/15/2022&#10;For documentation on this error, please visit: https://www.seleniumhq.org/exceptions/no_such_element.html&#10;Build info: version: '3.141.59', revision: 'e82be7d358', time: '2018-11-14T08:17:03'&#10;System info: host: 'GEMPK-200035', ip: '172.20.10.2', os.name: 'Windows 10', os.arch: 'amd64', os.version: '10.0', java.version: '1.8.0_333'&#10;Driver info: driver.version: unknown&#10;For documentation on this error, please visit: https://www.seleniumhq.org/exceptions/no_such_element.html&#10;Build info: version: '3.141.59', revision: 'e82be7d358', time: '2018-11-14T08:17:03'&#10;System info: host: 'GEMPK-200035', ip: '172.20.10.2', os.name: 'Windows 10', os.arch: 'amd64', os.version: '10.0', java.version: '1.8.0_333'&#10;Driver info: driver.version: unknown" type="org.openqa.selenium.NoSuchElementException">Cannot locate element with text: 10/15/2022
For documentation on this error, please visit: https://www.seleniumhq.org/exceptions/no_such_element.html
Build info: version: '3.141.59', revision: 'e82be7d358', time: '2018-11-14T08:17:03'
System info: host: 'GEMPK-200035', ip: '172.20.10.2', os.name: 'Windows 10', os.arch: 'amd64', os.version: '10.0', java.version: '1.8.0_333'
Driver info: driver.version: unknown
For documentation on this error, please visit: https://www.seleniumhq.org/exceptions/no_such_element.html
Build info: version: '3.141.59', revision: 'e82be7d358', time: '2018-11-14T08:17:03'
System info: host: 'GEMPK-200035', ip: '172.20.10.2', os.name: 'Windows 10', os.arch: 'amd64', os.version: '10.0', java.version: '1.8.0_333'
Driver info: driver.version: unknown</error><system-err>Cannot locate element with text: 10/15/2022
For documentation on this error, please visit: https://www.seleniumhq.org/exceptions/no_such_element.html
Build info: version: '3.141.59', revision: 'e82be7d358', time: '2018-11-14T08:17:03'
System info: host: 'GEMPK-200035', ip: '172.20.10.2', os.name: 'Windows 10', os.arch: 'amd64', os.version: '10.0', java.version: '1.8.0_333'
Driver info: driver.version: unknown
For documentation on this error, please visit: https://www.seleniumhq.org/exceptions/no_such_element.html
Build info: version: '3.141.59', revision: 'e82be7d358', time: '2018-11-14T08:17:03'
System info: host: 'GEMPK-200035', ip: '172.20.10.2', os.name: 'Windows 10', os.arch: 'amd64', os.version: '10.0', java.version: '1.8.0_333'
Driver info: driver.version: unknown&#13;
com.gemini.mis.implementations.LeaveImplementation.selectDateFromDropdown(LeaveImplementation.java:365)&#13;
com.gemini.mis.implementations.LeaveImplementation.selectDate(LeaveImplementation.java:699)&#13;
com.gemini.mis.pages.LeaveManagementPage.selectDate(LeaveManagementPage.java:274)&#13;
com.gemini.mis.stepdefinitions.LeaveManagementSteps.selectDateFromDateDropdown(LeaveManagementSteps.java:145)&#13;
✽.Select date from "Work From Home" date dropdown(file:///C:/Users/ja.multani/IdeaProjects/MISBetaAutomation/src/test/resources/features/ApplyWFH.feature:65)&#13;
</system-err></testcase><testcase name="Enter required data and click on Submit WFH"><error message="Cannot locate element with text: 10/15/2022&#10;For documentation on this error, please visit: https://www.seleniumhq.org/exceptions/no_such_element.html&#10;Build info: version: '3.141.59', revision: 'e82be7d358', time: '2018-11-14T08:17:03'&#10;System info: host: 'GEMPK-200035', ip: '172.20.10.2', os.name: 'Windows 10', os.arch: 'amd64', os.version: '10.0', java.version: '1.8.0_333'&#10;Driver info: driver.version: unknown&#10;For documentation on this error, please visit: https://www.seleniumhq.org/exceptions/no_such_element.html&#10;Build info: version: '3.141.59', revision: 'e82be7d358', time: '2018-11-14T08:17:03'&#10;System info: host: 'GEMPK-200035', ip: '172.20.10.2', os.name: 'Windows 10', os.arch: 'amd64', os.version: '10.0', java.version: '1.8.0_333'&#10;Driver info: driver.version: unknown" type="org.openqa.selenium.NoSuchElementException">Cannot locate element with text: 10/15/2022
For documentation on this error, please visit: https://www.seleniumhq.org/exceptions/no_such_element.html
Build info: version: '3.141.59', revision: 'e82be7d358', time: '2018-11-14T08:17:03'
System info: host: 'GEMPK-200035', ip: '172.20.10.2', os.name: 'Windows 10', os.arch: 'amd64', os.version: '10.0', java.version: '1.8.0_333'
Driver info: driver.version: unknown
For documentation on this error, please visit: https://www.seleniumhq.org/exceptions/no_such_element.html
Build info: version: '3.141.59', revision: 'e82be7d358', time: '2018-11-14T08:17:03'
System info: host: 'GEMPK-200035', ip: '172.20.10.2', os.name: 'Windows 10', os.arch: 'amd64', os.version: '10.0', java.version: '1.8.0_333'
Driver info: driver.version: unknown</error><system-err>Cannot locate element with text: 10/15/2022
For documentation on this error, please visit: https://www.seleniumhq.org/exceptions/no_such_element.html
Build info: version: '3.141.59', revision: 'e82be7d358', time: '2018-11-14T08:17:03'
System info: host: 'GEMPK-200035', ip: '172.20.10.2', os.name: 'Windows 10', os.arch: 'amd64', os.version: '10.0', java.version: '1.8.0_333'
Driver info: driver.version: unknown
For documentation on this error, please visit: https://www.seleniumhq.org/exceptions/no_such_element.html
Build info: version: '3.141.59', revision: 'e82be7d358', time: '2018-11-14T08:17:03'
System info: host: 'GEMPK-200035', ip: '172.20.10.2', os.name: 'Windows 10', os.arch: 'amd64', os.version: '10.0', java.version: '1.8.0_333'
Driver info: driver.version: unknown&#13;
com.gemini.mis.implementations.LeaveImplementation.selectDateFromDropdown(LeaveImplementation.java:365)&#13;
com.gemini.mis.implementations.LeaveImplementation.selectDate(LeaveImplementation.java:699)&#13;
com.gemini.mis.pages.LeaveManagementPage.selectDate(LeaveManagementPage.java:274)&#13;
com.gemini.mis.stepdefinitions.LeaveManagementSteps.selectDateFromDateDropdown(LeaveManagementSteps.java:145)&#13;
✽.Select date from "Work From Home" date dropdown(file:///C:/Users/ja.multani/IdeaProjects/MISBetaAutomation/src/test/resources/features/ApplyWFH.feature:79)&#13;
</system-err></testcase><testcase name="Navigate to Policy &gt; View Policies"><failure message="expected:&lt;...geminisolutions.com/[]&gt; but was:&lt;...geminisolutions.com/[Dashboard/Index]&gt;" type="java.lang.AssertionError">expected:&lt;...geminisolutions.com/[]&gt; but was:&lt;...geminisolutions.com/[Dashboard/Index]&gt;</failure><system-err>expected:&lt;...geminisolutions.com/[]&gt; but was:&lt;...geminisolutions.com/[Dashboard/Index]&gt;&#13;
com.gemini.mis.implementations.LeaveImplementation.verifySuccessfulLogin(LeaveImplementation.java:51)&#13;
com.gemini.mis.pages.LeaveManagementPage.verifyPage(LeaveManagementPage.java:32)&#13;
com.gemini.mis.stepdefinitions.LeaveManagementSteps.userIsOnMISHomePage(LeaveManagementSteps.java:40)&#13;
✽.User is on MIS Home Page(file:///C:/Users/ja.multani/IdeaProjects/MISBetaAutomation/src/test/resources/features/Policy.feature:8)&#13;
</system-err></testcase><testcase name="Verify Data is present in Policies tab"/><testcase name="Verify Number of Entries displayed"/><testcase name="Enter Policy Name in Search Box"/><testcase name="Enter Invalid Policy Name in Search Box"><error message="no such element: Unable to locate element: {&quot;method&quot;:&quot;xpath&quot;,&quot;selector&quot;:&quot;//h5&quot;}&#10;  (Session info: chrome=106.0.5249.119)&#10;For documentation on this error, please visit: https://www.seleniumhq.org/exceptions/no_such_element.html&#10;Build info: version: '3.141.59', revision: 'e82be7d358', time: '2018-11-14T08:17:03'&#10;System info: host: 'GEMPK-200035', ip: '172.20.10.2', os.name: 'Windows 10', os.arch: 'amd64', os.version: '10.0', java.version: '1.8.0_333'&#10;Driver info: org.openqa.selenium.chrome.ChromeDriver&#10;Capabilities {acceptInsecureCerts: false, browserName: chrome, browserVersion: 106.0.5249.119, chrome: {chromedriverVersion: 106.0.5249.61 (511755355844..., userDataDir: C:\Users\JA76C5~1.MUL\AppDa...}, goog:chromeOptions: {debuggerAddress: localhost:60404}, javascriptEnabled: true, networkConnectionEnabled: false, pageLoadStrategy: normal, platform: WINDOWS, platformName: WINDOWS, proxy: Proxy(), setWindowRect: true, strictFileInteractability: false, timeouts: {implicit: 0, pageLoad: 300000, script: 30000}, unhandledPromptBehavior: dismiss and notify, webauthn:extension:credBlob: true, webauthn:extension:largeBlob: true, webauthn:virtualAuthenticators: true}&#10;Session ID: f6023c94074365528c33db78c70a6c28&#10;*** Element info: {Using=xpath, value=//h5}&#10;For documentation on this error, please visit: https://www.seleniumhq.org/exceptions/no_such_element.html&#10;Build info: version: '3.141.59', revision: 'e82be7d358', time: '2018-11-14T08:17:03'&#10;System info: host: 'GEMPK-200035', ip: '172.20.10.2', os.name: 'Windows 10', os.arch: 'amd64', os.version: '10.0', java.version: '1.8.0_333'&#10;Driver info: driver.version: unknown" type="org.openqa.selenium.NoSuchElementException">no such element: Unable to locate element: {"method":"xpath","selector":"//h5"}
  (Session info: chrome=106.0.5249.119)
For documentation on this error, please visit: https://www.seleniumhq.org/exceptions/no_such_element.html
Build info: version: '3.141.59', revision: 'e82be7d358', time: '2018-11-14T08:17:03'
System info: host: 'GEMPK-200035', ip: '172.20.10.2', os.name: 'Windows 10', os.arch: 'amd64', os.version: '10.0', java.version: '1.8.0_333'
Driver info: org.openqa.selenium.chrome.ChromeDriver
Capabilities {acceptInsecureCerts: false, browserName: chrome, browserVersion: 106.0.5249.119, chrome: {chromedriverVersion: 106.0.5249.61 (511755355844..., userDataDir: C:\Users\JA76C5~1.MUL\AppDa...}, goog:chromeOptions: {debuggerAddress: localhost:60404}, javascriptEnabled: true, networkConnectionEnabled: false, pageLoadStrategy: normal, platform: WINDOWS, platformName: WINDOWS, proxy: Proxy(), setWindowRect: true, strictFileInteractability: false, timeouts: {implicit: 0, pageLoad: 300000, script: 30000}, unhandledPromptBehavior: dismiss and notify, webauthn:extension:credBlob: true, webauthn:extension:largeBlob: true, webauthn:virtualAuthenticators: true}
Session ID: f6023c94074365528c33db78c70a6c28
*** Element info: {Using=xpath, value=//h5}
For documentation on this error, please visit: https://www.seleniumhq.org/exceptions/no_such_element.html
Build info: version: '3.141.59', revision: 'e82be7d358', time: '2018-11-14T08:17:03'
System info: host: 'GEMPK-200035', ip: '172.20.10.2', os.name: 'Windows 10', os.arch: 'amd64', os.version: '10.0', java.version: '1.8.0_333'
Driver info: driver.version: unknown</error><system-err>no such element: Unable to locate element: {"method":"xpath","selector":"//h5"}
  (Session info: chrome=106.0.5249.119)
For documentation on this error, please visit: https://www.seleniumhq.org/exceptions/no_such_element.html
Build info: version: '3.141.59', revision: 'e82be7d358', time: '2018-11-14T08:17:03'
System info: host: 'GEMPK-200035', ip: '172.20.10.2', os.name: 'Windows 10', os.arch: 'amd64', os.version: '10.0', java.version: '1.8.0_333'
Driver info: org.openqa.selenium.chrome.ChromeDriver
Capabilities {acceptInsecureCerts: false, browserName: chrome, browserVersion: 106.0.5249.119, chrome: {chromedriverVersion: 106.0.5249.61 (511755355844..., userDataDir: C:\Users\JA76C5~1.MUL\AppDa...}, goog:chromeOptions: {debuggerAddress: localhost:60404}, javascriptEnabled: true, networkConnectionEnabled: false, pageLoadStrategy: normal, platform: WINDOWS, platformName: WINDOWS, proxy: Proxy(), setWindowRect: true, strictFileInteractability: false, timeouts: {implicit: 0, pageLoad: 300000, script: 30000}, unhandledPromptBehavior: dismiss and notify, webauthn:extension:credBlob: true, webauthn:extension:largeBlob: true, webauthn:virtualAuthenticators: true}
Session ID: f6023c94074365528c33db78c70a6c28
*** Element info: {Using=xpath, value=//h5}
For documentation on this error, please visit: https://www.seleniumhq.org/exceptions/no_such_element.html
Build info: version: '3.141.59', revision: 'e82be7d358', time: '2018-11-14T08:17:03'
System info: host: 'GEMPK-200035', ip: '172.20.10.2', os.name: 'Windows 10', os.arch: 'amd64', os.version: '10.0', java.version: '1.8.0_333'
Driver info: driver.version: unknown&#13;
com.gemini.mis.implementations.LeaveImplementation.verifyTabDisplays(LeaveImplementation.java:65)&#13;
com.gemini.mis.pages.LeaveManagementPage.verifyTabDisplays(LeaveManagementPage.java:44)&#13;
com.gemini.mis.stepdefinitions.LeaveManagementSteps.verifyTabDisplays(LeaveManagementSteps.java:52)&#13;
✽.Verify "View Policies" of "View Policies" tab(file:///C:/Users/ja.multani/IdeaProjects/MISBetaAutomation/src/test/resources/features/Policy.feature:48)&#13;
</system-err></testcase><testcase name="View Policy"/><testcase name="Navigate to Leave Management &gt; View Request Status tab &gt; Change Request"/><testcase name="Verify Date Range field is present for Change Request"/><testcase name="Enter Invalid Date Range for Change Request"/><testcase name="Enter Valid Date Range for Change Request"/><testcase name="Click on Export Options Option for Change Request"/><testcase name="Click on Print Option for Change Request"/><testcase name="Click on Copy Option for Change Request"/><testcase name="Click on Excel Option for Change Request"/><testcase name="Verify PDF option for Change Request"/><testcase name="Navigate to Leave Management &gt; View Request Status tab &gt; Comp Off"/><testcase name="Verify Date Range field is present for Comp Off Tab"/><testcase name="Enter Invalid Date Range for Comp Off Tab"/><testcase name="Enter Valid Date Range for Comp Off Tab"/><testcase name="Click on Export Options Option for Comp Off Tab"/><testcase name="Click on Print Option for Comp Off Tab"/><testcase name="Click on Copy Option for Comp Off Tab"/><testcase name="Click on Excel Option for Comp Off Tab"/><testcase name="Verify PDF option for Comp Off Tab"/><testcase name="Enter Comp Off Period Name in Search Box for Comp Off Tab"/><testcase name="Sort columns for Comp Off Tab"/><testcase name="Expand Details of Comp Off"/><testcase name="Navigate to Leave Management &gt; View Request Status tab &gt; Leave Tab"/><testcase name="Verify Date Range field is present for Leave Tab"/><testcase name="Enter Invalid Date Range for Leave Tab"/><testcase name="Enter Valid Date Range for Leave Tab"/><testcase name="Verify Export Options for Leave Tab"/><testcase name="Click on Print Option for Leave Tab"/><testcase name="Click on Excel Option for Leave Tab"/><testcase name="Click on Copy Option for Leave Tab"/><testcase name="Verify PDF option for Leave Tab"/><testcase name="Verify Number of Entries displayed for Leave Tab"/><testcase name="Enter Leave Period Name in Search Box for Leave Tab"/><testcase name="Sort columns for Leave Tab"/><testcase name="Page Next for Leave Tab"/><testcase name="Page Previous for Leave Tab"/><testcase name="Cancel Leave for Leave Tab"/><testcase name="Navigate to Leave Management &gt; View Request Status tab &gt; Out Duty/Tour"/><testcase name="Verify Date Range field is present for Out Duty/Tour"/><testcase name="Enter Invalid Date Range for Out Duty/Tour"/><testcase name="Enter Valid Date Range for Out Duty/Tour"/><testcase name="Click on Export Options Option for Out Duty/Tour"/><testcase name="Click on Print Option for Out Duty/Tour"/><testcase name="Click on Copy Option for Out Duty/Tour"/><testcase name="Click on Excel Option for Out Duty/Tour"><failure message="expected:&lt;...geminisolutions.com/[]&gt; but was:&lt;...geminisolutions.com/[Dashboard/Index]&gt;" type="java.lang.AssertionError">expected:&lt;...geminisolutions.com/[]&gt; but was:&lt;...geminisolutions.com/[Dashboard/Index]&gt;</failure><system-err>expected:&lt;...geminisolutions.com/[]&gt; but was:&lt;...geminisolutions.com/[Dashboard/Index]&gt;&#13;
com.gemini.mis.implementations.LeaveImplementation.verifySuccessfulLogin(LeaveImplementation.java:51)&#13;
com.gemini.mis.pages.LeaveManagementPage.verifyPage(LeaveManagementPage.java:32)&#13;
com.gemini.mis.stepdefinitions.LeaveManagementSteps.userIsOnMISHomePage(LeaveManagementSteps.java:40)&#13;
✽.User is on MIS Home Page(file:///C:/Users/ja.multani/IdeaProjects/MISBetaAutomation/src/test/resources/features/ViewRequestOutDuty.feature:92)&#13;
</system-err></testcase><testcase name="Verify PDF option for Out Duty/Tour"/><testcase name="Sort columns for Out Duty/Tour"/><testcase name="Enter Out Duty/Tour Period in Search Box for Out Duty/Tour"/><testcase name="Verify Data is present for Out Duty/Tour"/><testcase name="Click on View button for Out Duty/Tour"/><testcase name="Verify Date in View Window for Out Duty/Tour"/><testcase name="Search in View Window for Out Duty/Tour"/><testcase name="Navigate to Leave Management &gt; View Request Status tab &gt; Work From Home"/><testcase name="Verify Date Range field is present for WFH Tab"/><testcase name="Enter Invalid Date Range for WFH Tab"/><testcase name="Enter Valid Date Range for WFH Tab"/><testcase name="Click on Export Options Option for WFH Tab"/><testcase name="Click on Print Option for WFH Tab"/><testcase name="Click on Copy Option for WFH Tab"/><testcase name="Click on Excel Option for WFH Tab"/><testcase name="Verify PDF option for WFH Tab"/><testcase name="Verify Number of Entries displayed for WFH Tab"/><testcase name="Enter WFH Period Name in Search Box for WFH Tab"/><testcase name="Sort columns for WFH Tab"/><testcase name="Page Next for WFH Tab"/><testcase name="Page Previous for WFH Tab"/></testsuite>