<?xml version="1.0" encoding="UTF-8"?><testsuite errors="1" failures="0" name="MIS Leave Management Activities" skipped="0" tests="3" time="181.83" timestamp="2022-09-25 10:51:21"><testcase name="Enter reason for leave"/><testcase name="Choose Availability"><error message="element click intercepted: Element &lt;span class=&quot;lbl&quot;&gt;...&lt;/span&gt; is not clickable at point (113, 212). Other element would receive the click: &lt;div class=&quot;blockUI blockOverlay&quot; style=&quot;z-index: 1050; border: none; margin: 0px; padding: 0px; width: 100%; height: 100%; top: 0px; left: 0px; background-color: rgb(0, 0, 0); opacity: 0.6; cursor: wait; position: fixed;&quot;&gt;&lt;/div&gt;&#10;  (Session info: chrome=105.0.5195.127)&#10;Build info: version: '4.4.0', revision: 'e5c75ed026a'&#10;System info: host: 'GEMPK-200035', ip: '192.168.43.128', os.name: 'Windows 10', os.arch: 'amd64', os.version: '10.0', java.version: '1.8.0_333'&#10;Driver info: org.openqa.selenium.chrome.ChromeDriver&#10;Command: [e151da892b2bf2466f31f42ca7616e70, clickElement {id=6cc055a4-9f1e-4aa5-9619-d8013a8ad68e}]&#10;Capabilities {acceptInsecureCerts: false, browserName: chrome, browserVersion: 105.0.5195.127, chrome: {chromedriverVersion: 105.0.5195.52 (412c95e51883..., userDataDir: C:\Users\JA76C5~1.MUL\AppDa...}, goog:chromeOptions: {debuggerAddress: localhost:54945}, networkConnectionEnabled: false, pageLoadStrategy: normal, platformName: WINDOWS, proxy: Proxy(), se:cdp: ws://localhost:54945/devtoo..., se:cdpVersion: 105.0.5195.127, setWindowRect: true, strictFileInteractability: false, timeouts: {implicit: 0, pageLoad: 300000, script: 30000}, unhandledPromptBehavior: dismiss and notify, webauthn:extension:credBlob: true, webauthn:extension:largeBlob: true, webauthn:virtualAuthenticators: true}&#10;Element: [[ChromeDriver: chrome on WINDOWS (e151da892b2bf2466f31f42ca7616e70)] -&gt; xpath: //span[contains(text(),&quot;Leave Management&quot;)]]&#10;Session ID: e151da892b2bf2466f31f42ca7616e70&#10;Build info: version: '4.4.0', revision: 'e5c75ed026a'&#10;System info: host: 'GEMPK-200035', ip: '192.168.43.128', os.name: 'Windows 10', os.arch: 'amd64', os.version: '10.0', java.version: '1.8.0_333'&#10;Driver info: driver.version: unknown" type="org.openqa.selenium.ElementClickInterceptedException">element click intercepted: Element &lt;span class="lbl"&gt;...&lt;/span&gt; is not clickable at point (113, 212). Other element would receive the click: &lt;div class="blockUI blockOverlay" style="z-index: 1050; border: none; margin: 0px; padding: 0px; width: 100%; height: 100%; top: 0px; left: 0px; background-color: rgb(0, 0, 0); opacity: 0.6; cursor: wait; position: fixed;"&gt;&lt;/div&gt;
  (Session info: chrome=105.0.5195.127)
Build info: version: '4.4.0', revision: 'e5c75ed026a'
System info: host: 'GEMPK-200035', ip: '192.168.43.128', os.name: 'Windows 10', os.arch: 'amd64', os.version: '10.0', java.version: '1.8.0_333'
Driver info: org.openqa.selenium.chrome.ChromeDriver
Command: [e151da892b2bf2466f31f42ca7616e70, clickElement {id=6cc055a4-9f1e-4aa5-9619-d8013a8ad68e}]
Capabilities {acceptInsecureCerts: false, browserName: chrome, browserVersion: 105.0.5195.127, chrome: {chromedriverVersion: 105.0.5195.52 (412c95e51883..., userDataDir: C:\Users\JA76C5~1.MUL\AppDa...}, goog:chromeOptions: {debuggerAddress: localhost:54945}, networkConnectionEnabled: false, pageLoadStrategy: normal, platformName: WINDOWS, proxy: Proxy(), se:cdp: ws://localhost:54945/devtoo..., se:cdpVersion: 105.0.5195.127, setWindowRect: true, strictFileInteractability: false, timeouts: {implicit: 0, pageLoad: 300000, script: 30000}, unhandledPromptBehavior: dismiss and notify, webauthn:extension:credBlob: true, webauthn:extension:largeBlob: true, webauthn:virtualAuthenticators: true}
Element: [[ChromeDriver: chrome on WINDOWS (e151da892b2bf2466f31f42ca7616e70)] -&gt; xpath: //span[contains(text(),"Leave Management")]]
Session ID: e151da892b2bf2466f31f42ca7616e70
Build info: version: '4.4.0', revision: 'e5c75ed026a'
System info: host: 'GEMPK-200035', ip: '192.168.43.128', os.name: 'Windows 10', os.arch: 'amd64', os.version: '10.0', java.version: '1.8.0_333'
Driver info: driver.version: unknown</error><system-err>element click intercepted: Element &lt;span class="lbl"&gt;...&lt;/span&gt; is not clickable at point (113, 212). Other element would receive the click: &lt;div class="blockUI blockOverlay" style="z-index: 1050; border: none; margin: 0px; padding: 0px; width: 100%; height: 100%; top: 0px; left: 0px; background-color: rgb(0, 0, 0); opacity: 0.6; cursor: wait; position: fixed;"&gt;&lt;/div&gt;
  (Session info: chrome=105.0.5195.127)
Build info: version: '4.4.0', revision: 'e5c75ed026a'
System info: host: 'GEMPK-200035', ip: '192.168.43.128', os.name: 'Windows 10', os.arch: 'amd64', os.version: '10.0', java.version: '1.8.0_333'
Driver info: org.openqa.selenium.chrome.ChromeDriver
Command: [e151da892b2bf2466f31f42ca7616e70, clickElement {id=6cc055a4-9f1e-4aa5-9619-d8013a8ad68e}]
Capabilities {acceptInsecureCerts: false, browserName: chrome, browserVersion: 105.0.5195.127, chrome: {chromedriverVersion: 105.0.5195.52 (412c95e51883..., userDataDir: C:\Users\JA76C5~1.MUL\AppDa...}, goog:chromeOptions: {debuggerAddress: localhost:54945}, networkConnectionEnabled: false, pageLoadStrategy: normal, platformName: WINDOWS, proxy: Proxy(), se:cdp: ws://localhost:54945/devtoo..., se:cdpVersion: 105.0.5195.127, setWindowRect: true, strictFileInteractability: false, timeouts: {implicit: 0, pageLoad: 300000, script: 30000}, unhandledPromptBehavior: dismiss and notify, webauthn:extension:credBlob: true, webauthn:extension:largeBlob: true, webauthn:virtualAuthenticators: true}
Element: [[ChromeDriver: chrome on WINDOWS (e151da892b2bf2466f31f42ca7616e70)] -&gt; xpath: //span[contains(text(),"Leave Management")]]
Session ID: e151da892b2bf2466f31f42ca7616e70
Build info: version: '4.4.0', revision: 'e5c75ed026a'
System info: host: 'GEMPK-200035', ip: '192.168.43.128', os.name: 'Windows 10', os.arch: 'amd64', os.version: '10.0', java.version: '1.8.0_333'
Driver info: driver.version: unknown&#13;
com.gemini.mis.commonfunctions.CommonFunctions.clickOn(CommonFunctions.java:95)&#13;
com.gemini.mis.commonfunctions.CommonFunctions.navigateToTab(CommonFunctions.java:189)&#13;
com.gemini.mis.pages.LeaveManagementApplyPage.clickOnSubTab(LeaveManagementApplyPage.java:114)&#13;
stepDefinitions.LeaveManagementApplySteps.clickOnSubTabOfTab(LeaveManagementApplySteps.java:106)&#13;
✽.Click on "Apply" sub tab of "Leave Management" tab(file:///C:/Users/ja.multani/IdeaProjects/MISAutomation/src/test/resources/features/LeaveManagementApply.feature:21)&#13;
</system-err></testcase><testcase name="Enter required data and click on Submit leave"/></testsuite>