<?xml version="1.0" encoding="UTF-8" standalone="no"?><testsuite errors="1" failures="1" name="MIS Leave Management Activities &gt; Apply" skipped="0" tests="23" time="635.66" timestamp="2022-12-29 07:24:09"><testcase name="Navigate to Leave Management &gt; Comp Off tab"/><testcase name="Verify Date and Reason are mandatory fields for Comp Off"><error message="element click intercepted: Element &lt;span class=&quot;lbl&quot;&gt;...&lt;/span&gt; is not clickable at point (113, 212). Other element would receive the click: &lt;div class=&quot;sweet-overlay&quot; tabindex=&quot;-1&quot; style=&quot;opacity: 1.85; display: block;&quot;&gt;&lt;/div&gt;&#10;  (Session info: chrome=108.0.5359.124)&#10;Build info: version: '4.1.4', revision: '535d840ee2'&#10;System info: host: 'GEMGN-220028', ip: '192.168.1.7', os.name: 'Windows 10', os.arch: 'amd64', os.version: '10.0', java.version: '16.0.2'&#10;Driver info: org.openqa.selenium.chrome.ChromeDriver&#10;Command: [6926360664ebf53dda45a10375e219cd, clickElement {id=880f5959-2f46-4765-83a3-564c91187aa2}]&#10;Capabilities {acceptInsecureCerts: false, browserName: chrome, browserVersion: 108.0.5359.124, chrome: {chromedriverVersion: 108.0.5359.71 (1e0e3868ee06..., userDataDir: C:\Users\PR0A5A~1.VER\AppDa...}, goog:chromeOptions: {debuggerAddress: localhost:57565}, javascriptEnabled: true, networkConnectionEnabled: false, pageLoadStrategy: normal, platform: WINDOWS, platformName: WINDOWS, proxy: Proxy(), se:cdp: ws://localhost:57565/devtoo..., se:cdpVersion: 108.0.5359.124, setWindowRect: true, strictFileInteractability: false, timeouts: {implicit: 0, pageLoad: 300000, script: 30000}, unhandledPromptBehavior: dismiss and notify, webauthn:extension:credBlob: true, webauthn:extension:largeBlob: true, webauthn:virtualAuthenticators: true}&#10;Element: [[ChromeDriver: chrome on WINDOWS (6926360664ebf53dda45a10375e219cd)] -&gt; xpath: (//span[@class='lbl'])[7]]&#10;Session ID: 6926360664ebf53dda45a10375e219cd&#10;Build info: version: '4.1.4', revision: '535d840ee2'&#10;System info: host: 'GEMGN-220028', ip: '192.168.1.7', os.name: 'Windows 10', os.arch: 'amd64', os.version: '10.0', java.version: '16.0.2'&#10;Driver info: driver.version: unknown" type="org.openqa.selenium.ElementClickInterceptedException">element click intercepted: Element &lt;span class="lbl"&gt;...&lt;/span&gt; is not clickable at point (113, 212). Other element would receive the click: &lt;div class="sweet-overlay" tabindex="-1" style="opacity: 1.85; display: block;"&gt;&lt;/div&gt;
  (Session info: chrome=108.0.5359.124)
Build info: version: '4.1.4', revision: '535d840ee2'
System info: host: 'GEMGN-220028', ip: '192.168.1.7', os.name: 'Windows 10', os.arch: 'amd64', os.version: '10.0', java.version: '16.0.2'
Driver info: org.openqa.selenium.chrome.ChromeDriver
Command: [6926360664ebf53dda45a10375e219cd, clickElement {id=880f5959-2f46-4765-83a3-564c91187aa2}]
Capabilities {acceptInsecureCerts: false, browserName: chrome, browserVersion: 108.0.5359.124, chrome: {chromedriverVersion: 108.0.5359.71 (1e0e3868ee06..., userDataDir: C:\Users\PR0A5A~1.VER\AppDa...}, goog:chromeOptions: {debuggerAddress: localhost:57565}, javascriptEnabled: true, networkConnectionEnabled: false, pageLoadStrategy: normal, platform: WINDOWS, platformName: WINDOWS, proxy: Proxy(), se:cdp: ws://localhost:57565/devtoo..., se:cdpVersion: 108.0.5359.124, setWindowRect: true, strictFileInteractability: false, timeouts: {implicit: 0, pageLoad: 300000, script: 30000}, unhandledPromptBehavior: dismiss and notify, webauthn:extension:credBlob: true, webauthn:extension:largeBlob: true, webauthn:virtualAuthenticators: true}
Element: [[ChromeDriver: chrome on WINDOWS (6926360664ebf53dda45a10375e219cd)] -&gt; xpath: (//span[@class='lbl'])[7]]
Session ID: 6926360664ebf53dda45a10375e219cd
Build info: version: '4.1.4', revision: '535d840ee2'
System info: host: 'GEMGN-220028', ip: '192.168.1.7', os.name: 'Windows 10', os.arch: 'amd64', os.version: '10.0', java.version: '16.0.2'
Driver info: driver.version: unknown</error><system-err>element click intercepted: Element &lt;span class="lbl"&gt;...&lt;/span&gt; is not clickable at point (113, 212). Other element would receive the click: &lt;div class="sweet-overlay" tabindex="-1" style="opacity: 1.85; display: block;"&gt;&lt;/div&gt;
  (Session info: chrome=108.0.5359.124)
Build info: version: '4.1.4', revision: '535d840ee2'
System info: host: 'GEMGN-220028', ip: '192.168.1.7', os.name: 'Windows 10', os.arch: 'amd64', os.version: '10.0', java.version: '16.0.2'
Driver info: org.openqa.selenium.chrome.ChromeDriver
Command: [6926360664ebf53dda45a10375e219cd, clickElement {id=880f5959-2f46-4765-83a3-564c91187aa2}]
Capabilities {acceptInsecureCerts: false, browserName: chrome, browserVersion: 108.0.5359.124, chrome: {chromedriverVersion: 108.0.5359.71 (1e0e3868ee06..., userDataDir: C:\Users\PR0A5A~1.VER\AppDa...}, goog:chromeOptions: {debuggerAddress: localhost:57565}, javascriptEnabled: true, networkConnectionEnabled: false, pageLoadStrategy: normal, platform: WINDOWS, platformName: WINDOWS, proxy: Proxy(), se:cdp: ws://localhost:57565/devtoo..., se:cdpVersion: 108.0.5359.124, setWindowRect: true, strictFileInteractability: false, timeouts: {implicit: 0, pageLoad: 300000, script: 30000}, unhandledPromptBehavior: dismiss and notify, webauthn:extension:credBlob: true, webauthn:extension:largeBlob: true, webauthn:virtualAuthenticators: true}
Element: [[ChromeDriver: chrome on WINDOWS (6926360664ebf53dda45a10375e219cd)] -&gt; xpath: (//span[@class='lbl'])[7]]
Session ID: 6926360664ebf53dda45a10375e219cd
Build info: version: '4.1.4', revision: '535d840ee2'
System info: host: 'GEMGN-220028', ip: '192.168.1.7', os.name: 'Windows 10', os.arch: 'amd64', os.version: '10.0', java.version: '16.0.2'
Driver info: driver.version: unknown&#13;
com.gemini.mis.implementations.LeaveImplementation.navigateToTab(LeaveImplementation.java:122)&#13;
com.gemini.mis.pages.LeaveManagementPage.navigateToSubTab(LeaveManagementPage.java:56)&#13;
com.gemini.mis.stepdefinitions.LeaveManagementSteps.clickOnSubTabOfTab(LeaveManagementSteps.java:70)&#13;
✽.User clicks on "Apply" sub tab of "Leave Management" tab in MIS(file:///C:/Users/pr.verma1/Desktop/mis_train/mis-training/src/test/resources/features/ApplyCompOff.feature:26)&#13;
</system-err></testcase><testcase name="Select Date from Comp Off Date dropdown"><failure message="expected:&lt;...geminisolutions.com/[]&gt; but was:&lt;...geminisolutions.com/[Dashboard/Index]&gt;" type="java.lang.AssertionError">expected:&lt;...geminisolutions.com/[]&gt; but was:&lt;...geminisolutions.com/[Dashboard/Index]&gt;</failure><system-err>expected:&lt;...geminisolutions.com/[]&gt; but was:&lt;...geminisolutions.com/[Dashboard/Index]&gt;&#13;
com.gemini.mis.implementations.LeaveImplementation.verifySuccessfulLogin(LeaveImplementation.java:52)&#13;
com.gemini.mis.pages.LeaveManagementPage.verifyPage(LeaveManagementPage.java:32)&#13;
com.gemini.mis.stepdefinitions.LeaveManagementSteps.userIsOnMISHomePage(LeaveManagementSteps.java:40)&#13;
✽.User is on MIS Home Page(file:///C:/Users/pr.verma1/Desktop/mis_train/mis-training/src/test/resources/features/ApplyCompOff.feature:42)&#13;
</system-err></testcase><testcase name="Enter Reason for Comp off"/><testcase name="Enter Data and submit Comp off"/><testcase name="Navigate to Leave Management &gt; LWP Change Request tab"/><testcase name="Verify Date, Type of leave and Reason fields are mandatory"/><testcase name="Navigate to Leave Management &gt; Apply tab"/><testcase name="Verify fields are Auto Populated by default on Leave tab"/><testcase name="Verify From,Till and Reason fields are mandatory fields for Leave Tab"/><testcase name="Select From and Till Leave date from Leave Calendar"/><testcase name="Verify Total Working Days tooltip from Leave Tab"/><testcase name="Choose leave for half day option from Leave tab"/><testcase name="Choose leave type"/><testcase name="Enter reason for leave"/><testcase name="Choose Availability for Leave"/><testcase name="Enter required data and click on Submit leave"/><testcase name="Navigate to Leave Management &gt; WFH tab"/><testcase name="Verify field is Auto Populated by default in WFH tab"/><testcase name="Verify WFH Date and WFH Reason are mandatory fields"/><testcase name="Select Date from WFH Date dropdown"/><testcase name="Enter reason for WFH"/><testcase name="Enter required data and click on Submit WFH"/></testsuite>