<?xml version="1.0" encoding="UTF-8" standalone="no"?><testsuite errors="0" failures="0" name="MIS Leave Management &gt; View Request Status" skipped="0" tests="12" time="909.14" timestamp="2022-12-29 09:41:26"><testcase name="Navigate to Leave Management &gt; View Request Status tab &gt; Comp Off"/><testcase name="Verify Date Range field is present for Comp Off Tab"/><testcase name="Enter Invalid Date Range for Comp Off Tab"/><testcase name="Enter Valid Date Range for Comp Off Tab"/><testcase name="Click on Export Options Option for Comp Off Tab"/><testcase name="Click on Print Option for Comp Off Tab"/><testcase name="Click on Copy Option for Comp Off Tab"/><testcase name="Click on Excel Option for Comp Off Tab"/><testcase name="Verify PDF option for Comp Off Tab"/><testcase name="Enter Comp Off Period Name in Search Box for Comp Off Tab"/><testcase name="Sort columns for Comp Off Tab"/><testcase name="Expand Details of Comp Off"/></testsuite>