<?xml version="1.0" encoding="UTF-8" standalone="no"?><testsuite errors="0" failures="0" name="MIS Leave Management &gt; View Request Status" skipped="12" tests="12" time="246.78" timestamp="2022-12-26 09:18:38"><testcase name="Navigate to Leave Management &gt; View Request Status tab &gt; Comp Off"><skipped/></testcase><testcase name="Verify Date Range field is present for Comp Off Tab"><skipped/></testcase><testcase name="Enter Invalid Date Range for Comp Off Tab"><skipped/></testcase><testcase name="Enter Valid Date Range for Comp Off Tab"><skipped/></testcase><testcase name="Click on Export Options Option for Comp Off Tab"><skipped/></testcase><testcase name="Click on Print Option for Comp Off Tab"><skipped/></testcase><testcase name="Click on Copy Option for Comp Off Tab"><skipped/></testcase><testcase name="Click on Excel Option for Comp Off Tab"><skipped/></testcase><testcase name="Verify PDF option for Comp Off Tab"><skipped/></testcase><testcase name="Enter Comp Off Period Name in Search Box for Comp Off Tab"><skipped/></testcase><testcase name="Sort columns for Comp Off Tab"><skipped/></testcase><testcase name="Expand Details of Comp Off"><skipped/></testcase></testsuite>