<?xml version="1.0" encoding="UTF-8" standalone="no"?><testsuite errors="0" failures="0" name="Login MIS Application Activities" skipped="0" tests="11" time="108.5" timestamp="2022-10-15 09:35:55"><testcase name="User verifies elements of Login page"/><testcase name="User Clicks on Sign In without entering Credentials"/><testcase name="User Enters only username and Clicks on Sign In"/><testcase name="User Enter only password and Clicks on Sign In"/><testcase name="User Enters Invalid Credentials"/><testcase name="User Login to the Application via SSO"/><testcase name="User Login to the Application"/><testcase name="User clicks on Forget Password"/><testcase name="User Clicks on Reset linking without giving username"/><testcase name="User clicks on forgot password and enters invalid username."/><testcase name="User navigate back to sign In Page"/></testsuite>