<?xml version="1.0" encoding="UTF-8" standalone="no"?><testsuite errors="0" failures="0" name="Policy Activities" skipped="6" tests="6" time="0.06" timestamp="2022-12-16 10:21:10"><testcase name="Navigate to Policy &gt; View Policies"><skipped/></testcase><testcase name="Verify Data is present in Policies tab"><skipped/></testcase><testcase name="Verify Number of Entries displayed"><skipped/></testcase><testcase name="Enter Policy Name in Search Box"><skipped/></testcase><testcase name="Enter Invalid Policy Name in Search Box"><skipped/></testcase><testcase name="View Policy"><skipped/></testcase></testsuite>