<?xml version="1.0" encoding="UTF-8" standalone="no"?><testsuite errors="1" failures="0" name="MIS Dashboard Profile module Scenarios" skipped="0" tests="1" time="32.38" timestamp="2022-12-17 10:24:09"><testcase name="User applies for lunch"><error message="no such alert&#10;  (Session info: chrome=108.0.5359.100)&#10;Build info: version: '4.1.4', revision: '535d840ee2'&#10;System info: host: 'GEMGN-210274', ip: '192.168.0.109', os.name: 'Windows 10', os.arch: 'amd64', os.version: '10.0', java.version: '16.0.2'&#10;Driver info: org.openqa.selenium.chrome.ChromeDriver&#10;Command: [7b1d79f390bda7e6838b469cb517eff2, getAlertText {}]&#10;Capabilities {acceptInsecureCerts: false, browserName: chrome, browserVersion: 108.0.5359.100, chrome: {chromedriverVersion: 108.0.5359.71 (1e0e3868ee06..., userDataDir: C:\Users\DIVYA~1.MAD\AppDat...}, goog:chromeOptions: {debuggerAddress: localhost:59340}, javascriptEnabled: true, networkConnectionEnabled: false, pageLoadStrategy: normal, platform: WINDOWS, platformName: WINDOWS, proxy: Proxy(), se:cdp: ws://localhost:59340/devtoo..., se:cdpVersion: 108.0.5359.100, setWindowRect: true, strictFileInteractability: false, timeouts: {implicit: 0, pageLoad: 300000, script: 30000}, unhandledPromptBehavior: dismiss and notify, webauthn:extension:credBlob: true, webauthn:extension:largeBlob: true, webauthn:virtualAuthenticators: true}&#10;Session ID: 7b1d79f390bda7e6838b469cb517eff2&#10;Build info: version: '4.1.4', revision: '535d840ee2'&#10;System info: host: 'GEMGN-210274', ip: '192.168.0.109', os.name: 'Windows 10', os.arch: 'amd64', os.version: '10.0', java.version: '16.0.2'&#10;Driver info: driver.version: unknown" type="org.openqa.selenium.NoAlertPresentException">no such alert
  (Session info: chrome=108.0.5359.100)
Build info: version: '4.1.4', revision: '535d840ee2'
System info: host: 'GEMGN-210274', ip: '192.168.0.109', os.name: 'Windows 10', os.arch: 'amd64', os.version: '10.0', java.version: '16.0.2'
Driver info: org.openqa.selenium.chrome.ChromeDriver
Command: [7b1d79f390bda7e6838b469cb517eff2, getAlertText {}]
Capabilities {acceptInsecureCerts: false, browserName: chrome, browserVersion: 108.0.5359.100, chrome: {chromedriverVersion: 108.0.5359.71 (1e0e3868ee06..., userDataDir: C:\Users\DIVYA~1.MAD\AppDat...}, goog:chromeOptions: {debuggerAddress: localhost:59340}, javascriptEnabled: true, networkConnectionEnabled: false, pageLoadStrategy: normal, platform: WINDOWS, platformName: WINDOWS, proxy: Proxy(), se:cdp: ws://localhost:59340/devtoo..., se:cdpVersion: 108.0.5359.100, setWindowRect: true, strictFileInteractability: false, timeouts: {implicit: 0, pageLoad: 300000, script: 30000}, unhandledPromptBehavior: dismiss and notify, webauthn:extension:credBlob: true, webauthn:extension:largeBlob: true, webauthn:virtualAuthenticators: true}
Session ID: 7b1d79f390bda7e6838b469cb517eff2
Build info: version: '4.1.4', revision: '535d840ee2'
System info: host: 'GEMGN-210274', ip: '192.168.0.109', os.name: 'Windows 10', os.arch: 'amd64', os.version: '10.0', java.version: '16.0.2'
Driver info: driver.version: unknown</error><system-err>no such alert
  (Session info: chrome=108.0.5359.100)
Build info: version: '4.1.4', revision: '535d840ee2'
System info: host: 'GEMGN-210274', ip: '192.168.0.109', os.name: 'Windows 10', os.arch: 'amd64', os.version: '10.0', java.version: '16.0.2'
Driver info: org.openqa.selenium.chrome.ChromeDriver
Command: [7b1d79f390bda7e6838b469cb517eff2, getAlertText {}]
Capabilities {acceptInsecureCerts: false, browserName: chrome, browserVersion: 108.0.5359.100, chrome: {chromedriverVersion: 108.0.5359.71 (1e0e3868ee06..., userDataDir: C:\Users\DIVYA~1.MAD\AppDat...}, goog:chromeOptions: {debuggerAddress: localhost:59340}, javascriptEnabled: true, networkConnectionEnabled: false, pageLoadStrategy: normal, platform: WINDOWS, platformName: WINDOWS, proxy: Proxy(), se:cdp: ws://localhost:59340/devtoo..., se:cdpVersion: 108.0.5359.100, setWindowRect: true, strictFileInteractability: false, timeouts: {implicit: 0, pageLoad: 300000, script: 30000}, unhandledPromptBehavior: dismiss and notify, webauthn:extension:credBlob: true, webauthn:extension:largeBlob: true, webauthn:virtualAuthenticators: true}
Session ID: 7b1d79f390bda7e6838b469cb517eff2
Build info: version: '4.1.4', revision: '535d840ee2'
System info: host: 'GEMGN-210274', ip: '192.168.0.109', os.name: 'Windows 10', os.arch: 'amd64', os.version: '10.0', java.version: '16.0.2'
Driver info: driver.version: unknown&#13;
com.gemini.mis.stepdefinitions.MISDashboardProfile.userVerifiesElement(MISDashboardProfile.java:39)&#13;
✽.User verifies element "Apply for Lunch"(file:///C:/MIS%20Training/mis-training/src/test/resources/features/MISDashboardProfile.feature:186)&#13;
</system-err></testcase></testsuite>