<?xml version="1.0" encoding="UTF-8" standalone="no"?><testsuite errors="0" failures="0" name="DashboardReferral" skipped="8" tests="8" time="0.08" timestamp="2022-12-16 10:21:07"><testcase name="Verify if dashboard page is loaded properly and JD window is visible"><skipped/></testcase><testcase name="Create referral red error field validation"><skipped/></testcase><testcase name="Validation of referral creation"><skipped/></testcase><testcase name="Validation of resume popup in my referral card"><skipped/></testcase><testcase name="Validation of wrong email popup"><skipped/></testcase><testcase name="Validation of wrong format upload pop"><skipped/></testcase><testcase name="Validation of FAQ pdf visibility"><skipped/></testcase><testcase name="Validation of manual pdf visibility"><skipped/></testcase></testsuite>