<?xml version="1.0" encoding="UTF-8" standalone="no"?><testsuite errors="0" failures="0" name="MIS Leave Management Activities &gt; Apply" skipped="0" tests="7" time="606.25" timestamp="2022-10-15 12:13:12"><testcase name="Navigate to Leave Management &gt; Out of Duty/Tour tab"/><testcase name="Verify From,Till,Type,Primary Contact Number and Reason for outing are mandatory fields"/><testcase name="Select From and Till Leave date from Calendar"/><testcase name="Select type for Out Duty"/><testcase name="Enter Reason for Out Duty"/><testcase name="Enter Primary Contact Number for Out Duty"/><testcase name="Enter Data and Click on Submit for Out of Duty tab"/></testsuite>