<?xml version="1.0" encoding="UTF-8"?><testsuite errors="1" failures="0" name="Login MIS Application Activities" skipped="0" tests="2" time="10.44" timestamp="2022-09-23 04:49:54"><testcase name="User verifies Login Page Elements Before Login"/><testcase name="User Login to the Application"><error message="Expected condition failed: waiting for visibility of element located by By.xpath: //a[text()='Change AD Password'] (tried for 5 second(s) with 50 milliseconds interval)&#10;Build info: version: '4.4.0', revision: 'e5c75ed026a'&#10;System info: host: 'GEMGN-210132', ip: '192.168.224.172', os.name: 'Windows 10', os.arch: 'amd64', os.version: '10.0', java.version: '1.8.0_342'&#10;Driver info: driver.version: unknown&#10;Build info: version: '4.4.0', revision: 'e5c75ed026a'&#10;System info: host: 'GEMGN-210132', ip: '192.168.224.172', os.name: 'Windows 10', os.arch: 'amd64', os.version: '10.0', java.version: '1.8.0_342'&#10;Driver info: driver.version: unknown" type="org.openqa.selenium.TimeoutException">Expected condition failed: waiting for visibility of element located by By.xpath: //a[text()='Change AD Password'] (tried for 5 second(s) with 50 milliseconds interval)
Build info: version: '4.4.0', revision: 'e5c75ed026a'
System info: host: 'GEMGN-210132', ip: '192.168.224.172', os.name: 'Windows 10', os.arch: 'amd64', os.version: '10.0', java.version: '1.8.0_342'
Driver info: driver.version: unknown
Build info: version: '4.4.0', revision: 'e5c75ed026a'
System info: host: 'GEMGN-210132', ip: '192.168.224.172', os.name: 'Windows 10', os.arch: 'amd64', os.version: '10.0', java.version: '1.8.0_342'
Driver info: driver.version: unknown</error><system-err>Expected condition failed: waiting for visibility of element located by By.xpath: //a[text()='Change AD Password'] (tried for 5 second(s) with 50 milliseconds interval)
Build info: version: '4.4.0', revision: 'e5c75ed026a'
System info: host: 'GEMGN-210132', ip: '192.168.224.172', os.name: 'Windows 10', os.arch: 'amd64', os.version: '10.0', java.version: '1.8.0_342'
Driver info: driver.version: unknown
Build info: version: '4.4.0', revision: 'e5c75ed026a'
System info: host: 'GEMGN-210132', ip: '192.168.224.172', os.name: 'Windows 10', os.arch: 'amd64', os.version: '10.0', java.version: '1.8.0_342'
Driver info: driver.version: unknown&#13;
com.gemini.mis.commonfunctions.CommonFunctions.WaitTillElementVisible(CommonFunctions.java:43)&#13;
com.gemini.mis.pages.LoginPage.WaitTillElementIsVisible(LoginPage.java:39)&#13;
com.gemini.mis.stepDefinitions.MISLogin.user_login_clicks_on_sign_in(MISLogin.java:47)&#13;
✽.User Login clicks on sign in(file:///C:/Users/ch.srivastava/IdeaProjects/MIScenarios/src/test/resources/features/MISLogin.feature:10)&#13;
</system-err></testcase></testsuite>