<?xml version="1.0" encoding="UTF-8" standalone="no"?><testsuite errors="5" failures="1" name="Reimbursement" skipped="0" tests="14" time="587.56" timestamp="2022-10-15 09:56:19"><testcase name="Reimbursement Add new request function"><error message="invalid argument: File not found : C:\Users\si.porwal\Downloads\LOGOFILE.png&#10;  (Session info: chrome=106.0.5249.119)&#10;Build info: version: '4.1.4', revision: '535d840ee2'&#10;System info: host: 'GEMPK-200035', ip: '172.20.10.2', os.name: 'Windows 10', os.arch: 'amd64', os.version: '10.0', java.version: '1.8.0_333'&#10;Driver info: org.openqa.selenium.chrome.ChromeDriver&#10;Command: [91335651114830dbde3a6f99a9bb9a38, sendKeysToElement {id=b2eef4e6-b8d2-4c3b-8cf3-f40f5c1df77e, value=[Ljava.lang.CharSequence;@5b5bd8c7}]&#10;Capabilities {acceptInsecureCerts: false, browserName: chrome, browserVersion: 106.0.5249.119, chrome: {chromedriverVersion: 106.0.5249.61 (511755355844..., userDataDir: C:\Users\JA76C5~1.MUL\AppDa...}, goog:chromeOptions: {debuggerAddress: localhost:55895}, javascriptEnabled: true, networkConnectionEnabled: false, pageLoadStrategy: normal, platform: WINDOWS, platformName: WINDOWS, proxy: Proxy(), se:cdp: ws://localhost:55895/devtoo..., se:cdpVersion: 106.0.5249.119, setWindowRect: true, strictFileInteractability: false, timeouts: {implicit: 0, pageLoad: 300000, script: 30000}, unhandledPromptBehavior: dismiss and notify, webauthn:extension:credBlob: true, webauthn:extension:largeBlob: true, webauthn:virtualAuthenticators: true}&#10;Element: [[ChromeDriver: chrome on WINDOWS (91335651114830dbde3a6f99a9bb9a38)] -&gt; xpath: //input[@id='file']]&#10;Session ID: 91335651114830dbde3a6f99a9bb9a38&#10;Build info: version: '4.1.4', revision: '535d840ee2'&#10;System info: host: 'GEMPK-200035', ip: '172.20.10.2', os.name: 'Windows 10', os.arch: 'amd64', os.version: '10.0', java.version: '1.8.0_333'&#10;Driver info: driver.version: unknown" type="org.openqa.selenium.InvalidArgumentException">invalid argument: File not found : C:\Users\si.porwal\Downloads\LOGOFILE.png
  (Session info: chrome=106.0.5249.119)
Build info: version: '4.1.4', revision: '535d840ee2'
System info: host: 'GEMPK-200035', ip: '172.20.10.2', os.name: 'Windows 10', os.arch: 'amd64', os.version: '10.0', java.version: '1.8.0_333'
Driver info: org.openqa.selenium.chrome.ChromeDriver
Command: [91335651114830dbde3a6f99a9bb9a38, sendKeysToElement {id=b2eef4e6-b8d2-4c3b-8cf3-f40f5c1df77e, value=[Ljava.lang.CharSequence;@5b5bd8c7}]
Capabilities {acceptInsecureCerts: false, browserName: chrome, browserVersion: 106.0.5249.119, chrome: {chromedriverVersion: 106.0.5249.61 (511755355844..., userDataDir: C:\Users\JA76C5~1.MUL\AppDa...}, goog:chromeOptions: {debuggerAddress: localhost:55895}, javascriptEnabled: true, networkConnectionEnabled: false, pageLoadStrategy: normal, platform: WINDOWS, platformName: WINDOWS, proxy: Proxy(), se:cdp: ws://localhost:55895/devtoo..., se:cdpVersion: 106.0.5249.119, setWindowRect: true, strictFileInteractability: false, timeouts: {implicit: 0, pageLoad: 300000, script: 30000}, unhandledPromptBehavior: dismiss and notify, webauthn:extension:credBlob: true, webauthn:extension:largeBlob: true, webauthn:virtualAuthenticators: true}
Element: [[ChromeDriver: chrome on WINDOWS (91335651114830dbde3a6f99a9bb9a38)] -&gt; xpath: //input[@id='file']]
Session ID: 91335651114830dbde3a6f99a9bb9a38
Build info: version: '4.1.4', revision: '535d840ee2'
System info: host: 'GEMPK-200035', ip: '172.20.10.2', os.name: 'Windows 10', os.arch: 'amd64', os.version: '10.0', java.version: '1.8.0_333'
Driver info: driver.version: unknown</error><system-err>invalid argument: File not found : C:\Users\si.porwal\Downloads\LOGOFILE.png
  (Session info: chrome=106.0.5249.119)
Build info: version: '4.1.4', revision: '535d840ee2'
System info: host: 'GEMPK-200035', ip: '172.20.10.2', os.name: 'Windows 10', os.arch: 'amd64', os.version: '10.0', java.version: '1.8.0_333'
Driver info: org.openqa.selenium.chrome.ChromeDriver
Command: [91335651114830dbde3a6f99a9bb9a38, sendKeysToElement {id=b2eef4e6-b8d2-4c3b-8cf3-f40f5c1df77e, value=[Ljava.lang.CharSequence;@5b5bd8c7}]
Capabilities {acceptInsecureCerts: false, browserName: chrome, browserVersion: 106.0.5249.119, chrome: {chromedriverVersion: 106.0.5249.61 (511755355844..., userDataDir: C:\Users\JA76C5~1.MUL\AppDa...}, goog:chromeOptions: {debuggerAddress: localhost:55895}, javascriptEnabled: true, networkConnectionEnabled: false, pageLoadStrategy: normal, platform: WINDOWS, platformName: WINDOWS, proxy: Proxy(), se:cdp: ws://localhost:55895/devtoo..., se:cdpVersion: 106.0.5249.119, setWindowRect: true, strictFileInteractability: false, timeouts: {implicit: 0, pageLoad: 300000, script: 30000}, unhandledPromptBehavior: dismiss and notify, webauthn:extension:credBlob: true, webauthn:extension:largeBlob: true, webauthn:virtualAuthenticators: true}
Element: [[ChromeDriver: chrome on WINDOWS (91335651114830dbde3a6f99a9bb9a38)] -&gt; xpath: //input[@id='file']]
Session ID: 91335651114830dbde3a6f99a9bb9a38
Build info: version: '4.1.4', revision: '535d840ee2'
System info: host: 'GEMPK-200035', ip: '172.20.10.2', os.name: 'Windows 10', os.arch: 'amd64', os.version: '10.0', java.version: '1.8.0_333'
Driver info: driver.version: unknown&#13;
com.gemini.mis.implementations.ReimbursementImplementation.browseAndUpload(ReimbursementImplementation.java:60)&#13;
com.gemini.mis.pages.ReimbursementPage.browseAndUpload(ReimbursementPage.java:26)&#13;
com.gemini.mis.stepdefinitions.ReimbursementStepDefinition.uploadAndValidateNewRequest(ReimbursementStepDefinition.java:28)&#13;
✽.Upload the file with "LOGOFILE", "C:\Users\si.porwal\Downloads\LOGOFILE.png" and validate "Gemini wire", "1", "04/20/2022","7500","7500" after filling the details(file:///C:/Users/ja.multani/Downloads/EJMisProject/mis-training-master/src/test/resources/features/Reimbursement.feature:14)&#13;
</system-err></testcase><testcase name="Reimbursement main page validations"/><testcase name="Verify if search box is working"/><testcase name="Verify if search box is working for no records found"/><testcase name="Verify we are able to check if warning pop up is visible"><error message="invalid argument: File not found : C:\Users\si.porwal\Downloads\MicrosoftTeams-image (55).png&#10;  (Session info: chrome=106.0.5249.119)&#10;Build info: version: '4.1.4', revision: '535d840ee2'&#10;System info: host: 'GEMPK-200035', ip: '172.20.10.2', os.name: 'Windows 10', os.arch: 'amd64', os.version: '10.0', java.version: '1.8.0_333'&#10;Driver info: org.openqa.selenium.chrome.ChromeDriver&#10;Command: [62a06ccc4ad19e05534c7ddc86e0ed16, sendKeysToElement {id=e3f71889-bc1c-4588-a681-650847c03788, value=[Ljava.lang.CharSequence;@7520abc9}]&#10;Capabilities {acceptInsecureCerts: false, browserName: chrome, browserVersion: 106.0.5249.119, chrome: {chromedriverVersion: 106.0.5249.61 (511755355844..., userDataDir: C:\Users\JA76C5~1.MUL\AppDa...}, goog:chromeOptions: {debuggerAddress: localhost:56041}, javascriptEnabled: true, networkConnectionEnabled: false, pageLoadStrategy: normal, platform: WINDOWS, platformName: WINDOWS, proxy: Proxy(), se:cdp: ws://localhost:56041/devtoo..., se:cdpVersion: 106.0.5249.119, setWindowRect: true, strictFileInteractability: false, timeouts: {implicit: 0, pageLoad: 300000, script: 30000}, unhandledPromptBehavior: dismiss and notify, webauthn:extension:credBlob: true, webauthn:extension:largeBlob: true, webauthn:virtualAuthenticators: true}&#10;Element: [[ChromeDriver: chrome on WINDOWS (62a06ccc4ad19e05534c7ddc86e0ed16)] -&gt; xpath: //input[@id='file']]&#10;Session ID: 62a06ccc4ad19e05534c7ddc86e0ed16&#10;Build info: version: '4.1.4', revision: '535d840ee2'&#10;System info: host: 'GEMPK-200035', ip: '172.20.10.2', os.name: 'Windows 10', os.arch: 'amd64', os.version: '10.0', java.version: '1.8.0_333'&#10;Driver info: driver.version: unknown" type="org.openqa.selenium.InvalidArgumentException">invalid argument: File not found : C:\Users\si.porwal\Downloads\MicrosoftTeams-image (55).png
  (Session info: chrome=106.0.5249.119)
Build info: version: '4.1.4', revision: '535d840ee2'
System info: host: 'GEMPK-200035', ip: '172.20.10.2', os.name: 'Windows 10', os.arch: 'amd64', os.version: '10.0', java.version: '1.8.0_333'
Driver info: org.openqa.selenium.chrome.ChromeDriver
Command: [62a06ccc4ad19e05534c7ddc86e0ed16, sendKeysToElement {id=e3f71889-bc1c-4588-a681-650847c03788, value=[Ljava.lang.CharSequence;@7520abc9}]
Capabilities {acceptInsecureCerts: false, browserName: chrome, browserVersion: 106.0.5249.119, chrome: {chromedriverVersion: 106.0.5249.61 (511755355844..., userDataDir: C:\Users\JA76C5~1.MUL\AppDa...}, goog:chromeOptions: {debuggerAddress: localhost:56041}, javascriptEnabled: true, networkConnectionEnabled: false, pageLoadStrategy: normal, platform: WINDOWS, platformName: WINDOWS, proxy: Proxy(), se:cdp: ws://localhost:56041/devtoo..., se:cdpVersion: 106.0.5249.119, setWindowRect: true, strictFileInteractability: false, timeouts: {implicit: 0, pageLoad: 300000, script: 30000}, unhandledPromptBehavior: dismiss and notify, webauthn:extension:credBlob: true, webauthn:extension:largeBlob: true, webauthn:virtualAuthenticators: true}
Element: [[ChromeDriver: chrome on WINDOWS (62a06ccc4ad19e05534c7ddc86e0ed16)] -&gt; xpath: //input[@id='file']]
Session ID: 62a06ccc4ad19e05534c7ddc86e0ed16
Build info: version: '4.1.4', revision: '535d840ee2'
System info: host: 'GEMPK-200035', ip: '172.20.10.2', os.name: 'Windows 10', os.arch: 'amd64', os.version: '10.0', java.version: '1.8.0_333'
Driver info: driver.version: unknown</error><system-err>invalid argument: File not found : C:\Users\si.porwal\Downloads\MicrosoftTeams-image (55).png
  (Session info: chrome=106.0.5249.119)
Build info: version: '4.1.4', revision: '535d840ee2'
System info: host: 'GEMPK-200035', ip: '172.20.10.2', os.name: 'Windows 10', os.arch: 'amd64', os.version: '10.0', java.version: '1.8.0_333'
Driver info: org.openqa.selenium.chrome.ChromeDriver
Command: [62a06ccc4ad19e05534c7ddc86e0ed16, sendKeysToElement {id=e3f71889-bc1c-4588-a681-650847c03788, value=[Ljava.lang.CharSequence;@7520abc9}]
Capabilities {acceptInsecureCerts: false, browserName: chrome, browserVersion: 106.0.5249.119, chrome: {chromedriverVersion: 106.0.5249.61 (511755355844..., userDataDir: C:\Users\JA76C5~1.MUL\AppDa...}, goog:chromeOptions: {debuggerAddress: localhost:56041}, javascriptEnabled: true, networkConnectionEnabled: false, pageLoadStrategy: normal, platform: WINDOWS, platformName: WINDOWS, proxy: Proxy(), se:cdp: ws://localhost:56041/devtoo..., se:cdpVersion: 106.0.5249.119, setWindowRect: true, strictFileInteractability: false, timeouts: {implicit: 0, pageLoad: 300000, script: 30000}, unhandledPromptBehavior: dismiss and notify, webauthn:extension:credBlob: true, webauthn:extension:largeBlob: true, webauthn:virtualAuthenticators: true}
Element: [[ChromeDriver: chrome on WINDOWS (62a06ccc4ad19e05534c7ddc86e0ed16)] -&gt; xpath: //input[@id='file']]
Session ID: 62a06ccc4ad19e05534c7ddc86e0ed16
Build info: version: '4.1.4', revision: '535d840ee2'
System info: host: 'GEMPK-200035', ip: '172.20.10.2', os.name: 'Windows 10', os.arch: 'amd64', os.version: '10.0', java.version: '1.8.0_333'
Driver info: driver.version: unknown&#13;
com.gemini.mis.implementations.ReimbursementImplementation.verifyWaringPopUp(ReimbursementImplementation.java:164)&#13;
com.gemini.mis.pages.ReimbursementPage.verifyWaringPopUp(ReimbursementPage.java:65)&#13;
com.gemini.mis.stepdefinitions.ReimbursementStepDefinition.verifyWarningAfterFileUploadOfIsVisible(ReimbursementStepDefinition.java:65)&#13;
✽.Verify warning after file upload of "C:\Users\si.porwal\Downloads\MicrosoftTeams-image (55).png", "Monthly", "September 2022" is visible(file:///C:/Users/ja.multani/Downloads/EJMisProject/mis-training-master/src/test/resources/features/Reimbursement.feature:57)&#13;
</system-err></testcase><testcase name="Verify warning for more than one reimbursement in a month"><error message="element click intercepted: Element &lt;span class=&quot;select2 select2-container select2-container--default&quot; dir=&quot;ltr&quot; style=&quot;width: 241px;&quot;&gt;...&lt;/span&gt; is not clickable at point (667, 214). Other element would receive the click: &lt;div class=&quot;blockUI blockOverlay&quot; style=&quot;z-index: 1050; border: none; margin: 0px; padding: 0px; width: 100%; height: 100%; top: 0px; left: 0px; background-color: rgb(0, 0, 0); opacity: 0.0479719; cursor: default; position: fixed;&quot;&gt;&lt;/div&gt;&#10;  (Session info: chrome=106.0.5249.119)&#10;Build info: version: '4.1.4', revision: '535d840ee2'&#10;System info: host: 'GEMPK-200035', ip: '172.20.10.2', os.name: 'Windows 10', os.arch: 'amd64', os.version: '10.0', java.version: '1.8.0_333'&#10;Driver info: org.openqa.selenium.chrome.ChromeDriver&#10;Command: [adb398e13c8880fa0e94f4d08a9bea56, clickElement {id=8a78d35d-589b-42f9-adc5-439d33126787}]&#10;Capabilities {acceptInsecureCerts: false, browserName: chrome, browserVersion: 106.0.5249.119, chrome: {chromedriverVersion: 106.0.5249.61 (511755355844..., userDataDir: C:\Users\JA76C5~1.MUL\AppDa...}, goog:chromeOptions: {debuggerAddress: localhost:56074}, javascriptEnabled: true, networkConnectionEnabled: false, pageLoadStrategy: normal, platform: WINDOWS, platformName: WINDOWS, proxy: Proxy(), se:cdp: ws://localhost:56074/devtoo..., se:cdpVersion: 106.0.5249.119, setWindowRect: true, strictFileInteractability: false, timeouts: {implicit: 0, pageLoad: 300000, script: 30000}, unhandledPromptBehavior: dismiss and notify, webauthn:extension:credBlob: true, webauthn:extension:largeBlob: true, webauthn:virtualAuthenticators: true}&#10;Element: [[ChromeDriver: chrome on WINDOWS (adb398e13c8880fa0e94f4d08a9bea56)] -&gt; xpath: (//*[contains(@class,'select2 ')])[4]]&#10;Session ID: adb398e13c8880fa0e94f4d08a9bea56&#10;Build info: version: '4.1.4', revision: '535d840ee2'&#10;System info: host: 'GEMPK-200035', ip: '172.20.10.2', os.name: 'Windows 10', os.arch: 'amd64', os.version: '10.0', java.version: '1.8.0_333'&#10;Driver info: driver.version: unknown" type="org.openqa.selenium.ElementClickInterceptedException">element click intercepted: Element &lt;span class="select2 select2-container select2-container--default" dir="ltr" style="width: 241px;"&gt;...&lt;/span&gt; is not clickable at point (667, 214). Other element would receive the click: &lt;div class="blockUI blockOverlay" style="z-index: 1050; border: none; margin: 0px; padding: 0px; width: 100%; height: 100%; top: 0px; left: 0px; background-color: rgb(0, 0, 0); opacity: 0.0479719; cursor: default; position: fixed;"&gt;&lt;/div&gt;
  (Session info: chrome=106.0.5249.119)
Build info: version: '4.1.4', revision: '535d840ee2'
System info: host: 'GEMPK-200035', ip: '172.20.10.2', os.name: 'Windows 10', os.arch: 'amd64', os.version: '10.0', java.version: '1.8.0_333'
Driver info: org.openqa.selenium.chrome.ChromeDriver
Command: [adb398e13c8880fa0e94f4d08a9bea56, clickElement {id=8a78d35d-589b-42f9-adc5-439d33126787}]
Capabilities {acceptInsecureCerts: false, browserName: chrome, browserVersion: 106.0.5249.119, chrome: {chromedriverVersion: 106.0.5249.61 (511755355844..., userDataDir: C:\Users\JA76C5~1.MUL\AppDa...}, goog:chromeOptions: {debuggerAddress: localhost:56074}, javascriptEnabled: true, networkConnectionEnabled: false, pageLoadStrategy: normal, platform: WINDOWS, platformName: WINDOWS, proxy: Proxy(), se:cdp: ws://localhost:56074/devtoo..., se:cdpVersion: 106.0.5249.119, setWindowRect: true, strictFileInteractability: false, timeouts: {implicit: 0, pageLoad: 300000, script: 30000}, unhandledPromptBehavior: dismiss and notify, webauthn:extension:credBlob: true, webauthn:extension:largeBlob: true, webauthn:virtualAuthenticators: true}
Element: [[ChromeDriver: chrome on WINDOWS (adb398e13c8880fa0e94f4d08a9bea56)] -&gt; xpath: (//*[contains(@class,'select2 ')])[4]]
Session ID: adb398e13c8880fa0e94f4d08a9bea56
Build info: version: '4.1.4', revision: '535d840ee2'
System info: host: 'GEMPK-200035', ip: '172.20.10.2', os.name: 'Windows 10', os.arch: 'amd64', os.version: '10.0', java.version: '1.8.0_333'
Driver info: driver.version: unknown</error><system-err>element click intercepted: Element &lt;span class="select2 select2-container select2-container--default" dir="ltr" style="width: 241px;"&gt;...&lt;/span&gt; is not clickable at point (667, 214). Other element would receive the click: &lt;div class="blockUI blockOverlay" style="z-index: 1050; border: none; margin: 0px; padding: 0px; width: 100%; height: 100%; top: 0px; left: 0px; background-color: rgb(0, 0, 0); opacity: 0.0479719; cursor: default; position: fixed;"&gt;&lt;/div&gt;
  (Session info: chrome=106.0.5249.119)
Build info: version: '4.1.4', revision: '535d840ee2'
System info: host: 'GEMPK-200035', ip: '172.20.10.2', os.name: 'Windows 10', os.arch: 'amd64', os.version: '10.0', java.version: '1.8.0_333'
Driver info: org.openqa.selenium.chrome.ChromeDriver
Command: [adb398e13c8880fa0e94f4d08a9bea56, clickElement {id=8a78d35d-589b-42f9-adc5-439d33126787}]
Capabilities {acceptInsecureCerts: false, browserName: chrome, browserVersion: 106.0.5249.119, chrome: {chromedriverVersion: 106.0.5249.61 (511755355844..., userDataDir: C:\Users\JA76C5~1.MUL\AppDa...}, goog:chromeOptions: {debuggerAddress: localhost:56074}, javascriptEnabled: true, networkConnectionEnabled: false, pageLoadStrategy: normal, platform: WINDOWS, platformName: WINDOWS, proxy: Proxy(), se:cdp: ws://localhost:56074/devtoo..., se:cdpVersion: 106.0.5249.119, setWindowRect: true, strictFileInteractability: false, timeouts: {implicit: 0, pageLoad: 300000, script: 30000}, unhandledPromptBehavior: dismiss and notify, webauthn:extension:credBlob: true, webauthn:extension:largeBlob: true, webauthn:virtualAuthenticators: true}
Element: [[ChromeDriver: chrome on WINDOWS (adb398e13c8880fa0e94f4d08a9bea56)] -&gt; xpath: (//*[contains(@class,'select2 ')])[4]]
Session ID: adb398e13c8880fa0e94f4d08a9bea56
Build info: version: '4.1.4', revision: '535d840ee2'
System info: host: 'GEMPK-200035', ip: '172.20.10.2', os.name: 'Windows 10', os.arch: 'amd64', os.version: '10.0', java.version: '1.8.0_333'
Driver info: driver.version: unknown&#13;
com.gemini.mis.implementations.ReimbursementImplementation.monthYearDropdown(ReimbursementImplementation.java:42)&#13;
com.gemini.mis.pages.ReimbursementPage.monthYearDropdown(ReimbursementPage.java:20)&#13;
com.gemini.mis.stepdefinitions.ReimbursementStepDefinition.warning(ReimbursementStepDefinition.java:72)&#13;
✽.verify Warning "New Request", "LOGOFILE", "C:\Users\si.porwal\Downloads\LOGOFILE.png", "Monthly", "September 2022" for more than one reimbursement in a month(file:///C:/Users/ja.multani/Downloads/EJMisProject/mis-training-master/src/test/resources/features/Reimbursement.feature:66)&#13;
</system-err></testcase><testcase name="Verify total amount is correct"/><testcase name="Validation Pdf export"/><testcase name="Validate if are able to navigate back to reimbursement main page"/><testcase name="Validation for action button visibility"/><testcase name="Validation for cancel button functionality"><failure message="Expected enabled element was not enabled&#10;Build info: version: '4.1.4', revision: '535d840ee2'&#10;System info: host: 'GEMPK-200035', ip: '172.20.10.2', os.name: 'Windows 10', os.arch: 'amd64', os.version: '10.0', java.version: '1.8.0_333'&#10;Driver info: driver.version: unknown" type="net.thucydides.core.webdriver.exceptions.ElementShouldBeEnabledException">Expected enabled element was not enabled
Build info: version: '4.1.4', revision: '535d840ee2'
System info: host: 'GEMPK-200035', ip: '172.20.10.2', os.name: 'Windows 10', os.arch: 'amd64', os.version: '10.0', java.version: '1.8.0_333'
Driver info: driver.version: unknown</failure><system-err>Expected enabled element was not enabled
Build info: version: '4.1.4', revision: '535d840ee2'
System info: host: 'GEMPK-200035', ip: '172.20.10.2', os.name: 'Windows 10', os.arch: 'amd64', os.version: '10.0', java.version: '1.8.0_333'
Driver info: driver.version: unknown&#13;
com.gemini.mis.implementations.ReimbursementImplementation.cancelButtonFunctionality(ReimbursementImplementation.java:312)&#13;
com.gemini.mis.pages.ReimbursementPage.cancelButtonFunctionality(ReimbursementPage.java:110)&#13;
com.gemini.mis.stepdefinitions.ReimbursementStepDefinition.cancelButtonFunctionality(ReimbursementStepDefinition.java:102)&#13;
✽.Validate cancel button for "2", "5" functionality(file:///C:/Users/ja.multani/Downloads/EJMisProject/mis-training-master/src/test/resources/features/Reimbursement.feature:115)&#13;
</system-err></testcase><testcase name="Reimbursement Add new request function save draft functionality"><error message="invalid argument: File not found : LOGOFILE&#10;  (Session info: chrome=106.0.5249.119)&#10;Build info: version: '4.1.4', revision: '535d840ee2'&#10;System info: host: 'GEMPK-200035', ip: '172.20.10.2', os.name: 'Windows 10', os.arch: 'amd64', os.version: '10.0', java.version: '1.8.0_333'&#10;Driver info: org.openqa.selenium.chrome.ChromeDriver&#10;Command: [db51d3490fca95858998f5dd92c90ef7, sendKeysToElement {id=c15fa86d-834e-4778-af74-bfd2e926ecaf, value=[Ljava.lang.CharSequence;@61c6b108}]&#10;Capabilities {acceptInsecureCerts: false, browserName: chrome, browserVersion: 106.0.5249.119, chrome: {chromedriverVersion: 106.0.5249.61 (511755355844..., userDataDir: C:\Users\JA76C5~1.MUL\AppDa...}, goog:chromeOptions: {debuggerAddress: localhost:56295}, javascriptEnabled: true, networkConnectionEnabled: false, pageLoadStrategy: normal, platform: WINDOWS, platformName: WINDOWS, proxy: Proxy(), se:cdp: ws://localhost:56295/devtoo..., se:cdpVersion: 106.0.5249.119, setWindowRect: true, strictFileInteractability: false, timeouts: {implicit: 0, pageLoad: 300000, script: 30000}, unhandledPromptBehavior: dismiss and notify, webauthn:extension:credBlob: true, webauthn:extension:largeBlob: true, webauthn:virtualAuthenticators: true}&#10;Element: [[ChromeDriver: chrome on WINDOWS (db51d3490fca95858998f5dd92c90ef7)] -&gt; xpath: //input[@id='file']]&#10;Session ID: db51d3490fca95858998f5dd92c90ef7&#10;Build info: version: '4.1.4', revision: '535d840ee2'&#10;System info: host: 'GEMPK-200035', ip: '172.20.10.2', os.name: 'Windows 10', os.arch: 'amd64', os.version: '10.0', java.version: '1.8.0_333'&#10;Driver info: driver.version: unknown" type="org.openqa.selenium.InvalidArgumentException">invalid argument: File not found : LOGOFILE
  (Session info: chrome=106.0.5249.119)
Build info: version: '4.1.4', revision: '535d840ee2'
System info: host: 'GEMPK-200035', ip: '172.20.10.2', os.name: 'Windows 10', os.arch: 'amd64', os.version: '10.0', java.version: '1.8.0_333'
Driver info: org.openqa.selenium.chrome.ChromeDriver
Command: [db51d3490fca95858998f5dd92c90ef7, sendKeysToElement {id=c15fa86d-834e-4778-af74-bfd2e926ecaf, value=[Ljava.lang.CharSequence;@61c6b108}]
Capabilities {acceptInsecureCerts: false, browserName: chrome, browserVersion: 106.0.5249.119, chrome: {chromedriverVersion: 106.0.5249.61 (511755355844..., userDataDir: C:\Users\JA76C5~1.MUL\AppDa...}, goog:chromeOptions: {debuggerAddress: localhost:56295}, javascriptEnabled: true, networkConnectionEnabled: false, pageLoadStrategy: normal, platform: WINDOWS, platformName: WINDOWS, proxy: Proxy(), se:cdp: ws://localhost:56295/devtoo..., se:cdpVersion: 106.0.5249.119, setWindowRect: true, strictFileInteractability: false, timeouts: {implicit: 0, pageLoad: 300000, script: 30000}, unhandledPromptBehavior: dismiss and notify, webauthn:extension:credBlob: true, webauthn:extension:largeBlob: true, webauthn:virtualAuthenticators: true}
Element: [[ChromeDriver: chrome on WINDOWS (db51d3490fca95858998f5dd92c90ef7)] -&gt; xpath: //input[@id='file']]
Session ID: db51d3490fca95858998f5dd92c90ef7
Build info: version: '4.1.4', revision: '535d840ee2'
System info: host: 'GEMPK-200035', ip: '172.20.10.2', os.name: 'Windows 10', os.arch: 'amd64', os.version: '10.0', java.version: '1.8.0_333'
Driver info: driver.version: unknown</error><system-err>invalid argument: File not found : LOGOFILE
  (Session info: chrome=106.0.5249.119)
Build info: version: '4.1.4', revision: '535d840ee2'
System info: host: 'GEMPK-200035', ip: '172.20.10.2', os.name: 'Windows 10', os.arch: 'amd64', os.version: '10.0', java.version: '1.8.0_333'
Driver info: org.openqa.selenium.chrome.ChromeDriver
Command: [db51d3490fca95858998f5dd92c90ef7, sendKeysToElement {id=c15fa86d-834e-4778-af74-bfd2e926ecaf, value=[Ljava.lang.CharSequence;@61c6b108}]
Capabilities {acceptInsecureCerts: false, browserName: chrome, browserVersion: 106.0.5249.119, chrome: {chromedriverVersion: 106.0.5249.61 (511755355844..., userDataDir: C:\Users\JA76C5~1.MUL\AppDa...}, goog:chromeOptions: {debuggerAddress: localhost:56295}, javascriptEnabled: true, networkConnectionEnabled: false, pageLoadStrategy: normal, platform: WINDOWS, platformName: WINDOWS, proxy: Proxy(), se:cdp: ws://localhost:56295/devtoo..., se:cdpVersion: 106.0.5249.119, setWindowRect: true, strictFileInteractability: false, timeouts: {implicit: 0, pageLoad: 300000, script: 30000}, unhandledPromptBehavior: dismiss and notify, webauthn:extension:credBlob: true, webauthn:extension:largeBlob: true, webauthn:virtualAuthenticators: true}
Element: [[ChromeDriver: chrome on WINDOWS (db51d3490fca95858998f5dd92c90ef7)] -&gt; xpath: //input[@id='file']]
Session ID: db51d3490fca95858998f5dd92c90ef7
Build info: version: '4.1.4', revision: '535d840ee2'
System info: host: 'GEMPK-200035', ip: '172.20.10.2', os.name: 'Windows 10', os.arch: 'amd64', os.version: '10.0', java.version: '1.8.0_333'
Driver info: driver.version: unknown&#13;
com.gemini.mis.implementations.ReimbursementImplementation.browseAndUpload(ReimbursementImplementation.java:60)&#13;
com.gemini.mis.pages.ReimbursementPage.browseAndUpload(ReimbursementPage.java:26)&#13;
com.gemini.mis.stepdefinitions.ReimbursementStepDefinition.clickDraftValidation(ReimbursementStepDefinition.java:113)&#13;
✽.Validate "Files", "3", "06/17/2022", "7500", "7500", "C:\Users\si.porwal\Downloads\LOGOFILE.png", "LOGOFILE" and click on save draft(file:///C:/Users/ja.multani/Downloads/EJMisProject/mis-training-master/src/test/resources/features/Reimbursement.feature:128)&#13;
</system-err></testcase><testcase name="Verify if Copy functionality is working properly"/><testcase name="Verify wrong extension warning pop up is visible"><error message="invalid argument: File not found : C:\Users\si.porwal\OneDrive - Gemini Solutions\Desktop\Final MIS CODE\MISAutomationFinal\src\test\resources\FileUpload\Free CFA Level 1 Mock Exam (300Hours).pdf&#10;  (Session info: chrome=106.0.5249.119)&#10;Build info: version: '4.1.4', revision: '535d840ee2'&#10;System info: host: 'GEMPK-200035', ip: '172.20.10.2', os.name: 'Windows 10', os.arch: 'amd64', os.version: '10.0', java.version: '1.8.0_333'&#10;Driver info: org.openqa.selenium.chrome.ChromeDriver&#10;Command: [0f42a2b1cd5266fe619d147621a15367, sendKeysToElement {id=1a584161-d1ce-4ba7-9148-05e0a7f964c0, value=[Ljava.lang.CharSequence;@10137de}]&#10;Capabilities {acceptInsecureCerts: false, browserName: chrome, browserVersion: 106.0.5249.119, chrome: {chromedriverVersion: 106.0.5249.61 (511755355844..., userDataDir: C:\Users\JA76C5~1.MUL\AppDa...}, goog:chromeOptions: {debuggerAddress: localhost:56405}, javascriptEnabled: true, networkConnectionEnabled: false, pageLoadStrategy: normal, platform: WINDOWS, platformName: WINDOWS, proxy: Proxy(), se:cdp: ws://localhost:56405/devtoo..., se:cdpVersion: 106.0.5249.119, setWindowRect: true, strictFileInteractability: false, timeouts: {implicit: 0, pageLoad: 300000, script: 30000}, unhandledPromptBehavior: dismiss and notify, webauthn:extension:credBlob: true, webauthn:extension:largeBlob: true, webauthn:virtualAuthenticators: true}&#10;Element: [[ChromeDriver: chrome on WINDOWS (0f42a2b1cd5266fe619d147621a15367)] -&gt; xpath: //input[@id='file']]&#10;Session ID: 0f42a2b1cd5266fe619d147621a15367&#10;Build info: version: '4.1.4', revision: '535d840ee2'&#10;System info: host: 'GEMPK-200035', ip: '172.20.10.2', os.name: 'Windows 10', os.arch: 'amd64', os.version: '10.0', java.version: '1.8.0_333'&#10;Driver info: driver.version: unknown" type="org.openqa.selenium.InvalidArgumentException">invalid argument: File not found : C:\Users\si.porwal\OneDrive - Gemini Solutions\Desktop\Final MIS CODE\MISAutomationFinal\src\test\resources\FileUpload\Free CFA Level 1 Mock Exam (300Hours).pdf
  (Session info: chrome=106.0.5249.119)
Build info: version: '4.1.4', revision: '535d840ee2'
System info: host: 'GEMPK-200035', ip: '172.20.10.2', os.name: 'Windows 10', os.arch: 'amd64', os.version: '10.0', java.version: '1.8.0_333'
Driver info: org.openqa.selenium.chrome.ChromeDriver
Command: [0f42a2b1cd5266fe619d147621a15367, sendKeysToElement {id=1a584161-d1ce-4ba7-9148-05e0a7f964c0, value=[Ljava.lang.CharSequence;@10137de}]
Capabilities {acceptInsecureCerts: false, browserName: chrome, browserVersion: 106.0.5249.119, chrome: {chromedriverVersion: 106.0.5249.61 (511755355844..., userDataDir: C:\Users\JA76C5~1.MUL\AppDa...}, goog:chromeOptions: {debuggerAddress: localhost:56405}, javascriptEnabled: true, networkConnectionEnabled: false, pageLoadStrategy: normal, platform: WINDOWS, platformName: WINDOWS, proxy: Proxy(), se:cdp: ws://localhost:56405/devtoo..., se:cdpVersion: 106.0.5249.119, setWindowRect: true, strictFileInteractability: false, timeouts: {implicit: 0, pageLoad: 300000, script: 30000}, unhandledPromptBehavior: dismiss and notify, webauthn:extension:credBlob: true, webauthn:extension:largeBlob: true, webauthn:virtualAuthenticators: true}
Element: [[ChromeDriver: chrome on WINDOWS (0f42a2b1cd5266fe619d147621a15367)] -&gt; xpath: //input[@id='file']]
Session ID: 0f42a2b1cd5266fe619d147621a15367
Build info: version: '4.1.4', revision: '535d840ee2'
System info: host: 'GEMPK-200035', ip: '172.20.10.2', os.name: 'Windows 10', os.arch: 'amd64', os.version: '10.0', java.version: '1.8.0_333'
Driver info: driver.version: unknown</error><system-err>invalid argument: File not found : C:\Users\si.porwal\OneDrive - Gemini Solutions\Desktop\Final MIS CODE\MISAutomationFinal\src\test\resources\FileUpload\Free CFA Level 1 Mock Exam (300Hours).pdf
  (Session info: chrome=106.0.5249.119)
Build info: version: '4.1.4', revision: '535d840ee2'
System info: host: 'GEMPK-200035', ip: '172.20.10.2', os.name: 'Windows 10', os.arch: 'amd64', os.version: '10.0', java.version: '1.8.0_333'
Driver info: org.openqa.selenium.chrome.ChromeDriver
Command: [0f42a2b1cd5266fe619d147621a15367, sendKeysToElement {id=1a584161-d1ce-4ba7-9148-05e0a7f964c0, value=[Ljava.lang.CharSequence;@10137de}]
Capabilities {acceptInsecureCerts: false, browserName: chrome, browserVersion: 106.0.5249.119, chrome: {chromedriverVersion: 106.0.5249.61 (511755355844..., userDataDir: C:\Users\JA76C5~1.MUL\AppDa...}, goog:chromeOptions: {debuggerAddress: localhost:56405}, javascriptEnabled: true, networkConnectionEnabled: false, pageLoadStrategy: normal, platform: WINDOWS, platformName: WINDOWS, proxy: Proxy(), se:cdp: ws://localhost:56405/devtoo..., se:cdpVersion: 106.0.5249.119, setWindowRect: true, strictFileInteractability: false, timeouts: {implicit: 0, pageLoad: 300000, script: 30000}, unhandledPromptBehavior: dismiss and notify, webauthn:extension:credBlob: true, webauthn:extension:largeBlob: true, webauthn:virtualAuthenticators: true}
Element: [[ChromeDriver: chrome on WINDOWS (0f42a2b1cd5266fe619d147621a15367)] -&gt; xpath: //input[@id='file']]
Session ID: 0f42a2b1cd5266fe619d147621a15367
Build info: version: '4.1.4', revision: '535d840ee2'
System info: host: 'GEMPK-200035', ip: '172.20.10.2', os.name: 'Windows 10', os.arch: 'amd64', os.version: '10.0', java.version: '1.8.0_333'
Driver info: driver.version: unknown&#13;
com.gemini.mis.implementations.ReimbursementImplementation.verifyInvalidExtension(ReimbursementImplementation.java:181)&#13;
com.gemini.mis.pages.ReimbursementPage.verifyInvalidExtension(ReimbursementPage.java:70)&#13;
com.gemini.mis.stepdefinitions.ReimbursementStepDefinition.verifyWrongExtensionWarning(ReimbursementStepDefinition.java:136)&#13;
✽.Verify wrong extension warning after file upload of "C:\Users\si.porwal\OneDrive - Gemini Solutions\Desktop\Final MIS CODE\MISAutomationFinal\src\test\resources\FileUpload\Free CFA Level 1 Mock Exam (300Hours).pdf", "Monthly", "September 2022" is visible(file:///C:/Users/ja.multani/Downloads/EJMisProject/mis-training-master/src/test/resources/features/Reimbursement.feature:156)&#13;
</system-err></testcase></testsuite>