<?xml version="1.0" encoding="UTF-8" standalone="no"?><testsuite errors="0" failures="0" name="Feedback" skipped="0" tests="10" time="397.5" timestamp="2022-10-15 08:50:43"><testcase name="Open Submit Feedback Page"/><testcase name="Submit a Feedback"/><testcase name="Submit a Blank Feedback"/><testcase name="Verify Page Navigation"/><testcase name="Valid Search a Feedback"/><testcase name="Invalid Search a Feedback"/><testcase name="Verify number of rows data"/><testcase name="Sort the Feedback column"/><testcase name="View a Feedback"/><testcase name="Export Data"/></testsuite>