<?xml version="1.0" encoding="UTF-8" standalone="no"?><testsuite errors="0" failures="0" name="MIS Leave Management &gt; View Request Status" skipped="14" tests="14" time="283.09" timestamp="2022-12-26 09:25:49"><testcase name="Navigate to Leave Management &gt; View Request Status tab &gt; Work From Home"><skipped/></testcase><testcase name="Verify Date Range field is present for WFH Tab"><skipped/></testcase><testcase name="Enter Invalid Date Range for WFH Tab"><skipped/></testcase><testcase name="Enter Valid Date Range for WFH Tab"><skipped/></testcase><testcase name="Click on Export Options Option for WFH Tab"><skipped/></testcase><testcase name="Click on Print Option for WFH Tab"><skipped/></testcase><testcase name="Click on Copy Option for WFH Tab"><skipped/></testcase><testcase name="Click on Excel Option for WFH Tab"><skipped/></testcase><testcase name="Verify PDF option for WFH Tab"><skipped/></testcase><testcase name="Verify Number of Entries displayed for WFH Tab"><skipped/></testcase><testcase name="Enter WFH Period Name in Search Box for WFH Tab"><skipped/></testcase><testcase name="Sort columns for WFH Tab"><skipped/></testcase><testcase name="Page Next for WFH Tab"><skipped/></testcase><testcase name="Page Previous for WFH Tab"><skipped/></testcase></testsuite>