<?xml version="1.0" encoding="UTF-8" standalone="no"?><testsuite errors="0" failures="0" name="MIS Leave Management Activities &gt; Apply" skipped="0" tests="6" time="171.48" timestamp="2022-12-29 04:31:35"><testcase name="Navigate to Leave Management &gt; WFH tab"/><testcase name="Verify field is Auto Populated by default in WFH tab"/><testcase name="Verify WFH Date and WFH Reason are mandatory fields"/><testcase name="Select Date from WFH Date dropdown"/><testcase name="Enter reason for WFH"/><testcase name="Enter required data and click on Submit WFH"/></testsuite>