<?xml version="1.0" encoding="UTF-8" standalone="no"?><testsuite errors="0" failures="0" name="Perform actions on Organization Structure of MIS website" skipped="5" tests="5" time="0.03" timestamp="2022-12-16 10:21:10"><testcase name="Search an employee and get their designation"><skipped/></testcase><testcase name="Count total number of seniors visible by default"><skipped/></testcase><testcase name="Expand and compress a senior with max reportees"><skipped/></testcase><testcase name="Zoom on a card by double clicking it"><skipped/></testcase><testcase name="Zoom in and Zoom out the organisation structure"><skipped/></testcase></testsuite>