<?xml version="1.0" encoding="UTF-8" standalone="no"?><testsuite errors="4" failures="0" name="MIS Forms- View Forms scenarios" skipped="0" tests="16" time="546.65" timestamp="2022-10-15 09:26:48"><testcase name="Open View Forms Page"/><testcase name="Check presence of Previous and Next Btn"/><testcase name="User selects a department"/><testcase name="User select number of entries"/><testcase name="User enters valid value in search field"/><testcase name="User enters invalid value in search field"/><testcase name="User clicks on eye button to view policy"/><testcase name="User downloads document"><error type="java.lang.NullPointerException"/><system-err>null&#13;
com.gemini.mis.commonfunctions.CommonFunctions.isFileDownloaded(CommonFunctions.java:151)&#13;
com.gemini.mis.pages.FormsPage.isFileDownloaded(FormsPage.java:34)&#13;
com.gemini.mis.stepdefinitions.MISForms.userDownloadsFileAndDeletes(MISForms.java:74)&#13;
✽.User downloads file and deletes "Loyalty Redemption Form"(file:///C:/Users/ja.multani/Downloads/EJMisProject/mis-training-master/src/test/resources/features/MISForms.feature:85)&#13;
</system-err></testcase><testcase name="User opens My Forms page"/><testcase name="User uploads Incorrect File"><error message="invalid argument: File not found : C:\Users\ch.srivastava\OneDrive - Gemini Solutions\Desktop\client-Logo.png&#10;  (Session info: chrome=106.0.5249.119)&#10;Build info: version: '4.1.4', revision: '535d840ee2'&#10;System info: host: 'GEMPK-200035', ip: '172.20.10.2', os.name: 'Windows 10', os.arch: 'amd64', os.version: '10.0', java.version: '1.8.0_333'&#10;Driver info: org.openqa.selenium.chrome.ChromeDriver&#10;Command: [316f48b67f786ec38d37e95b09fa2736, sendKeysToElement {id=231d8db9-d7a0-4365-ae81-909f3c1dc479, value=[Ljava.lang.CharSequence;@13fbd78e}]&#10;Capabilities {acceptInsecureCerts: false, browserName: chrome, browserVersion: 106.0.5249.119, chrome: {chromedriverVersion: 106.0.5249.61 (511755355844..., userDataDir: C:\Users\JA76C5~1.MUL\AppDa...}, goog:chromeOptions: {debuggerAddress: localhost:54075}, javascriptEnabled: true, networkConnectionEnabled: false, pageLoadStrategy: normal, platform: WINDOWS, platformName: WINDOWS, proxy: Proxy(), se:cdp: ws://localhost:54075/devtoo..., se:cdpVersion: 106.0.5249.119, setWindowRect: true, strictFileInteractability: false, timeouts: {implicit: 0, pageLoad: 300000, script: 30000}, unhandledPromptBehavior: dismiss and notify, webauthn:extension:credBlob: true, webauthn:extension:largeBlob: true, webauthn:virtualAuthenticators: true}&#10;Element: [[ChromeDriver: chrome on WINDOWS (316f48b67f786ec38d37e95b09fa2736)] -&gt; xpath: //input[@type='file']]&#10;Session ID: 316f48b67f786ec38d37e95b09fa2736&#10;Build info: version: '4.1.4', revision: '535d840ee2'&#10;System info: host: 'GEMPK-200035', ip: '172.20.10.2', os.name: 'Windows 10', os.arch: 'amd64', os.version: '10.0', java.version: '1.8.0_333'&#10;Driver info: driver.version: unknown" type="org.openqa.selenium.InvalidArgumentException">invalid argument: File not found : C:\Users\ch.srivastava\OneDrive - Gemini Solutions\Desktop\client-Logo.png
  (Session info: chrome=106.0.5249.119)
Build info: version: '4.1.4', revision: '535d840ee2'
System info: host: 'GEMPK-200035', ip: '172.20.10.2', os.name: 'Windows 10', os.arch: 'amd64', os.version: '10.0', java.version: '1.8.0_333'
Driver info: org.openqa.selenium.chrome.ChromeDriver
Command: [316f48b67f786ec38d37e95b09fa2736, sendKeysToElement {id=231d8db9-d7a0-4365-ae81-909f3c1dc479, value=[Ljava.lang.CharSequence;@13fbd78e}]
Capabilities {acceptInsecureCerts: false, browserName: chrome, browserVersion: 106.0.5249.119, chrome: {chromedriverVersion: 106.0.5249.61 (511755355844..., userDataDir: C:\Users\JA76C5~1.MUL\AppDa...}, goog:chromeOptions: {debuggerAddress: localhost:54075}, javascriptEnabled: true, networkConnectionEnabled: false, pageLoadStrategy: normal, platform: WINDOWS, platformName: WINDOWS, proxy: Proxy(), se:cdp: ws://localhost:54075/devtoo..., se:cdpVersion: 106.0.5249.119, setWindowRect: true, strictFileInteractability: false, timeouts: {implicit: 0, pageLoad: 300000, script: 30000}, unhandledPromptBehavior: dismiss and notify, webauthn:extension:credBlob: true, webauthn:extension:largeBlob: true, webauthn:virtualAuthenticators: true}
Element: [[ChromeDriver: chrome on WINDOWS (316f48b67f786ec38d37e95b09fa2736)] -&gt; xpath: //input[@type='file']]
Session ID: 316f48b67f786ec38d37e95b09fa2736
Build info: version: '4.1.4', revision: '535d840ee2'
System info: host: 'GEMPK-200035', ip: '172.20.10.2', os.name: 'Windows 10', os.arch: 'amd64', os.version: '10.0', java.version: '1.8.0_333'
Driver info: driver.version: unknown</error><system-err>invalid argument: File not found : C:\Users\ch.srivastava\OneDrive - Gemini Solutions\Desktop\client-Logo.png
  (Session info: chrome=106.0.5249.119)
Build info: version: '4.1.4', revision: '535d840ee2'
System info: host: 'GEMPK-200035', ip: '172.20.10.2', os.name: 'Windows 10', os.arch: 'amd64', os.version: '10.0', java.version: '1.8.0_333'
Driver info: org.openqa.selenium.chrome.ChromeDriver
Command: [316f48b67f786ec38d37e95b09fa2736, sendKeysToElement {id=231d8db9-d7a0-4365-ae81-909f3c1dc479, value=[Ljava.lang.CharSequence;@13fbd78e}]
Capabilities {acceptInsecureCerts: false, browserName: chrome, browserVersion: 106.0.5249.119, chrome: {chromedriverVersion: 106.0.5249.61 (511755355844..., userDataDir: C:\Users\JA76C5~1.MUL\AppDa...}, goog:chromeOptions: {debuggerAddress: localhost:54075}, javascriptEnabled: true, networkConnectionEnabled: false, pageLoadStrategy: normal, platform: WINDOWS, platformName: WINDOWS, proxy: Proxy(), se:cdp: ws://localhost:54075/devtoo..., se:cdpVersion: 106.0.5249.119, setWindowRect: true, strictFileInteractability: false, timeouts: {implicit: 0, pageLoad: 300000, script: 30000}, unhandledPromptBehavior: dismiss and notify, webauthn:extension:credBlob: true, webauthn:extension:largeBlob: true, webauthn:virtualAuthenticators: true}
Element: [[ChromeDriver: chrome on WINDOWS (316f48b67f786ec38d37e95b09fa2736)] -&gt; xpath: //input[@type='file']]
Session ID: 316f48b67f786ec38d37e95b09fa2736
Build info: version: '4.1.4', revision: '535d840ee2'
System info: host: 'GEMPK-200035', ip: '172.20.10.2', os.name: 'Windows 10', os.arch: 'amd64', os.version: '10.0', java.version: '1.8.0_333'
Driver info: driver.version: unknown&#13;
com.gemini.mis.implementations.FormPageImplementations.upload(FormPageImplementations.java:69)&#13;
com.gemini.mis.pages.FormsPage.uploadFile(FormsPage.java:40)&#13;
com.gemini.mis.stepdefinitions.MISForms.andUserUploadsFile(MISForms.java:89)&#13;
✽.And User uploads  file "C:\Users\ch.srivastava\OneDrive - Gemini Solutions\Desktop\client-Logo.png"(file:///C:/Users/ja.multani/Downloads/EJMisProject/mis-training-master/src/test/resources/features/MISForms.feature:112)&#13;
</system-err></testcase><testcase name="User Uploads correct File"><error message="invalid argument: File not found : C:\Users\ch.srivastava\Downloads\MIS_Scenarios.xlsx&#10;  (Session info: chrome=106.0.5249.119)&#10;Build info: version: '4.1.4', revision: '535d840ee2'&#10;System info: host: 'GEMPK-200035', ip: '172.20.10.2', os.name: 'Windows 10', os.arch: 'amd64', os.version: '10.0', java.version: '1.8.0_333'&#10;Driver info: org.openqa.selenium.chrome.ChromeDriver&#10;Command: [24485058fcb075ae61d46a12def3f95b, sendKeysToElement {id=b638b42e-7635-40af-b1d8-99ca34f7bb0a, value=[Ljava.lang.CharSequence;@63cc7d8f}]&#10;Capabilities {acceptInsecureCerts: false, browserName: chrome, browserVersion: 106.0.5249.119, chrome: {chromedriverVersion: 106.0.5249.61 (511755355844..., userDataDir: C:\Users\JA76C5~1.MUL\AppDa...}, goog:chromeOptions: {debuggerAddress: localhost:54112}, javascriptEnabled: true, networkConnectionEnabled: false, pageLoadStrategy: normal, platform: WINDOWS, platformName: WINDOWS, proxy: Proxy(), se:cdp: ws://localhost:54112/devtoo..., se:cdpVersion: 106.0.5249.119, setWindowRect: true, strictFileInteractability: false, timeouts: {implicit: 0, pageLoad: 300000, script: 30000}, unhandledPromptBehavior: dismiss and notify, webauthn:extension:credBlob: true, webauthn:extension:largeBlob: true, webauthn:virtualAuthenticators: true}&#10;Element: [[ChromeDriver: chrome on WINDOWS (24485058fcb075ae61d46a12def3f95b)] -&gt; xpath: //input[@type='file']]&#10;Session ID: 24485058fcb075ae61d46a12def3f95b&#10;Build info: version: '4.1.4', revision: '535d840ee2'&#10;System info: host: 'GEMPK-200035', ip: '172.20.10.2', os.name: 'Windows 10', os.arch: 'amd64', os.version: '10.0', java.version: '1.8.0_333'&#10;Driver info: driver.version: unknown" type="org.openqa.selenium.InvalidArgumentException">invalid argument: File not found : C:\Users\ch.srivastava\Downloads\MIS_Scenarios.xlsx
  (Session info: chrome=106.0.5249.119)
Build info: version: '4.1.4', revision: '535d840ee2'
System info: host: 'GEMPK-200035', ip: '172.20.10.2', os.name: 'Windows 10', os.arch: 'amd64', os.version: '10.0', java.version: '1.8.0_333'
Driver info: org.openqa.selenium.chrome.ChromeDriver
Command: [24485058fcb075ae61d46a12def3f95b, sendKeysToElement {id=b638b42e-7635-40af-b1d8-99ca34f7bb0a, value=[Ljava.lang.CharSequence;@63cc7d8f}]
Capabilities {acceptInsecureCerts: false, browserName: chrome, browserVersion: 106.0.5249.119, chrome: {chromedriverVersion: 106.0.5249.61 (511755355844..., userDataDir: C:\Users\JA76C5~1.MUL\AppDa...}, goog:chromeOptions: {debuggerAddress: localhost:54112}, javascriptEnabled: true, networkConnectionEnabled: false, pageLoadStrategy: normal, platform: WINDOWS, platformName: WINDOWS, proxy: Proxy(), se:cdp: ws://localhost:54112/devtoo..., se:cdpVersion: 106.0.5249.119, setWindowRect: true, strictFileInteractability: false, timeouts: {implicit: 0, pageLoad: 300000, script: 30000}, unhandledPromptBehavior: dismiss and notify, webauthn:extension:credBlob: true, webauthn:extension:largeBlob: true, webauthn:virtualAuthenticators: true}
Element: [[ChromeDriver: chrome on WINDOWS (24485058fcb075ae61d46a12def3f95b)] -&gt; xpath: //input[@type='file']]
Session ID: 24485058fcb075ae61d46a12def3f95b
Build info: version: '4.1.4', revision: '535d840ee2'
System info: host: 'GEMPK-200035', ip: '172.20.10.2', os.name: 'Windows 10', os.arch: 'amd64', os.version: '10.0', java.version: '1.8.0_333'
Driver info: driver.version: unknown</error><system-err>invalid argument: File not found : C:\Users\ch.srivastava\Downloads\MIS_Scenarios.xlsx
  (Session info: chrome=106.0.5249.119)
Build info: version: '4.1.4', revision: '535d840ee2'
System info: host: 'GEMPK-200035', ip: '172.20.10.2', os.name: 'Windows 10', os.arch: 'amd64', os.version: '10.0', java.version: '1.8.0_333'
Driver info: org.openqa.selenium.chrome.ChromeDriver
Command: [24485058fcb075ae61d46a12def3f95b, sendKeysToElement {id=b638b42e-7635-40af-b1d8-99ca34f7bb0a, value=[Ljava.lang.CharSequence;@63cc7d8f}]
Capabilities {acceptInsecureCerts: false, browserName: chrome, browserVersion: 106.0.5249.119, chrome: {chromedriverVersion: 106.0.5249.61 (511755355844..., userDataDir: C:\Users\JA76C5~1.MUL\AppDa...}, goog:chromeOptions: {debuggerAddress: localhost:54112}, javascriptEnabled: true, networkConnectionEnabled: false, pageLoadStrategy: normal, platform: WINDOWS, platformName: WINDOWS, proxy: Proxy(), se:cdp: ws://localhost:54112/devtoo..., se:cdpVersion: 106.0.5249.119, setWindowRect: true, strictFileInteractability: false, timeouts: {implicit: 0, pageLoad: 300000, script: 30000}, unhandledPromptBehavior: dismiss and notify, webauthn:extension:credBlob: true, webauthn:extension:largeBlob: true, webauthn:virtualAuthenticators: true}
Element: [[ChromeDriver: chrome on WINDOWS (24485058fcb075ae61d46a12def3f95b)] -&gt; xpath: //input[@type='file']]
Session ID: 24485058fcb075ae61d46a12def3f95b
Build info: version: '4.1.4', revision: '535d840ee2'
System info: host: 'GEMPK-200035', ip: '172.20.10.2', os.name: 'Windows 10', os.arch: 'amd64', os.version: '10.0', java.version: '1.8.0_333'
Driver info: driver.version: unknown&#13;
com.gemini.mis.implementations.FormPageImplementations.upload(FormPageImplementations.java:69)&#13;
com.gemini.mis.pages.FormsPage.uploadFile(FormsPage.java:40)&#13;
com.gemini.mis.stepdefinitions.MISForms.andUserUploadsFile(MISForms.java:89)&#13;
✽.And User uploads  file "C:\Users\ch.srivastava\Downloads\MIS_Scenarios.xlsx"(file:///C:/Users/ja.multani/Downloads/EJMisProject/mis-training-master/src/test/resources/features/MISForms.feature:126)&#13;
</system-err></testcase><testcase name="User uploads file and selects number of entries"><error message="invalid argument: File not found : C:\Users\ch.srivastava\Downloads\MIS_Scenarios.xlsx&#10;  (Session info: chrome=106.0.5249.119)&#10;Build info: version: '4.1.4', revision: '535d840ee2'&#10;System info: host: 'GEMPK-200035', ip: '172.20.10.2', os.name: 'Windows 10', os.arch: 'amd64', os.version: '10.0', java.version: '1.8.0_333'&#10;Driver info: org.openqa.selenium.chrome.ChromeDriver&#10;Command: [86c6ec71e79e9f310c0b1832dc1ea521, sendKeysToElement {id=a4760c63-4c24-4f56-88d2-8494daf5c735, value=[Ljava.lang.CharSequence;@67b4d5f4}]&#10;Capabilities {acceptInsecureCerts: false, browserName: chrome, browserVersion: 106.0.5249.119, chrome: {chromedriverVersion: 106.0.5249.61 (511755355844..., userDataDir: C:\Users\JA76C5~1.MUL\AppDa...}, goog:chromeOptions: {debuggerAddress: localhost:54150}, javascriptEnabled: true, networkConnectionEnabled: false, pageLoadStrategy: normal, platform: WINDOWS, platformName: WINDOWS, proxy: Proxy(), se:cdp: ws://localhost:54150/devtoo..., se:cdpVersion: 106.0.5249.119, setWindowRect: true, strictFileInteractability: false, timeouts: {implicit: 0, pageLoad: 300000, script: 30000}, unhandledPromptBehavior: dismiss and notify, webauthn:extension:credBlob: true, webauthn:extension:largeBlob: true, webauthn:virtualAuthenticators: true}&#10;Element: [[ChromeDriver: chrome on WINDOWS (86c6ec71e79e9f310c0b1832dc1ea521)] -&gt; xpath: //input[@type='file']]&#10;Session ID: 86c6ec71e79e9f310c0b1832dc1ea521&#10;Build info: version: '4.1.4', revision: '535d840ee2'&#10;System info: host: 'GEMPK-200035', ip: '172.20.10.2', os.name: 'Windows 10', os.arch: 'amd64', os.version: '10.0', java.version: '1.8.0_333'&#10;Driver info: driver.version: unknown" type="org.openqa.selenium.InvalidArgumentException">invalid argument: File not found : C:\Users\ch.srivastava\Downloads\MIS_Scenarios.xlsx
  (Session info: chrome=106.0.5249.119)
Build info: version: '4.1.4', revision: '535d840ee2'
System info: host: 'GEMPK-200035', ip: '172.20.10.2', os.name: 'Windows 10', os.arch: 'amd64', os.version: '10.0', java.version: '1.8.0_333'
Driver info: org.openqa.selenium.chrome.ChromeDriver
Command: [86c6ec71e79e9f310c0b1832dc1ea521, sendKeysToElement {id=a4760c63-4c24-4f56-88d2-8494daf5c735, value=[Ljava.lang.CharSequence;@67b4d5f4}]
Capabilities {acceptInsecureCerts: false, browserName: chrome, browserVersion: 106.0.5249.119, chrome: {chromedriverVersion: 106.0.5249.61 (511755355844..., userDataDir: C:\Users\JA76C5~1.MUL\AppDa...}, goog:chromeOptions: {debuggerAddress: localhost:54150}, javascriptEnabled: true, networkConnectionEnabled: false, pageLoadStrategy: normal, platform: WINDOWS, platformName: WINDOWS, proxy: Proxy(), se:cdp: ws://localhost:54150/devtoo..., se:cdpVersion: 106.0.5249.119, setWindowRect: true, strictFileInteractability: false, timeouts: {implicit: 0, pageLoad: 300000, script: 30000}, unhandledPromptBehavior: dismiss and notify, webauthn:extension:credBlob: true, webauthn:extension:largeBlob: true, webauthn:virtualAuthenticators: true}
Element: [[ChromeDriver: chrome on WINDOWS (86c6ec71e79e9f310c0b1832dc1ea521)] -&gt; xpath: //input[@type='file']]
Session ID: 86c6ec71e79e9f310c0b1832dc1ea521
Build info: version: '4.1.4', revision: '535d840ee2'
System info: host: 'GEMPK-200035', ip: '172.20.10.2', os.name: 'Windows 10', os.arch: 'amd64', os.version: '10.0', java.version: '1.8.0_333'
Driver info: driver.version: unknown</error><system-err>invalid argument: File not found : C:\Users\ch.srivastava\Downloads\MIS_Scenarios.xlsx
  (Session info: chrome=106.0.5249.119)
Build info: version: '4.1.4', revision: '535d840ee2'
System info: host: 'GEMPK-200035', ip: '172.20.10.2', os.name: 'Windows 10', os.arch: 'amd64', os.version: '10.0', java.version: '1.8.0_333'
Driver info: org.openqa.selenium.chrome.ChromeDriver
Command: [86c6ec71e79e9f310c0b1832dc1ea521, sendKeysToElement {id=a4760c63-4c24-4f56-88d2-8494daf5c735, value=[Ljava.lang.CharSequence;@67b4d5f4}]
Capabilities {acceptInsecureCerts: false, browserName: chrome, browserVersion: 106.0.5249.119, chrome: {chromedriverVersion: 106.0.5249.61 (511755355844..., userDataDir: C:\Users\JA76C5~1.MUL\AppDa...}, goog:chromeOptions: {debuggerAddress: localhost:54150}, javascriptEnabled: true, networkConnectionEnabled: false, pageLoadStrategy: normal, platform: WINDOWS, platformName: WINDOWS, proxy: Proxy(), se:cdp: ws://localhost:54150/devtoo..., se:cdpVersion: 106.0.5249.119, setWindowRect: true, strictFileInteractability: false, timeouts: {implicit: 0, pageLoad: 300000, script: 30000}, unhandledPromptBehavior: dismiss and notify, webauthn:extension:credBlob: true, webauthn:extension:largeBlob: true, webauthn:virtualAuthenticators: true}
Element: [[ChromeDriver: chrome on WINDOWS (86c6ec71e79e9f310c0b1832dc1ea521)] -&gt; xpath: //input[@type='file']]
Session ID: 86c6ec71e79e9f310c0b1832dc1ea521
Build info: version: '4.1.4', revision: '535d840ee2'
System info: host: 'GEMPK-200035', ip: '172.20.10.2', os.name: 'Windows 10', os.arch: 'amd64', os.version: '10.0', java.version: '1.8.0_333'
Driver info: driver.version: unknown&#13;
com.gemini.mis.implementations.FormPageImplementations.upload(FormPageImplementations.java:69)&#13;
com.gemini.mis.pages.FormsPage.uploadFile(FormsPage.java:40)&#13;
com.gemini.mis.stepdefinitions.MISForms.andUserUploadsFile(MISForms.java:89)&#13;
✽.And User uploads  file "C:\Users\ch.srivastava\Downloads\MIS_Scenarios.xlsx"(file:///C:/Users/ja.multani/Downloads/EJMisProject/mis-training-master/src/test/resources/features/MISForms.feature:140)&#13;
</system-err></testcase><testcase name="User enters valid value in My forms search field"/><testcase name="User enters an invalid value in My Forms search field"/><testcase name="User hover over and clicks on deactivate Button"/><testcase name="User downloads from My Forms page"/></testsuite>